<?xml version="1.0" encoding="UTF-8"?>
<!-- Generated by org.testng.reporters.JUnitReportReporter -->
<testsuite hostname="KI-54" failures="0" tests="576" name="pagesTestCasesYasasiiWeb.KIMS_OPInvoiceTask_TestcaseYW" time="3979.982" errors="21" timestamp="2024-01-26T15:16:42 IST" skipped="531">
  <testcase classname="pagesTestCasesYasasiiWeb.KIMS_OPInvoiceTask_TestcaseYW" name="Reg" time="0.001">
    <skipped/>
  </testcase> <!-- Reg -->
  <system-out/>
  <testcase classname="pagesTestCasesYasasiiWeb.KIMS_OPInvoiceTask_TestcaseYW" name="Reg" time="0.000">
    <skipped/>
  </testcase> <!-- Reg -->
  <system-out/>
  <testcase classname="pagesTestCasesYasasiiWeb.KIMS_OPInvoiceTask_TestcaseYW" name="Reg" time="0.001">
    <skipped/>
  </testcase> <!-- Reg -->
  <system-out/>
  <testcase classname="pagesTestCasesYasasiiWeb.KIMS_OPInvoiceTask_TestcaseYW" name="Reg" time="0.001">
    <skipped/>
  </testcase> <!-- Reg -->
  <system-out/>
  <testcase classname="pagesTestCasesYasasiiWeb.KIMS_OPInvoiceTask_TestcaseYW" name="Reg" time="0.117">
    <skipped/>
  </testcase> <!-- Reg -->
  <system-out/>
  <testcase classname="pagesTestCasesYasasiiWeb.KIMS_OPInvoiceTask_TestcaseYW" name="Reg" time="0.002">
    <skipped/>
  </testcase> <!-- Reg -->
  <system-out/>
  <testcase classname="pagesTestCasesYasasiiWeb.KIMS_OPInvoiceTask_TestcaseYW" name="Reg" time="0.151">
    <skipped/>
  </testcase> <!-- Reg -->
  <system-out/>
  <testcase classname="pagesTestCasesYasasiiWeb.KIMS_OPInvoiceTask_TestcaseYW" name="Reg" time="0.003">
    <skipped/>
  </testcase> <!-- Reg -->
  <system-out/>
  <testcase classname="pagesTestCasesYasasiiWeb.KIMS_OPInvoiceTask_TestcaseYW" name="Reg" time="0.002">
    <skipped/>
  </testcase> <!-- Reg -->
  <system-out/>
  <testcase classname="pagesTestCasesYasasiiWeb.KIMS_OPInvoiceTask_TestcaseYW" name="Reg" time="0.001">
    <skipped/>
  </testcase> <!-- Reg -->
  <system-out/>
  <testcase classname="pagesTestCasesYasasiiWeb.KIMS_OPInvoiceTask_TestcaseYW" name="Reg" time="0.003">
    <skipped/>
  </testcase> <!-- Reg -->
  <system-out/>
  <testcase classname="pagesTestCasesYasasiiWeb.KIMS_OPInvoiceTask_TestcaseYW" name="Reg" time="0.001">
    <skipped/>
  </testcase> <!-- Reg -->
  <system-out/>
  <testcase classname="pagesTestCasesYasasiiWeb.KIMS_OPInvoiceTask_TestcaseYW" name="Reg" time="32.174">
    <error message="no such window: target window already closed
from unknown error: web view not found
  (Session info: chrome=120.0.6099.217)
Build info: version: &#039;4.11.0&#039;, revision: &#039;040bc5406b&#039;
System info: os.name: &#039;Windows 10&#039;, os.arch: &#039;amd64&#039;, os.version: &#039;10.0&#039;, java.version: &#039;17.0.7&#039;
Driver info: org.openqa.selenium.chrome.ChromeDriver
Command: [a5423fabe4265fafec3dd0c017f65c37, findElement {using=xpath, value=//ul[@class=&#039;navbar-nav float-right&#039;]//a[@class=&#039;nav-link dropdown-toggle pro-pic&#039;]}]
Capabilities {acceptInsecureCerts: false, browserName: chrome, browserVersion: 120.0.6099.217, chrome: {chromedriverVersion: 119.0.6045.105 (38c72552c5e..., userDataDir: C:\Users\sriram\AppData\Loc...}, fedcm:accounts: true, goog:chromeOptions: {debuggerAddress: localhost:55169}, networkConnectionEnabled: false, pageLoadStrategy: normal, platformName: windows, proxy: Proxy(), se:cdp: ws://localhost:55169/devtoo..., se:cdpVersion: 120.0.6099.217, setWindowRect: true, strictFileInteractability: false, timeouts: {implicit: 0, pageLoad: 300000, script: 30000}, unhandledPromptBehavior: dismiss and notify, webauthn:extension:credBlob: true, webauthn:extension:largeBlob: true, webauthn:extension:minPinLength: true, webauthn:extension:prf: true, webauthn:virtualAuthenticators: true}
Session ID: a5423fabe4265fafec3dd0c017f65c37" type="org.openqa.selenium.NoSuchWindowException">
      <![CDATA[org.openqa.selenium.NoSuchWindowException: no such window: target window already closed
from unknown error: web view not found
  (Session info: chrome=120.0.6099.217)
Build info: version: '4.11.0', revision: '040bc5406b'
System info: os.name: 'Windows 10', os.arch: 'amd64', os.version: '10.0', java.version: '17.0.7'
Driver info: org.openqa.selenium.chrome.ChromeDriver
Command: [a5423fabe4265fafec3dd0c017f65c37, findElement {using=xpath, value=//ul[@class='navbar-nav float-right']//a[@class='nav-link dropdown-toggle pro-pic']}]
Capabilities {acceptInsecureCerts: false, browserName: chrome, browserVersion: 120.0.6099.217, chrome: {chromedriverVersion: 119.0.6045.105 (38c72552c5e..., userDataDir: C:\Users\sriram\AppData\Loc...}, fedcm:accounts: true, goog:chromeOptions: {debuggerAddress: localhost:55169}, networkConnectionEnabled: false, pageLoadStrategy: normal, platformName: windows, proxy: Proxy(), se:cdp: ws://localhost:55169/devtoo..., se:cdpVersion: 120.0.6099.217, setWindowRect: true, strictFileInteractability: false, timeouts: {implicit: 0, pageLoad: 300000, script: 30000}, unhandledPromptBehavior: dismiss and notify, webauthn:extension:credBlob: true, webauthn:extension:largeBlob: true, webauthn:extension:minPinLength: true, webauthn:extension:prf: true, webauthn:virtualAuthenticators: true}
Session ID: a5423fabe4265fafec3dd0c017f65c37
at jdk.internal.reflect.GeneratedConstructorAccessor29.newInstance(Unknown Source)
at java.base/jdk.internal.reflect.DelegatingConstructorAccessorImpl.newInstance(DelegatingConstructorAccessorImpl.java:45)
at java.base/java.lang.reflect.Constructor.newInstanceWithCaller(Constructor.java:499)
at java.base/java.lang.reflect.Constructor.newInstance(Constructor.java:480)
at org.openqa.selenium.remote.codec.w3c.W3CHttpResponseCodec.createException(W3CHttpResponseCodec.java:200)
at org.openqa.selenium.remote.codec.w3c.W3CHttpResponseCodec.decode(W3CHttpResponseCodec.java:133)
at org.openqa.selenium.remote.codec.w3c.W3CHttpResponseCodec.decode(W3CHttpResponseCodec.java:52)
at org.openqa.selenium.remote.HttpCommandExecutor.execute(HttpCommandExecutor.java:191)
at org.openqa.selenium.remote.service.DriverCommandExecutor.invokeExecute(DriverCommandExecutor.java:196)
at org.openqa.selenium.remote.service.DriverCommandExecutor.execute(DriverCommandExecutor.java:171)
at org.openqa.selenium.remote.RemoteWebDriver.execute(RemoteWebDriver.java:518)
at org.openqa.selenium.remote.ElementLocation$ElementFinder$2.findElement(ElementLocation.java:165)
at org.openqa.selenium.remote.ElementLocation.findElement(ElementLocation.java:59)
at org.openqa.selenium.remote.RemoteWebDriver.findElement(RemoteWebDriver.java:355)
at org.openqa.selenium.remote.RemoteWebDriver.findElement(RemoteWebDriver.java:349)
at org.openqa.selenium.support.pagefactory.DefaultElementLocator.findElement(DefaultElementLocator.java:68)
at org.openqa.selenium.support.pagefactory.internal.LocatingElementHandler.invoke(LocatingElementHandler.java:38)
at jdk.proxy2/jdk.proxy2.$Proxy39.toString(Unknown Source)
at java.base/java.lang.String.valueOf(String.java:4216)
at java.base/java.lang.StringBuilder.append(StringBuilder.java:173)
at org.openqa.selenium.support.ui.ExpectedConditions$23.toString(ExpectedConditions.java:669)
at java.base/java.lang.String.valueOf(String.java:4216)
at java.base/java.lang.StringBuilder.append(StringBuilder.java:173)
at org.openqa.selenium.support.ui.FluentWait.until(FluentWait.java:227)
at pagesOfYasasiiWeb.KIMS_OPInvoiceTask_yasassiweb.Patreg(KIMS_OPInvoiceTask_yasassiweb.java:442)
at pagesTestCasesYasasiiWeb.KIMS_OPInvoiceTask_TestcaseYW.Reg(KIMS_OPInvoiceTask_TestcaseYW.java:41)
at jdk.internal.reflect.GeneratedMethodAccessor7.invoke(Unknown Source)
at java.base/jdk.internal.reflect.DelegatingMethodAccessorImpl.invoke(DelegatingMethodAccessorImpl.java:43)
at java.base/java.lang.reflect.Method.invoke(Method.java:568)
at org.testng.internal.MethodInvocationHelper.invokeMethod(MethodInvocationHelper.java:132)
at org.testng.internal.TestInvoker.invokeMethod(TestInvoker.java:599)
at org.testng.internal.TestInvoker.invokeTestMethod(TestInvoker.java:174)
at org.testng.internal.MethodRunner.runInSequence(MethodRunner.java:46)
at org.testng.internal.TestInvoker$MethodInvocationAgent.invoke(TestInvoker.java:822)
at org.testng.internal.TestInvoker.invokeTestMethods(TestInvoker.java:147)
at org.testng.internal.TestMethodWorker.invokeTestMethods(TestMethodWorker.java:146)
at org.testng.internal.TestMethodWorker.run(TestMethodWorker.java:128)
at java.base/java.util.ArrayList.forEach(ArrayList.java:1511)
at org.testng.TestRunner.privateRun(TestRunner.java:764)
at org.testng.TestRunner.run(TestRunner.java:585)
at org.testng.SuiteRunner.runTest(SuiteRunner.java:384)
at org.testng.SuiteRunner.runSequentially(SuiteRunner.java:378)
at org.testng.SuiteRunner.privateRun(SuiteRunner.java:337)
at org.testng.SuiteRunner.run(SuiteRunner.java:286)
at org.testng.SuiteRunnerWorker.runSuite(SuiteRunnerWorker.java:53)
at org.testng.SuiteRunnerWorker.run(SuiteRunnerWorker.java:96)
at org.testng.TestNG.runSuitesSequentially(TestNG.java:1218)
at org.testng.TestNG.runSuitesLocally(TestNG.java:1140)
at org.testng.TestNG.runSuites(TestNG.java:1069)
at org.testng.TestNG.run(TestNG.java:1037)
at org.testng.remote.AbstractRemoteTestNG.run(AbstractRemoteTestNG.java:115)
at org.testng.remote.RemoteTestNG.initAndRun(RemoteTestNG.java:251)
at org.testng.remote.RemoteTestNG.main(RemoteTestNG.java:77)
]]>
    </error>
  </testcase> <!-- Reg -->
  <system-out/>
  <testcase classname="pagesTestCasesYasasiiWeb.KIMS_OPInvoiceTask_TestcaseYW" name="Reg" time="0.133">
    <skipped/>
  </testcase> <!-- Reg -->
  <system-out/>
  <testcase classname="pagesTestCasesYasasiiWeb.KIMS_OPInvoiceTask_TestcaseYW" name="Reg" time="0.125">
    <skipped/>
  </testcase> <!-- Reg -->
  <system-out/>
  <testcase classname="pagesTestCasesYasasiiWeb.KIMS_OPInvoiceTask_TestcaseYW" name="Reg" time="0.001">
    <skipped/>
  </testcase> <!-- Reg -->
  <system-out/>
  <testcase classname="pagesTestCasesYasasiiWeb.KIMS_OPInvoiceTask_TestcaseYW" name="Reg" time="0.000">
    <skipped/>
  </testcase> <!-- Reg -->
  <system-out/>
  <testcase classname="pagesTestCasesYasasiiWeb.KIMS_OPInvoiceTask_TestcaseYW" name="Reg" time="0.002">
    <skipped/>
  </testcase> <!-- Reg -->
  <system-out/>
  <testcase classname="pagesTestCasesYasasiiWeb.KIMS_OPInvoiceTask_TestcaseYW" name="Reg" time="0.126">
    <skipped/>
  </testcase> <!-- Reg -->
  <system-out/>
  <testcase classname="pagesTestCasesYasasiiWeb.KIMS_OPInvoiceTask_TestcaseYW" name="Reg" time="0.000">
    <skipped/>
  </testcase> <!-- Reg -->
  <system-out/>
  <testcase classname="pagesTestCasesYasasiiWeb.KIMS_OPInvoiceTask_TestcaseYW" name="Reg" time="0.002">
    <skipped/>
  </testcase> <!-- Reg -->
  <system-out/>
  <testcase classname="pagesTestCasesYasasiiWeb.KIMS_OPInvoiceTask_TestcaseYW" name="Reg" time="0.152">
    <skipped/>
  </testcase> <!-- Reg -->
  <system-out/>
  <testcase classname="pagesTestCasesYasasiiWeb.KIMS_OPInvoiceTask_TestcaseYW" name="Reg" time="0.008">
    <skipped/>
  </testcase> <!-- Reg -->
  <system-out/>
  <testcase classname="pagesTestCasesYasasiiWeb.KIMS_OPInvoiceTask_TestcaseYW" name="Reg" time="0.183">
    <skipped/>
  </testcase> <!-- Reg -->
  <system-out/>
  <testcase classname="pagesTestCasesYasasiiWeb.KIMS_OPInvoiceTask_TestcaseYW" name="Reg" time="0.267">
    <skipped/>
  </testcase> <!-- Reg -->
  <system-out/>
  <testcase classname="pagesTestCasesYasasiiWeb.KIMS_OPInvoiceTask_TestcaseYW" name="Reg" time="0.134">
    <skipped/>
  </testcase> <!-- Reg -->
  <system-out/>
  <testcase classname="pagesTestCasesYasasiiWeb.KIMS_OPInvoiceTask_TestcaseYW" name="Reg" time="0.002">
    <skipped/>
  </testcase> <!-- Reg -->
  <system-out/>
  <testcase classname="pagesTestCasesYasasiiWeb.KIMS_OPInvoiceTask_TestcaseYW" name="Reg" time="0.161">
    <skipped/>
  </testcase> <!-- Reg -->
  <system-out/>
  <testcase classname="pagesTestCasesYasasiiWeb.KIMS_OPInvoiceTask_TestcaseYW" name="Reg" time="0.143">
    <skipped/>
  </testcase> <!-- Reg -->
  <system-out/>
  <testcase classname="pagesTestCasesYasasiiWeb.KIMS_OPInvoiceTask_TestcaseYW" name="Reg" time="0.001">
    <skipped/>
  </testcase> <!-- Reg -->
  <system-out/>
  <testcase classname="pagesTestCasesYasasiiWeb.KIMS_OPInvoiceTask_TestcaseYW" name="Reg" time="0.150">
    <skipped/>
  </testcase> <!-- Reg -->
  <system-out/>
  <testcase classname="pagesTestCasesYasasiiWeb.KIMS_OPInvoiceTask_TestcaseYW" name="Reg" time="0.002">
    <skipped/>
  </testcase> <!-- Reg -->
  <system-out/>
  <testcase classname="pagesTestCasesYasasiiWeb.KIMS_OPInvoiceTask_TestcaseYW" name="Reg" time="0.000">
    <skipped/>
  </testcase> <!-- Reg -->
  <system-out/>
  <testcase classname="pagesTestCasesYasasiiWeb.KIMS_OPInvoiceTask_TestcaseYW" name="Reg" time="0.161">
    <skipped/>
  </testcase> <!-- Reg -->
  <system-out/>
  <testcase classname="pagesTestCasesYasasiiWeb.KIMS_OPInvoiceTask_TestcaseYW" name="Reg" time="0.002">
    <skipped/>
  </testcase> <!-- Reg -->
  <system-out/>
  <testcase classname="pagesTestCasesYasasiiWeb.KIMS_OPInvoiceTask_TestcaseYW" name="Reg" time="0.141">
    <skipped/>
  </testcase> <!-- Reg -->
  <system-out/>
  <testcase classname="pagesTestCasesYasasiiWeb.KIMS_OPInvoiceTask_TestcaseYW" name="Reg" time="0.003">
    <skipped/>
  </testcase> <!-- Reg -->
  <system-out/>
  <testcase classname="pagesTestCasesYasasiiWeb.KIMS_OPInvoiceTask_TestcaseYW" name="Reg" time="0.123">
    <skipped/>
  </testcase> <!-- Reg -->
  <system-out/>
  <testcase classname="pagesTestCasesYasasiiWeb.KIMS_OPInvoiceTask_TestcaseYW" name="Reg" time="0.001">
    <skipped/>
  </testcase> <!-- Reg -->
  <system-out/>
  <testcase classname="pagesTestCasesYasasiiWeb.KIMS_OPInvoiceTask_TestcaseYW" name="Reg" time="0.136">
    <skipped/>
  </testcase> <!-- Reg -->
  <system-out/>
  <testcase classname="pagesTestCasesYasasiiWeb.KIMS_OPInvoiceTask_TestcaseYW" name="Reg" time="0.001">
    <skipped/>
  </testcase> <!-- Reg -->
  <system-out/>
  <testcase classname="pagesTestCasesYasasiiWeb.KIMS_OPInvoiceTask_TestcaseYW" name="Reg" time="0.118">
    <skipped/>
  </testcase> <!-- Reg -->
  <system-out/>
  <testcase classname="pagesTestCasesYasasiiWeb.KIMS_OPInvoiceTask_TestcaseYW" name="Reg" time="0.000">
    <skipped/>
  </testcase> <!-- Reg -->
  <system-out/>
  <testcase classname="pagesTestCasesYasasiiWeb.KIMS_OPInvoiceTask_TestcaseYW" name="Reg" time="146.273"/>
  <system-out/>
  <testcase classname="pagesTestCasesYasasiiWeb.KIMS_OPInvoiceTask_TestcaseYW" name="Reg" time="0.000">
    <skipped/>
  </testcase> <!-- Reg -->
  <system-out/>
  <testcase classname="pagesTestCasesYasasiiWeb.KIMS_OPInvoiceTask_TestcaseYW" name="Reg" time="0.000">
    <skipped/>
  </testcase> <!-- Reg -->
  <system-out/>
  <testcase classname="pagesTestCasesYasasiiWeb.KIMS_OPInvoiceTask_TestcaseYW" name="Reg" time="0.000">
    <skipped/>
  </testcase> <!-- Reg -->
  <system-out/>
  <testcase classname="pagesTestCasesYasasiiWeb.KIMS_OPInvoiceTask_TestcaseYW" name="Reg" time="0.000">
    <skipped/>
  </testcase> <!-- Reg -->
  <system-out/>
  <testcase classname="pagesTestCasesYasasiiWeb.KIMS_OPInvoiceTask_TestcaseYW" name="Reg" time="0.000">
    <skipped/>
  </testcase> <!-- Reg -->
  <system-out/>
  <testcase classname="pagesTestCasesYasasiiWeb.KIMS_OPInvoiceTask_TestcaseYW" name="Reg" time="0.000">
    <skipped/>
  </testcase> <!-- Reg -->
  <system-out/>
  <testcase classname="pagesTestCasesYasasiiWeb.KIMS_OPInvoiceTask_TestcaseYW" name="Reg" time="0.000">
    <skipped/>
  </testcase> <!-- Reg -->
  <system-out/>
  <testcase classname="pagesTestCasesYasasiiWeb.KIMS_OPInvoiceTask_TestcaseYW" name="Reg" time="0.000">
    <skipped/>
  </testcase> <!-- Reg -->
  <system-out/>
  <testcase classname="pagesTestCasesYasasiiWeb.KIMS_OPInvoiceTask_TestcaseYW" name="Reg" time="0.000">
    <skipped/>
  </testcase> <!-- Reg -->
  <system-out/>
  <testcase classname="pagesTestCasesYasasiiWeb.KIMS_OPInvoiceTask_TestcaseYW" name="Reg" time="0.000">
    <skipped/>
  </testcase> <!-- Reg -->
  <system-out/>
  <testcase classname="pagesTestCasesYasasiiWeb.KIMS_OPInvoiceTask_TestcaseYW" name="Reg" time="0.000">
    <skipped/>
  </testcase> <!-- Reg -->
  <system-out/>
  <testcase classname="pagesTestCasesYasasiiWeb.KIMS_OPInvoiceTask_TestcaseYW" name="Reg" time="0.000">
    <skipped/>
  </testcase> <!-- Reg -->
  <system-out/>
  <testcase classname="pagesTestCasesYasasiiWeb.KIMS_OPInvoiceTask_TestcaseYW" name="Reg" time="0.000">
    <skipped/>
  </testcase> <!-- Reg -->
  <system-out/>
  <testcase classname="pagesTestCasesYasasiiWeb.KIMS_OPInvoiceTask_TestcaseYW" name="Reg" time="0.000">
    <skipped/>
  </testcase> <!-- Reg -->
  <system-out/>
  <testcase classname="pagesTestCasesYasasiiWeb.KIMS_OPInvoiceTask_TestcaseYW" name="Reg" time="0.000">
    <skipped/>
  </testcase> <!-- Reg -->
  <system-out/>
  <testcase classname="pagesTestCasesYasasiiWeb.KIMS_OPInvoiceTask_TestcaseYW" name="Reg" time="0.000">
    <skipped/>
  </testcase> <!-- Reg -->
  <system-out/>
  <testcase classname="pagesTestCasesYasasiiWeb.KIMS_OPInvoiceTask_TestcaseYW" name="Reg" time="0.000">
    <skipped/>
  </testcase> <!-- Reg -->
  <system-out/>
  <testcase classname="pagesTestCasesYasasiiWeb.KIMS_OPInvoiceTask_TestcaseYW" name="Reg" time="0.000">
    <skipped/>
  </testcase> <!-- Reg -->
  <system-out/>
  <testcase classname="pagesTestCasesYasasiiWeb.KIMS_OPInvoiceTask_TestcaseYW" name="Reg" time="145.823"/>
  <system-out/>
  <testcase classname="pagesTestCasesYasasiiWeb.KIMS_OPInvoiceTask_TestcaseYW" name="Reg" time="0.000">
    <skipped/>
  </testcase> <!-- Reg -->
  <system-out/>
  <testcase classname="pagesTestCasesYasasiiWeb.KIMS_OPInvoiceTask_TestcaseYW" name="Reg" time="0.000">
    <skipped/>
  </testcase> <!-- Reg -->
  <system-out/>
  <testcase classname="pagesTestCasesYasasiiWeb.KIMS_OPInvoiceTask_TestcaseYW" name="Reg" time="0.000">
    <skipped/>
  </testcase> <!-- Reg -->
  <system-out/>
  <testcase classname="pagesTestCasesYasasiiWeb.KIMS_OPInvoiceTask_TestcaseYW" name="Reg" time="0.000">
    <skipped/>
  </testcase> <!-- Reg -->
  <system-out/>
  <testcase classname="pagesTestCasesYasasiiWeb.KIMS_OPInvoiceTask_TestcaseYW" name="Reg" time="0.000">
    <skipped/>
  </testcase> <!-- Reg -->
  <system-out/>
  <testcase classname="pagesTestCasesYasasiiWeb.KIMS_OPInvoiceTask_TestcaseYW" name="Reg" time="0.000">
    <skipped/>
  </testcase> <!-- Reg -->
  <system-out/>
  <testcase classname="pagesTestCasesYasasiiWeb.KIMS_OPInvoiceTask_TestcaseYW" name="Reg" time="0.000">
    <skipped/>
  </testcase> <!-- Reg -->
  <system-out/>
  <testcase classname="pagesTestCasesYasasiiWeb.KIMS_OPInvoiceTask_TestcaseYW" name="Reg" time="0.000">
    <skipped/>
  </testcase> <!-- Reg -->
  <system-out/>
  <testcase classname="pagesTestCasesYasasiiWeb.KIMS_OPInvoiceTask_TestcaseYW" name="Reg" time="0.000">
    <skipped/>
  </testcase> <!-- Reg -->
  <system-out/>
  <testcase classname="pagesTestCasesYasasiiWeb.KIMS_OPInvoiceTask_TestcaseYW" name="Reg" time="0.000">
    <skipped/>
  </testcase> <!-- Reg -->
  <system-out/>
  <testcase classname="pagesTestCasesYasasiiWeb.KIMS_OPInvoiceTask_TestcaseYW" name="Reg" time="0.000">
    <skipped/>
  </testcase> <!-- Reg -->
  <system-out/>
  <testcase classname="pagesTestCasesYasasiiWeb.KIMS_OPInvoiceTask_TestcaseYW" name="Reg" time="0.000">
    <skipped/>
  </testcase> <!-- Reg -->
  <system-out/>
  <testcase classname="pagesTestCasesYasasiiWeb.KIMS_OPInvoiceTask_TestcaseYW" name="Reg" time="0.000">
    <skipped/>
  </testcase> <!-- Reg -->
  <system-out/>
  <testcase classname="pagesTestCasesYasasiiWeb.KIMS_OPInvoiceTask_TestcaseYW" name="Reg" time="0.000">
    <skipped/>
  </testcase> <!-- Reg -->
  <system-out/>
  <testcase classname="pagesTestCasesYasasiiWeb.KIMS_OPInvoiceTask_TestcaseYW" name="Reg" time="0.000">
    <skipped/>
  </testcase> <!-- Reg -->
  <system-out/>
  <testcase classname="pagesTestCasesYasasiiWeb.KIMS_OPInvoiceTask_TestcaseYW" name="Reg" time="0.000">
    <skipped/>
  </testcase> <!-- Reg -->
  <system-out/>
  <testcase classname="pagesTestCasesYasasiiWeb.KIMS_OPInvoiceTask_TestcaseYW" name="Reg" time="160.572"/>
  <system-out/>
  <testcase classname="pagesTestCasesYasasiiWeb.KIMS_OPInvoiceTask_TestcaseYW" name="Reg" time="0.000">
    <skipped/>
  </testcase> <!-- Reg -->
  <system-out/>
  <testcase classname="pagesTestCasesYasasiiWeb.KIMS_OPInvoiceTask_TestcaseYW" name="Reg" time="0.000">
    <skipped/>
  </testcase> <!-- Reg -->
  <system-out/>
  <testcase classname="pagesTestCasesYasasiiWeb.KIMS_OPInvoiceTask_TestcaseYW" name="Reg" time="0.000">
    <skipped/>
  </testcase> <!-- Reg -->
  <system-out/>
  <testcase classname="pagesTestCasesYasasiiWeb.KIMS_OPInvoiceTask_TestcaseYW" name="Reg" time="0.000">
    <skipped/>
  </testcase> <!-- Reg -->
  <system-out/>
  <testcase classname="pagesTestCasesYasasiiWeb.KIMS_OPInvoiceTask_TestcaseYW" name="Reg" time="0.000">
    <skipped/>
  </testcase> <!-- Reg -->
  <system-out/>
  <testcase classname="pagesTestCasesYasasiiWeb.KIMS_OPInvoiceTask_TestcaseYW" name="Reg" time="0.000">
    <skipped/>
  </testcase> <!-- Reg -->
  <system-out/>
  <testcase classname="pagesTestCasesYasasiiWeb.KIMS_OPInvoiceTask_TestcaseYW" name="Reg" time="0.000">
    <skipped/>
  </testcase> <!-- Reg -->
  <system-out/>
  <testcase classname="pagesTestCasesYasasiiWeb.KIMS_OPInvoiceTask_TestcaseYW" name="Reg" time="164.841"/>
  <system-out/>
  <testcase classname="pagesTestCasesYasasiiWeb.KIMS_OPInvoiceTask_TestcaseYW" name="Reg" time="0.000">
    <skipped/>
  </testcase> <!-- Reg -->
  <system-out/>
  <testcase classname="pagesTestCasesYasasiiWeb.KIMS_OPInvoiceTask_TestcaseYW" name="Reg" time="0.000">
    <skipped/>
  </testcase> <!-- Reg -->
  <system-out/>
  <testcase classname="pagesTestCasesYasasiiWeb.KIMS_OPInvoiceTask_TestcaseYW" name="Reg" time="0.000">
    <skipped/>
  </testcase> <!-- Reg -->
  <system-out/>
  <testcase classname="pagesTestCasesYasasiiWeb.KIMS_OPInvoiceTask_TestcaseYW" name="Reg" time="0.000">
    <skipped/>
  </testcase> <!-- Reg -->
  <system-out/>
  <testcase classname="pagesTestCasesYasasiiWeb.KIMS_OPInvoiceTask_TestcaseYW" name="Reg" time="0.000">
    <skipped/>
  </testcase> <!-- Reg -->
  <system-out/>
  <testcase classname="pagesTestCasesYasasiiWeb.KIMS_OPInvoiceTask_TestcaseYW" name="Reg" time="0.000">
    <skipped/>
  </testcase> <!-- Reg -->
  <system-out/>
  <testcase classname="pagesTestCasesYasasiiWeb.KIMS_OPInvoiceTask_TestcaseYW" name="Reg" time="0.000">
    <skipped/>
  </testcase> <!-- Reg -->
  <system-out/>
  <testcase classname="pagesTestCasesYasasiiWeb.KIMS_OPInvoiceTask_TestcaseYW" name="Reg" time="0.000">
    <skipped/>
  </testcase> <!-- Reg -->
  <system-out/>
  <testcase classname="pagesTestCasesYasasiiWeb.KIMS_OPInvoiceTask_TestcaseYW" name="Reg" time="0.000">
    <skipped/>
  </testcase> <!-- Reg -->
  <system-out/>
  <testcase classname="pagesTestCasesYasasiiWeb.KIMS_OPInvoiceTask_TestcaseYW" name="Reg" time="0.000">
    <skipped/>
  </testcase> <!-- Reg -->
  <system-out/>
  <testcase classname="pagesTestCasesYasasiiWeb.KIMS_OPInvoiceTask_TestcaseYW" name="Reg" time="0.000">
    <skipped/>
  </testcase> <!-- Reg -->
  <system-out/>
  <testcase classname="pagesTestCasesYasasiiWeb.KIMS_OPInvoiceTask_TestcaseYW" name="Reg" time="0.000">
    <skipped/>
  </testcase> <!-- Reg -->
  <system-out/>
  <testcase classname="pagesTestCasesYasasiiWeb.KIMS_OPInvoiceTask_TestcaseYW" name="Reg" time="0.000">
    <skipped/>
  </testcase> <!-- Reg -->
  <system-out/>
  <testcase classname="pagesTestCasesYasasiiWeb.KIMS_OPInvoiceTask_TestcaseYW" name="Reg" time="0.000">
    <skipped/>
  </testcase> <!-- Reg -->
  <system-out/>
  <testcase classname="pagesTestCasesYasasiiWeb.KIMS_OPInvoiceTask_TestcaseYW" name="Reg" time="0.000">
    <skipped/>
  </testcase> <!-- Reg -->
  <system-out/>
  <testcase classname="pagesTestCasesYasasiiWeb.KIMS_OPInvoiceTask_TestcaseYW" name="Reg" time="0.000">
    <skipped/>
  </testcase> <!-- Reg -->
  <system-out/>
  <testcase classname="pagesTestCasesYasasiiWeb.KIMS_OPInvoiceTask_TestcaseYW" name="Reg" time="0.000">
    <skipped/>
  </testcase> <!-- Reg -->
  <system-out/>
  <testcase classname="pagesTestCasesYasasiiWeb.KIMS_OPInvoiceTask_TestcaseYW" name="Reg" time="0.000">
    <skipped/>
  </testcase> <!-- Reg -->
  <system-out/>
  <testcase classname="pagesTestCasesYasasiiWeb.KIMS_OPInvoiceTask_TestcaseYW" name="Reg" time="0.000">
    <skipped/>
  </testcase> <!-- Reg -->
  <system-out/>
  <testcase classname="pagesTestCasesYasasiiWeb.KIMS_OPInvoiceTask_TestcaseYW" name="Reg" time="0.000">
    <skipped/>
  </testcase> <!-- Reg -->
  <system-out/>
  <testcase classname="pagesTestCasesYasasiiWeb.KIMS_OPInvoiceTask_TestcaseYW" name="Reg" time="0.000">
    <skipped/>
  </testcase> <!-- Reg -->
  <system-out/>
  <testcase classname="pagesTestCasesYasasiiWeb.KIMS_OPInvoiceTask_TestcaseYW" name="Reg" time="0.000">
    <skipped/>
  </testcase> <!-- Reg -->
  <system-out/>
  <testcase classname="pagesTestCasesYasasiiWeb.KIMS_OPInvoiceTask_TestcaseYW" name="Reg" time="0.000">
    <skipped/>
  </testcase> <!-- Reg -->
  <system-out/>
  <testcase classname="pagesTestCasesYasasiiWeb.KIMS_OPInvoiceTask_TestcaseYW" name="Reg" time="147.139"/>
  <system-out/>
  <testcase classname="pagesTestCasesYasasiiWeb.KIMS_OPInvoiceTask_TestcaseYW" name="Reg" time="0.000">
    <skipped/>
  </testcase> <!-- Reg -->
  <system-out/>
  <testcase classname="pagesTestCasesYasasiiWeb.KIMS_OPInvoiceTask_TestcaseYW" name="Reg" time="0.000">
    <skipped/>
  </testcase> <!-- Reg -->
  <system-out/>
  <testcase classname="pagesTestCasesYasasiiWeb.KIMS_OPInvoiceTask_TestcaseYW" name="Reg" time="0.000">
    <skipped/>
  </testcase> <!-- Reg -->
  <system-out/>
  <testcase classname="pagesTestCasesYasasiiWeb.KIMS_OPInvoiceTask_TestcaseYW" name="Reg" time="0.000">
    <skipped/>
  </testcase> <!-- Reg -->
  <system-out/>
  <testcase classname="pagesTestCasesYasasiiWeb.KIMS_OPInvoiceTask_TestcaseYW" name="Reg" time="0.000">
    <skipped/>
  </testcase> <!-- Reg -->
  <system-out/>
  <testcase classname="pagesTestCasesYasasiiWeb.KIMS_OPInvoiceTask_TestcaseYW" name="Reg" time="0.000">
    <skipped/>
  </testcase> <!-- Reg -->
  <system-out/>
  <testcase classname="pagesTestCasesYasasiiWeb.KIMS_OPInvoiceTask_TestcaseYW" name="Reg" time="0.000">
    <skipped/>
  </testcase> <!-- Reg -->
  <system-out/>
  <testcase classname="pagesTestCasesYasasiiWeb.KIMS_OPInvoiceTask_TestcaseYW" name="Reg" time="156.719"/>
  <system-out/>
  <testcase classname="pagesTestCasesYasasiiWeb.KIMS_OPInvoiceTask_TestcaseYW" name="Reg" time="0.000">
    <skipped/>
  </testcase> <!-- Reg -->
  <system-out/>
  <testcase classname="pagesTestCasesYasasiiWeb.KIMS_OPInvoiceTask_TestcaseYW" name="Reg" time="0.000">
    <skipped/>
  </testcase> <!-- Reg -->
  <system-out/>
  <testcase classname="pagesTestCasesYasasiiWeb.KIMS_OPInvoiceTask_TestcaseYW" name="Reg" time="0.000">
    <skipped/>
  </testcase> <!-- Reg -->
  <system-out/>
  <testcase classname="pagesTestCasesYasasiiWeb.KIMS_OPInvoiceTask_TestcaseYW" name="Reg" time="0.000">
    <skipped/>
  </testcase> <!-- Reg -->
  <system-out/>
  <testcase classname="pagesTestCasesYasasiiWeb.KIMS_OPInvoiceTask_TestcaseYW" name="Reg" time="0.000">
    <skipped/>
  </testcase> <!-- Reg -->
  <system-out/>
  <testcase classname="pagesTestCasesYasasiiWeb.KIMS_OPInvoiceTask_TestcaseYW" name="Reg" time="0.000">
    <skipped/>
  </testcase> <!-- Reg -->
  <system-out/>
  <testcase classname="pagesTestCasesYasasiiWeb.KIMS_OPInvoiceTask_TestcaseYW" name="Reg" time="0.000">
    <skipped/>
  </testcase> <!-- Reg -->
  <system-out/>
  <testcase classname="pagesTestCasesYasasiiWeb.KIMS_OPInvoiceTask_TestcaseYW" name="Reg" time="178.046">
    <error message="Expected condition failed: waiting for element to be clickable: By.xpath: //div[@class=&#039;dialog-content Success&#039;]//button[@type=&#039;button&#039;][normalize-space()=&#039;OK&#039;] (tried for 30 second(s) with 500 milliseconds interval)
Build info: version: &#039;4.11.0&#039;, revision: &#039;040bc5406b&#039;
System info: os.name: &#039;Windows 10&#039;, os.arch: &#039;amd64&#039;, os.version: &#039;10.0&#039;, java.version: &#039;17.0.7&#039;
Driver info: org.openqa.selenium.chrome.ChromeDriver
Capabilities {acceptInsecureCerts: false, browserName: chrome, browserVersion: 120.0.6099.217, chrome: {chromedriverVersion: 119.0.6045.105 (38c72552c5e..., userDataDir: C:\Users\sriram\AppData\Loc...}, fedcm:accounts: true, goog:chromeOptions: {debuggerAddress: localhost:55169}, networkConnectionEnabled: false, pageLoadStrategy: normal, platformName: windows, proxy: Proxy(), se:cdp: ws://localhost:55169/devtoo..., se:cdpVersion: 120.0.6099.217, setWindowRect: true, strictFileInteractability: false, timeouts: {implicit: 0, pageLoad: 300000, script: 30000}, unhandledPromptBehavior: dismiss and notify, webauthn:extension:credBlob: true, webauthn:extension:largeBlob: true, webauthn:extension:minPinLength: true, webauthn:extension:prf: true, webauthn:virtualAuthenticators: true}
Session ID: a5423fabe4265fafec3dd0c017f65c37" type="org.openqa.selenium.TimeoutException">
      <![CDATA[org.openqa.selenium.TimeoutException: Expected condition failed: waiting for element to be clickable: By.xpath: //div[@class='dialog-content Success']//button[@type='button'][normalize-space()='OK'] (tried for 30 second(s) with 500 milliseconds interval)
Build info: version: '4.11.0', revision: '040bc5406b'
System info: os.name: 'Windows 10', os.arch: 'amd64', os.version: '10.0', java.version: '17.0.7'
Driver info: org.openqa.selenium.chrome.ChromeDriver
Capabilities {acceptInsecureCerts: false, browserName: chrome, browserVersion: 120.0.6099.217, chrome: {chromedriverVersion: 119.0.6045.105 (38c72552c5e..., userDataDir: C:\Users\sriram\AppData\Loc...}, fedcm:accounts: true, goog:chromeOptions: {debuggerAddress: localhost:55169}, networkConnectionEnabled: false, pageLoadStrategy: normal, platformName: windows, proxy: Proxy(), se:cdp: ws://localhost:55169/devtoo..., se:cdpVersion: 120.0.6099.217, setWindowRect: true, strictFileInteractability: false, timeouts: {implicit: 0, pageLoad: 300000, script: 30000}, unhandledPromptBehavior: dismiss and notify, webauthn:extension:credBlob: true, webauthn:extension:largeBlob: true, webauthn:extension:minPinLength: true, webauthn:extension:prf: true, webauthn:virtualAuthenticators: true}
Session ID: a5423fabe4265fafec3dd0c017f65c37
at org.openqa.selenium.support.ui.WebDriverWait.timeoutException(WebDriverWait.java:84)
at org.openqa.selenium.support.ui.FluentWait.until(FluentWait.java:230)
at pagesOfYasasiiWeb.KIMS_OPInvoiceTask_yasassiweb.Billing(KIMS_OPInvoiceTask_yasassiweb.java:780)
at pagesTestCasesYasasiiWeb.KIMS_OPInvoiceTask_TestcaseYW.Reg(KIMS_OPInvoiceTask_TestcaseYW.java:43)
at jdk.internal.reflect.GeneratedMethodAccessor7.invoke(Unknown Source)
at java.base/jdk.internal.reflect.DelegatingMethodAccessorImpl.invoke(DelegatingMethodAccessorImpl.java:43)
at java.base/java.lang.reflect.Method.invoke(Method.java:568)
at org.testng.internal.MethodInvocationHelper.invokeMethod(MethodInvocationHelper.java:132)
at org.testng.internal.TestInvoker.invokeMethod(TestInvoker.java:599)
at org.testng.internal.TestInvoker.invokeTestMethod(TestInvoker.java:174)
at org.testng.internal.MethodRunner.runInSequence(MethodRunner.java:46)
at org.testng.internal.TestInvoker$MethodInvocationAgent.invoke(TestInvoker.java:822)
at org.testng.internal.TestInvoker.invokeTestMethods(TestInvoker.java:147)
at org.testng.internal.TestMethodWorker.invokeTestMethods(TestMethodWorker.java:146)
at org.testng.internal.TestMethodWorker.run(TestMethodWorker.java:128)
at java.base/java.util.ArrayList.forEach(ArrayList.java:1511)
at org.testng.TestRunner.privateRun(TestRunner.java:764)
at org.testng.TestRunner.run(TestRunner.java:585)
at org.testng.SuiteRunner.runTest(SuiteRunner.java:384)
at org.testng.SuiteRunner.runSequentially(SuiteRunner.java:378)
at org.testng.SuiteRunner.privateRun(SuiteRunner.java:337)
at org.testng.SuiteRunner.run(SuiteRunner.java:286)
at org.testng.SuiteRunnerWorker.runSuite(SuiteRunnerWorker.java:53)
at org.testng.SuiteRunnerWorker.run(SuiteRunnerWorker.java:96)
at org.testng.TestNG.runSuitesSequentially(TestNG.java:1218)
at org.testng.TestNG.runSuitesLocally(TestNG.java:1140)
at org.testng.TestNG.runSuites(TestNG.java:1069)
at org.testng.TestNG.run(TestNG.java:1037)
at org.testng.remote.AbstractRemoteTestNG.run(AbstractRemoteTestNG.java:115)
at org.testng.remote.RemoteTestNG.initAndRun(RemoteTestNG.java:251)
at org.testng.remote.RemoteTestNG.main(RemoteTestNG.java:77)
]]>
    </error>
  </testcase> <!-- Reg -->
  <system-out/>
  <testcase classname="pagesTestCasesYasasiiWeb.KIMS_OPInvoiceTask_TestcaseYW" name="Reg" time="0.000">
    <skipped/>
  </testcase> <!-- Reg -->
  <system-out/>
  <testcase classname="pagesTestCasesYasasiiWeb.KIMS_OPInvoiceTask_TestcaseYW" name="Reg" time="0.000">
    <skipped/>
  </testcase> <!-- Reg -->
  <system-out/>
  <testcase classname="pagesTestCasesYasasiiWeb.KIMS_OPInvoiceTask_TestcaseYW" name="Reg" time="0.000">
    <skipped/>
  </testcase> <!-- Reg -->
  <system-out/>
  <testcase classname="pagesTestCasesYasasiiWeb.KIMS_OPInvoiceTask_TestcaseYW" name="Reg" time="0.000">
    <skipped/>
  </testcase> <!-- Reg -->
  <system-out/>
  <testcase classname="pagesTestCasesYasasiiWeb.KIMS_OPInvoiceTask_TestcaseYW" name="Reg" time="0.000">
    <skipped/>
  </testcase> <!-- Reg -->
  <system-out/>
  <testcase classname="pagesTestCasesYasasiiWeb.KIMS_OPInvoiceTask_TestcaseYW" name="Reg" time="0.000">
    <skipped/>
  </testcase> <!-- Reg -->
  <system-out/>
  <testcase classname="pagesTestCasesYasasiiWeb.KIMS_OPInvoiceTask_TestcaseYW" name="Reg" time="0.000">
    <skipped/>
  </testcase> <!-- Reg -->
  <system-out/>
  <testcase classname="pagesTestCasesYasasiiWeb.KIMS_OPInvoiceTask_TestcaseYW" name="Reg" time="0.000">
    <skipped/>
  </testcase> <!-- Reg -->
  <system-out/>
  <testcase classname="pagesTestCasesYasasiiWeb.KIMS_OPInvoiceTask_TestcaseYW" name="Reg" time="0.000">
    <skipped/>
  </testcase> <!-- Reg -->
  <system-out/>
  <testcase classname="pagesTestCasesYasasiiWeb.KIMS_OPInvoiceTask_TestcaseYW" name="Reg" time="6.666">
    <error message="element click intercepted: Element &lt;div class=&quot;bar2&quot;&gt;&lt;/div&gt; is not clickable at point (26, 22). Other element would receive the click: &lt;div _ngcontent-utm-c2=&quot;&quot; aria-hidden=&quot;false&quot; aria-labelledby=&quot;myLargeModalLabel&quot; class=&quot;modal ki-dialog fade blockoutside in show&quot; kidialog=&quot;&quot; role=&quot;dialog&quot; tabindex=&quot;-1&quot; aria-modal=&quot;true&quot; style=&quot;display: block;&quot;&gt;...&lt;/div&gt;
  (Session info: chrome=120.0.6099.217)
Build info: version: &#039;4.11.0&#039;, revision: &#039;040bc5406b&#039;
System info: os.name: &#039;Windows 10&#039;, os.arch: &#039;amd64&#039;, os.version: &#039;10.0&#039;, java.version: &#039;17.0.7&#039;
Driver info: org.openqa.selenium.chrome.ChromeDriver
Command: [a5423fabe4265fafec3dd0c017f65c37, clickElement {id=BAF2F35168AFE3E25F277C8A51A65BC3_element_278}]
Capabilities {acceptInsecureCerts: false, browserName: chrome, browserVersion: 120.0.6099.217, chrome: {chromedriverVersion: 119.0.6045.105 (38c72552c5e..., userDataDir: C:\Users\sriram\AppData\Loc...}, fedcm:accounts: true, goog:chromeOptions: {debuggerAddress: localhost:55169}, networkConnectionEnabled: false, pageLoadStrategy: normal, platformName: windows, proxy: Proxy(), se:cdp: ws://localhost:55169/devtoo..., se:cdpVersion: 120.0.6099.217, setWindowRect: true, strictFileInteractability: false, timeouts: {implicit: 0, pageLoad: 300000, script: 30000}, unhandledPromptBehavior: dismiss and notify, webauthn:extension:credBlob: true, webauthn:extension:largeBlob: true, webauthn:extension:minPinLength: true, webauthn:extension:prf: true, webauthn:virtualAuthenticators: true}
Element: [[ChromeDriver: chrome on windows (a5423fabe4265fafec3dd0c017f65c37)] -&gt; xpath: //a[@class=&#039;nav-link navbar-brand menu&#039;]//div[@class=&#039;bar2&#039;]]
Session ID: a5423fabe4265fafec3dd0c017f65c37" type="org.openqa.selenium.ElementClickInterceptedException">
      <![CDATA[org.openqa.selenium.ElementClickInterceptedException: element click intercepted: Element <div class="bar2"></div> is not clickable at point (26, 22). Other element would receive the click: <div _ngcontent-utm-c2="" aria-hidden="false" aria-labelledby="myLargeModalLabel" class="modal ki-dialog fade blockoutside in show" kidialog="" role="dialog" tabindex="-1" aria-modal="true" style="display: block;">...</div>
  (Session info: chrome=120.0.6099.217)
Build info: version: '4.11.0', revision: '040bc5406b'
System info: os.name: 'Windows 10', os.arch: 'amd64', os.version: '10.0', java.version: '17.0.7'
Driver info: org.openqa.selenium.chrome.ChromeDriver
Command: [a5423fabe4265fafec3dd0c017f65c37, clickElement {id=BAF2F35168AFE3E25F277C8A51A65BC3_element_278}]
Capabilities {acceptInsecureCerts: false, browserName: chrome, browserVersion: 120.0.6099.217, chrome: {chromedriverVersion: 119.0.6045.105 (38c72552c5e..., userDataDir: C:\Users\sriram\AppData\Loc...}, fedcm:accounts: true, goog:chromeOptions: {debuggerAddress: localhost:55169}, networkConnectionEnabled: false, pageLoadStrategy: normal, platformName: windows, proxy: Proxy(), se:cdp: ws://localhost:55169/devtoo..., se:cdpVersion: 120.0.6099.217, setWindowRect: true, strictFileInteractability: false, timeouts: {implicit: 0, pageLoad: 300000, script: 30000}, unhandledPromptBehavior: dismiss and notify, webauthn:extension:credBlob: true, webauthn:extension:largeBlob: true, webauthn:extension:minPinLength: true, webauthn:extension:prf: true, webauthn:virtualAuthenticators: true}
Element: [[ChromeDriver: chrome on windows (a5423fabe4265fafec3dd0c017f65c37)] -> xpath: //a[@class='nav-link navbar-brand menu']//div[@class='bar2']]
Session ID: a5423fabe4265fafec3dd0c017f65c37
at java.base/jdk.internal.reflect.NativeConstructorAccessorImpl.newInstance0(Native Method)
at java.base/jdk.internal.reflect.NativeConstructorAccessorImpl.newInstance(NativeConstructorAccessorImpl.java:77)
at java.base/jdk.internal.reflect.DelegatingConstructorAccessorImpl.newInstance(DelegatingConstructorAccessorImpl.java:45)
at java.base/java.lang.reflect.Constructor.newInstanceWithCaller(Constructor.java:499)
at java.base/java.lang.reflect.Constructor.newInstance(Constructor.java:480)
at org.openqa.selenium.remote.codec.w3c.W3CHttpResponseCodec.createException(W3CHttpResponseCodec.java:200)
at org.openqa.selenium.remote.codec.w3c.W3CHttpResponseCodec.decode(W3CHttpResponseCodec.java:133)
at org.openqa.selenium.remote.codec.w3c.W3CHttpResponseCodec.decode(W3CHttpResponseCodec.java:52)
at org.openqa.selenium.remote.HttpCommandExecutor.execute(HttpCommandExecutor.java:191)
at org.openqa.selenium.remote.service.DriverCommandExecutor.invokeExecute(DriverCommandExecutor.java:196)
at org.openqa.selenium.remote.service.DriverCommandExecutor.execute(DriverCommandExecutor.java:171)
at org.openqa.selenium.remote.RemoteWebDriver.execute(RemoteWebDriver.java:518)
at org.openqa.selenium.remote.RemoteWebElement.execute(RemoteWebElement.java:224)
at org.openqa.selenium.remote.RemoteWebElement.click(RemoteWebElement.java:77)
at jdk.internal.reflect.GeneratedMethodAccessor2.invoke(Unknown Source)
at java.base/jdk.internal.reflect.DelegatingMethodAccessorImpl.invoke(DelegatingMethodAccessorImpl.java:43)
at java.base/java.lang.reflect.Method.invoke(Method.java:568)
at org.openqa.selenium.support.pagefactory.internal.LocatingElementHandler.invoke(LocatingElementHandler.java:51)
at jdk.proxy2/jdk.proxy2.$Proxy39.click(Unknown Source)
at pagesOfYasasiiWeb.KIMS_OPInvoiceTask_yasassiweb.Patreg(KIMS_OPInvoiceTask_yasassiweb.java:480)
at pagesTestCasesYasasiiWeb.KIMS_OPInvoiceTask_TestcaseYW.Reg(KIMS_OPInvoiceTask_TestcaseYW.java:41)
at jdk.internal.reflect.GeneratedMethodAccessor7.invoke(Unknown Source)
at java.base/jdk.internal.reflect.DelegatingMethodAccessorImpl.invoke(DelegatingMethodAccessorImpl.java:43)
at java.base/java.lang.reflect.Method.invoke(Method.java:568)
at org.testng.internal.MethodInvocationHelper.invokeMethod(MethodInvocationHelper.java:132)
at org.testng.internal.TestInvoker.invokeMethod(TestInvoker.java:599)
at org.testng.internal.TestInvoker.invokeTestMethod(TestInvoker.java:174)
at org.testng.internal.MethodRunner.runInSequence(MethodRunner.java:46)
at org.testng.internal.TestInvoker$MethodInvocationAgent.invoke(TestInvoker.java:822)
at org.testng.internal.TestInvoker.invokeTestMethods(TestInvoker.java:147)
at org.testng.internal.TestMethodWorker.invokeTestMethods(TestMethodWorker.java:146)
at org.testng.internal.TestMethodWorker.run(TestMethodWorker.java:128)
at java.base/java.util.ArrayList.forEach(ArrayList.java:1511)
at org.testng.TestRunner.privateRun(TestRunner.java:764)
at org.testng.TestRunner.run(TestRunner.java:585)
at org.testng.SuiteRunner.runTest(SuiteRunner.java:384)
at org.testng.SuiteRunner.runSequentially(SuiteRunner.java:378)
at org.testng.SuiteRunner.privateRun(SuiteRunner.java:337)
at org.testng.SuiteRunner.run(SuiteRunner.java:286)
at org.testng.SuiteRunnerWorker.runSuite(SuiteRunnerWorker.java:53)
at org.testng.SuiteRunnerWorker.run(SuiteRunnerWorker.java:96)
at org.testng.TestNG.runSuitesSequentially(TestNG.java:1218)
at org.testng.TestNG.runSuitesLocally(TestNG.java:1140)
at org.testng.TestNG.runSuites(TestNG.java:1069)
at org.testng.TestNG.run(TestNG.java:1037)
at org.testng.remote.AbstractRemoteTestNG.run(AbstractRemoteTestNG.java:115)
at org.testng.remote.RemoteTestNG.initAndRun(RemoteTestNG.java:251)
at org.testng.remote.RemoteTestNG.main(RemoteTestNG.java:77)
]]>
    </error>
  </testcase> <!-- Reg -->
  <system-out/>
  <testcase classname="pagesTestCasesYasasiiWeb.KIMS_OPInvoiceTask_TestcaseYW" name="Reg" time="0.000">
    <skipped/>
  </testcase> <!-- Reg -->
  <system-out/>
  <testcase classname="pagesTestCasesYasasiiWeb.KIMS_OPInvoiceTask_TestcaseYW" name="Reg" time="0.000">
    <skipped/>
  </testcase> <!-- Reg -->
  <system-out/>
  <testcase classname="pagesTestCasesYasasiiWeb.KIMS_OPInvoiceTask_TestcaseYW" name="Reg" time="0.000">
    <skipped/>
  </testcase> <!-- Reg -->
  <system-out/>
  <testcase classname="pagesTestCasesYasasiiWeb.KIMS_OPInvoiceTask_TestcaseYW" name="Reg" time="0.000">
    <skipped/>
  </testcase> <!-- Reg -->
  <system-out/>
  <testcase classname="pagesTestCasesYasasiiWeb.KIMS_OPInvoiceTask_TestcaseYW" name="Reg" time="0.000">
    <skipped/>
  </testcase> <!-- Reg -->
  <system-out/>
  <testcase classname="pagesTestCasesYasasiiWeb.KIMS_OPInvoiceTask_TestcaseYW" name="Reg" time="145.927"/>
  <system-out/>
  <testcase classname="pagesTestCasesYasasiiWeb.KIMS_OPInvoiceTask_TestcaseYW" name="Reg" time="0.000">
    <skipped/>
  </testcase> <!-- Reg -->
  <system-out/>
  <testcase classname="pagesTestCasesYasasiiWeb.KIMS_OPInvoiceTask_TestcaseYW" name="Reg" time="0.000">
    <skipped/>
  </testcase> <!-- Reg -->
  <system-out/>
  <testcase classname="pagesTestCasesYasasiiWeb.KIMS_OPInvoiceTask_TestcaseYW" name="Reg" time="6.670">
    <error message="element click intercepted: Element &lt;div class=&quot;bar2&quot;&gt;&lt;/div&gt; is not clickable at point (26, 22). Other element would receive the click: &lt;div _ngcontent-utm-c2=&quot;&quot; aria-hidden=&quot;false&quot; aria-labelledby=&quot;myLargeModalLabel&quot; class=&quot;modal ki-dialog fade blockoutside in show&quot; kidialog=&quot;&quot; role=&quot;dialog&quot; tabindex=&quot;-1&quot; aria-modal=&quot;true&quot; style=&quot;display: block;&quot;&gt;...&lt;/div&gt;
  (Session info: chrome=120.0.6099.217)
Build info: version: &#039;4.11.0&#039;, revision: &#039;040bc5406b&#039;
System info: os.name: &#039;Windows 10&#039;, os.arch: &#039;amd64&#039;, os.version: &#039;10.0&#039;, java.version: &#039;17.0.7&#039;
Driver info: org.openqa.selenium.chrome.ChromeDriver
Command: [a5423fabe4265fafec3dd0c017f65c37, clickElement {id=BAF2F35168AFE3E25F277C8A51A65BC3_element_278}]
Capabilities {acceptInsecureCerts: false, browserName: chrome, browserVersion: 120.0.6099.217, chrome: {chromedriverVersion: 119.0.6045.105 (38c72552c5e..., userDataDir: C:\Users\sriram\AppData\Loc...}, fedcm:accounts: true, goog:chromeOptions: {debuggerAddress: localhost:55169}, networkConnectionEnabled: false, pageLoadStrategy: normal, platformName: windows, proxy: Proxy(), se:cdp: ws://localhost:55169/devtoo..., se:cdpVersion: 120.0.6099.217, setWindowRect: true, strictFileInteractability: false, timeouts: {implicit: 0, pageLoad: 300000, script: 30000}, unhandledPromptBehavior: dismiss and notify, webauthn:extension:credBlob: true, webauthn:extension:largeBlob: true, webauthn:extension:minPinLength: true, webauthn:extension:prf: true, webauthn:virtualAuthenticators: true}
Element: [[ChromeDriver: chrome on windows (a5423fabe4265fafec3dd0c017f65c37)] -&gt; xpath: //a[@class=&#039;nav-link navbar-brand menu&#039;]//div[@class=&#039;bar2&#039;]]
Session ID: a5423fabe4265fafec3dd0c017f65c37" type="org.openqa.selenium.ElementClickInterceptedException">
      <![CDATA[org.openqa.selenium.ElementClickInterceptedException: element click intercepted: Element <div class="bar2"></div> is not clickable at point (26, 22). Other element would receive the click: <div _ngcontent-utm-c2="" aria-hidden="false" aria-labelledby="myLargeModalLabel" class="modal ki-dialog fade blockoutside in show" kidialog="" role="dialog" tabindex="-1" aria-modal="true" style="display: block;">...</div>
  (Session info: chrome=120.0.6099.217)
Build info: version: '4.11.0', revision: '040bc5406b'
System info: os.name: 'Windows 10', os.arch: 'amd64', os.version: '10.0', java.version: '17.0.7'
Driver info: org.openqa.selenium.chrome.ChromeDriver
Command: [a5423fabe4265fafec3dd0c017f65c37, clickElement {id=BAF2F35168AFE3E25F277C8A51A65BC3_element_278}]
Capabilities {acceptInsecureCerts: false, browserName: chrome, browserVersion: 120.0.6099.217, chrome: {chromedriverVersion: 119.0.6045.105 (38c72552c5e..., userDataDir: C:\Users\sriram\AppData\Loc...}, fedcm:accounts: true, goog:chromeOptions: {debuggerAddress: localhost:55169}, networkConnectionEnabled: false, pageLoadStrategy: normal, platformName: windows, proxy: Proxy(), se:cdp: ws://localhost:55169/devtoo..., se:cdpVersion: 120.0.6099.217, setWindowRect: true, strictFileInteractability: false, timeouts: {implicit: 0, pageLoad: 300000, script: 30000}, unhandledPromptBehavior: dismiss and notify, webauthn:extension:credBlob: true, webauthn:extension:largeBlob: true, webauthn:extension:minPinLength: true, webauthn:extension:prf: true, webauthn:virtualAuthenticators: true}
Element: [[ChromeDriver: chrome on windows (a5423fabe4265fafec3dd0c017f65c37)] -> xpath: //a[@class='nav-link navbar-brand menu']//div[@class='bar2']]
Session ID: a5423fabe4265fafec3dd0c017f65c37
at java.base/jdk.internal.reflect.NativeConstructorAccessorImpl.newInstance0(Native Method)
at java.base/jdk.internal.reflect.NativeConstructorAccessorImpl.newInstance(NativeConstructorAccessorImpl.java:77)
at java.base/jdk.internal.reflect.DelegatingConstructorAccessorImpl.newInstance(DelegatingConstructorAccessorImpl.java:45)
at java.base/java.lang.reflect.Constructor.newInstanceWithCaller(Constructor.java:499)
at java.base/java.lang.reflect.Constructor.newInstance(Constructor.java:480)
at org.openqa.selenium.remote.codec.w3c.W3CHttpResponseCodec.createException(W3CHttpResponseCodec.java:200)
at org.openqa.selenium.remote.codec.w3c.W3CHttpResponseCodec.decode(W3CHttpResponseCodec.java:133)
at org.openqa.selenium.remote.codec.w3c.W3CHttpResponseCodec.decode(W3CHttpResponseCodec.java:52)
at org.openqa.selenium.remote.HttpCommandExecutor.execute(HttpCommandExecutor.java:191)
at org.openqa.selenium.remote.service.DriverCommandExecutor.invokeExecute(DriverCommandExecutor.java:196)
at org.openqa.selenium.remote.service.DriverCommandExecutor.execute(DriverCommandExecutor.java:171)
at org.openqa.selenium.remote.RemoteWebDriver.execute(RemoteWebDriver.java:518)
at org.openqa.selenium.remote.RemoteWebElement.execute(RemoteWebElement.java:224)
at org.openqa.selenium.remote.RemoteWebElement.click(RemoteWebElement.java:77)
at jdk.internal.reflect.GeneratedMethodAccessor2.invoke(Unknown Source)
at java.base/jdk.internal.reflect.DelegatingMethodAccessorImpl.invoke(DelegatingMethodAccessorImpl.java:43)
at java.base/java.lang.reflect.Method.invoke(Method.java:568)
at org.openqa.selenium.support.pagefactory.internal.LocatingElementHandler.invoke(LocatingElementHandler.java:51)
at jdk.proxy2/jdk.proxy2.$Proxy39.click(Unknown Source)
at pagesOfYasasiiWeb.KIMS_OPInvoiceTask_yasassiweb.Patreg(KIMS_OPInvoiceTask_yasassiweb.java:480)
at pagesTestCasesYasasiiWeb.KIMS_OPInvoiceTask_TestcaseYW.Reg(KIMS_OPInvoiceTask_TestcaseYW.java:41)
at jdk.internal.reflect.GeneratedMethodAccessor7.invoke(Unknown Source)
at java.base/jdk.internal.reflect.DelegatingMethodAccessorImpl.invoke(DelegatingMethodAccessorImpl.java:43)
at java.base/java.lang.reflect.Method.invoke(Method.java:568)
at org.testng.internal.MethodInvocationHelper.invokeMethod(MethodInvocationHelper.java:132)
at org.testng.internal.TestInvoker.invokeMethod(TestInvoker.java:599)
at org.testng.internal.TestInvoker.invokeTestMethod(TestInvoker.java:174)
at org.testng.internal.MethodRunner.runInSequence(MethodRunner.java:46)
at org.testng.internal.TestInvoker$MethodInvocationAgent.invoke(TestInvoker.java:822)
at org.testng.internal.TestInvoker.invokeTestMethods(TestInvoker.java:147)
at org.testng.internal.TestMethodWorker.invokeTestMethods(TestMethodWorker.java:146)
at org.testng.internal.TestMethodWorker.run(TestMethodWorker.java:128)
at java.base/java.util.ArrayList.forEach(ArrayList.java:1511)
at org.testng.TestRunner.privateRun(TestRunner.java:764)
at org.testng.TestRunner.run(TestRunner.java:585)
at org.testng.SuiteRunner.runTest(SuiteRunner.java:384)
at org.testng.SuiteRunner.runSequentially(SuiteRunner.java:378)
at org.testng.SuiteRunner.privateRun(SuiteRunner.java:337)
at org.testng.SuiteRunner.run(SuiteRunner.java:286)
at org.testng.SuiteRunnerWorker.runSuite(SuiteRunnerWorker.java:53)
at org.testng.SuiteRunnerWorker.run(SuiteRunnerWorker.java:96)
at org.testng.TestNG.runSuitesSequentially(TestNG.java:1218)
at org.testng.TestNG.runSuitesLocally(TestNG.java:1140)
at org.testng.TestNG.runSuites(TestNG.java:1069)
at org.testng.TestNG.run(TestNG.java:1037)
at org.testng.remote.AbstractRemoteTestNG.run(AbstractRemoteTestNG.java:115)
at org.testng.remote.RemoteTestNG.initAndRun(RemoteTestNG.java:251)
at org.testng.remote.RemoteTestNG.main(RemoteTestNG.java:77)
]]>
    </error>
  </testcase> <!-- Reg -->
  <system-out/>
  <testcase classname="pagesTestCasesYasasiiWeb.KIMS_OPInvoiceTask_TestcaseYW" name="Reg" time="0.000">
    <skipped/>
  </testcase> <!-- Reg -->
  <system-out/>
  <testcase classname="pagesTestCasesYasasiiWeb.KIMS_OPInvoiceTask_TestcaseYW" name="Reg" time="0.000">
    <skipped/>
  </testcase> <!-- Reg -->
  <system-out/>
  <testcase classname="pagesTestCasesYasasiiWeb.KIMS_OPInvoiceTask_TestcaseYW" name="Reg" time="0.000">
    <skipped/>
  </testcase> <!-- Reg -->
  <system-out/>
  <testcase classname="pagesTestCasesYasasiiWeb.KIMS_OPInvoiceTask_TestcaseYW" name="Reg" time="6.647">
    <error message="element click intercepted: Element &lt;div class=&quot;bar2&quot;&gt;&lt;/div&gt; is not clickable at point (26, 22). Other element would receive the click: &lt;div _ngcontent-utm-c2=&quot;&quot; aria-hidden=&quot;false&quot; aria-labelledby=&quot;myLargeModalLabel&quot; class=&quot;modal ki-dialog fade blockoutside in show&quot; kidialog=&quot;&quot; role=&quot;dialog&quot; tabindex=&quot;-1&quot; aria-modal=&quot;true&quot; style=&quot;display: block;&quot;&gt;...&lt;/div&gt;
  (Session info: chrome=120.0.6099.217)
Build info: version: &#039;4.11.0&#039;, revision: &#039;040bc5406b&#039;
System info: os.name: &#039;Windows 10&#039;, os.arch: &#039;amd64&#039;, os.version: &#039;10.0&#039;, java.version: &#039;17.0.7&#039;
Driver info: org.openqa.selenium.chrome.ChromeDriver
Command: [a5423fabe4265fafec3dd0c017f65c37, clickElement {id=BAF2F35168AFE3E25F277C8A51A65BC3_element_278}]
Capabilities {acceptInsecureCerts: false, browserName: chrome, browserVersion: 120.0.6099.217, chrome: {chromedriverVersion: 119.0.6045.105 (38c72552c5e..., userDataDir: C:\Users\sriram\AppData\Loc...}, fedcm:accounts: true, goog:chromeOptions: {debuggerAddress: localhost:55169}, networkConnectionEnabled: false, pageLoadStrategy: normal, platformName: windows, proxy: Proxy(), se:cdp: ws://localhost:55169/devtoo..., se:cdpVersion: 120.0.6099.217, setWindowRect: true, strictFileInteractability: false, timeouts: {implicit: 0, pageLoad: 300000, script: 30000}, unhandledPromptBehavior: dismiss and notify, webauthn:extension:credBlob: true, webauthn:extension:largeBlob: true, webauthn:extension:minPinLength: true, webauthn:extension:prf: true, webauthn:virtualAuthenticators: true}
Element: [[ChromeDriver: chrome on windows (a5423fabe4265fafec3dd0c017f65c37)] -&gt; xpath: //a[@class=&#039;nav-link navbar-brand menu&#039;]//div[@class=&#039;bar2&#039;]]
Session ID: a5423fabe4265fafec3dd0c017f65c37" type="org.openqa.selenium.ElementClickInterceptedException">
      <![CDATA[org.openqa.selenium.ElementClickInterceptedException: element click intercepted: Element <div class="bar2"></div> is not clickable at point (26, 22). Other element would receive the click: <div _ngcontent-utm-c2="" aria-hidden="false" aria-labelledby="myLargeModalLabel" class="modal ki-dialog fade blockoutside in show" kidialog="" role="dialog" tabindex="-1" aria-modal="true" style="display: block;">...</div>
  (Session info: chrome=120.0.6099.217)
Build info: version: '4.11.0', revision: '040bc5406b'
System info: os.name: 'Windows 10', os.arch: 'amd64', os.version: '10.0', java.version: '17.0.7'
Driver info: org.openqa.selenium.chrome.ChromeDriver
Command: [a5423fabe4265fafec3dd0c017f65c37, clickElement {id=BAF2F35168AFE3E25F277C8A51A65BC3_element_278}]
Capabilities {acceptInsecureCerts: false, browserName: chrome, browserVersion: 120.0.6099.217, chrome: {chromedriverVersion: 119.0.6045.105 (38c72552c5e..., userDataDir: C:\Users\sriram\AppData\Loc...}, fedcm:accounts: true, goog:chromeOptions: {debuggerAddress: localhost:55169}, networkConnectionEnabled: false, pageLoadStrategy: normal, platformName: windows, proxy: Proxy(), se:cdp: ws://localhost:55169/devtoo..., se:cdpVersion: 120.0.6099.217, setWindowRect: true, strictFileInteractability: false, timeouts: {implicit: 0, pageLoad: 300000, script: 30000}, unhandledPromptBehavior: dismiss and notify, webauthn:extension:credBlob: true, webauthn:extension:largeBlob: true, webauthn:extension:minPinLength: true, webauthn:extension:prf: true, webauthn:virtualAuthenticators: true}
Element: [[ChromeDriver: chrome on windows (a5423fabe4265fafec3dd0c017f65c37)] -> xpath: //a[@class='nav-link navbar-brand menu']//div[@class='bar2']]
Session ID: a5423fabe4265fafec3dd0c017f65c37
at java.base/jdk.internal.reflect.NativeConstructorAccessorImpl.newInstance0(Native Method)
at java.base/jdk.internal.reflect.NativeConstructorAccessorImpl.newInstance(NativeConstructorAccessorImpl.java:77)
at java.base/jdk.internal.reflect.DelegatingConstructorAccessorImpl.newInstance(DelegatingConstructorAccessorImpl.java:45)
at java.base/java.lang.reflect.Constructor.newInstanceWithCaller(Constructor.java:499)
at java.base/java.lang.reflect.Constructor.newInstance(Constructor.java:480)
at org.openqa.selenium.remote.codec.w3c.W3CHttpResponseCodec.createException(W3CHttpResponseCodec.java:200)
at org.openqa.selenium.remote.codec.w3c.W3CHttpResponseCodec.decode(W3CHttpResponseCodec.java:133)
at org.openqa.selenium.remote.codec.w3c.W3CHttpResponseCodec.decode(W3CHttpResponseCodec.java:52)
at org.openqa.selenium.remote.HttpCommandExecutor.execute(HttpCommandExecutor.java:191)
at org.openqa.selenium.remote.service.DriverCommandExecutor.invokeExecute(DriverCommandExecutor.java:196)
at org.openqa.selenium.remote.service.DriverCommandExecutor.execute(DriverCommandExecutor.java:171)
at org.openqa.selenium.remote.RemoteWebDriver.execute(RemoteWebDriver.java:518)
at org.openqa.selenium.remote.RemoteWebElement.execute(RemoteWebElement.java:224)
at org.openqa.selenium.remote.RemoteWebElement.click(RemoteWebElement.java:77)
at jdk.internal.reflect.GeneratedMethodAccessor2.invoke(Unknown Source)
at java.base/jdk.internal.reflect.DelegatingMethodAccessorImpl.invoke(DelegatingMethodAccessorImpl.java:43)
at java.base/java.lang.reflect.Method.invoke(Method.java:568)
at org.openqa.selenium.support.pagefactory.internal.LocatingElementHandler.invoke(LocatingElementHandler.java:51)
at jdk.proxy2/jdk.proxy2.$Proxy39.click(Unknown Source)
at pagesOfYasasiiWeb.KIMS_OPInvoiceTask_yasassiweb.Patreg(KIMS_OPInvoiceTask_yasassiweb.java:480)
at pagesTestCasesYasasiiWeb.KIMS_OPInvoiceTask_TestcaseYW.Reg(KIMS_OPInvoiceTask_TestcaseYW.java:41)
at jdk.internal.reflect.GeneratedMethodAccessor7.invoke(Unknown Source)
at java.base/jdk.internal.reflect.DelegatingMethodAccessorImpl.invoke(DelegatingMethodAccessorImpl.java:43)
at java.base/java.lang.reflect.Method.invoke(Method.java:568)
at org.testng.internal.MethodInvocationHelper.invokeMethod(MethodInvocationHelper.java:132)
at org.testng.internal.TestInvoker.invokeMethod(TestInvoker.java:599)
at org.testng.internal.TestInvoker.invokeTestMethod(TestInvoker.java:174)
at org.testng.internal.MethodRunner.runInSequence(MethodRunner.java:46)
at org.testng.internal.TestInvoker$MethodInvocationAgent.invoke(TestInvoker.java:822)
at org.testng.internal.TestInvoker.invokeTestMethods(TestInvoker.java:147)
at org.testng.internal.TestMethodWorker.invokeTestMethods(TestMethodWorker.java:146)
at org.testng.internal.TestMethodWorker.run(TestMethodWorker.java:128)
at java.base/java.util.ArrayList.forEach(ArrayList.java:1511)
at org.testng.TestRunner.privateRun(TestRunner.java:764)
at org.testng.TestRunner.run(TestRunner.java:585)
at org.testng.SuiteRunner.runTest(SuiteRunner.java:384)
at org.testng.SuiteRunner.runSequentially(SuiteRunner.java:378)
at org.testng.SuiteRunner.privateRun(SuiteRunner.java:337)
at org.testng.SuiteRunner.run(SuiteRunner.java:286)
at org.testng.SuiteRunnerWorker.runSuite(SuiteRunnerWorker.java:53)
at org.testng.SuiteRunnerWorker.run(SuiteRunnerWorker.java:96)
at org.testng.TestNG.runSuitesSequentially(TestNG.java:1218)
at org.testng.TestNG.runSuitesLocally(TestNG.java:1140)
at org.testng.TestNG.runSuites(TestNG.java:1069)
at org.testng.TestNG.run(TestNG.java:1037)
at org.testng.remote.AbstractRemoteTestNG.run(AbstractRemoteTestNG.java:115)
at org.testng.remote.RemoteTestNG.initAndRun(RemoteTestNG.java:251)
at org.testng.remote.RemoteTestNG.main(RemoteTestNG.java:77)
]]>
    </error>
  </testcase> <!-- Reg -->
  <system-out/>
  <testcase classname="pagesTestCasesYasasiiWeb.KIMS_OPInvoiceTask_TestcaseYW" name="Reg" time="0.000">
    <skipped/>
  </testcase> <!-- Reg -->
  <system-out/>
  <testcase classname="pagesTestCasesYasasiiWeb.KIMS_OPInvoiceTask_TestcaseYW" name="Reg" time="0.000">
    <skipped/>
  </testcase> <!-- Reg -->
  <system-out/>
  <testcase classname="pagesTestCasesYasasiiWeb.KIMS_OPInvoiceTask_TestcaseYW" name="Reg" time="0.000">
    <skipped/>
  </testcase> <!-- Reg -->
  <system-out/>
  <testcase classname="pagesTestCasesYasasiiWeb.KIMS_OPInvoiceTask_TestcaseYW" name="Reg" time="0.000">
    <skipped/>
  </testcase> <!-- Reg -->
  <system-out/>
  <testcase classname="pagesTestCasesYasasiiWeb.KIMS_OPInvoiceTask_TestcaseYW" name="Reg" time="0.000">
    <skipped/>
  </testcase> <!-- Reg -->
  <system-out/>
  <testcase classname="pagesTestCasesYasasiiWeb.KIMS_OPInvoiceTask_TestcaseYW" name="Reg" time="0.000">
    <skipped/>
  </testcase> <!-- Reg -->
  <system-out/>
  <testcase classname="pagesTestCasesYasasiiWeb.KIMS_OPInvoiceTask_TestcaseYW" name="Reg" time="0.000">
    <skipped/>
  </testcase> <!-- Reg -->
  <system-out/>
  <testcase classname="pagesTestCasesYasasiiWeb.KIMS_OPInvoiceTask_TestcaseYW" name="Reg" time="0.001">
    <skipped/>
  </testcase> <!-- Reg -->
  <system-out/>
  <testcase classname="pagesTestCasesYasasiiWeb.KIMS_OPInvoiceTask_TestcaseYW" name="Reg" time="0.000">
    <skipped/>
  </testcase> <!-- Reg -->
  <system-out/>
  <testcase classname="pagesTestCasesYasasiiWeb.KIMS_OPInvoiceTask_TestcaseYW" name="Reg" time="0.000">
    <skipped/>
  </testcase> <!-- Reg -->
  <system-out/>
  <testcase classname="pagesTestCasesYasasiiWeb.KIMS_OPInvoiceTask_TestcaseYW" name="Reg" time="0.000">
    <skipped/>
  </testcase> <!-- Reg -->
  <system-out/>
  <testcase classname="pagesTestCasesYasasiiWeb.KIMS_OPInvoiceTask_TestcaseYW" name="Reg" time="0.000">
    <skipped/>
  </testcase> <!-- Reg -->
  <system-out/>
  <testcase classname="pagesTestCasesYasasiiWeb.KIMS_OPInvoiceTask_TestcaseYW" name="Reg" time="0.000">
    <skipped/>
  </testcase> <!-- Reg -->
  <system-out/>
  <testcase classname="pagesTestCasesYasasiiWeb.KIMS_OPInvoiceTask_TestcaseYW" name="Reg" time="0.000">
    <skipped/>
  </testcase> <!-- Reg -->
  <system-out/>
  <testcase classname="pagesTestCasesYasasiiWeb.KIMS_OPInvoiceTask_TestcaseYW" name="Reg" time="0.000">
    <skipped/>
  </testcase> <!-- Reg -->
  <system-out/>
  <testcase classname="pagesTestCasesYasasiiWeb.KIMS_OPInvoiceTask_TestcaseYW" name="Reg" time="0.000">
    <skipped/>
  </testcase> <!-- Reg -->
  <system-out/>
  <testcase classname="pagesTestCasesYasasiiWeb.KIMS_OPInvoiceTask_TestcaseYW" name="Reg" time="0.000">
    <skipped/>
  </testcase> <!-- Reg -->
  <system-out/>
  <testcase classname="pagesTestCasesYasasiiWeb.KIMS_OPInvoiceTask_TestcaseYW" name="Reg" time="0.000">
    <skipped/>
  </testcase> <!-- Reg -->
  <system-out/>
  <testcase classname="pagesTestCasesYasasiiWeb.KIMS_OPInvoiceTask_TestcaseYW" name="Reg" time="0.000">
    <skipped/>
  </testcase> <!-- Reg -->
  <system-out/>
  <testcase classname="pagesTestCasesYasasiiWeb.KIMS_OPInvoiceTask_TestcaseYW" name="Reg" time="0.000">
    <skipped/>
  </testcase> <!-- Reg -->
  <system-out/>
  <testcase classname="pagesTestCasesYasasiiWeb.KIMS_OPInvoiceTask_TestcaseYW" name="Reg" time="6.696">
    <error message="element click intercepted: Element &lt;div class=&quot;bar2&quot;&gt;&lt;/div&gt; is not clickable at point (26, 22). Other element would receive the click: &lt;div _ngcontent-utm-c2=&quot;&quot; aria-hidden=&quot;false&quot; aria-labelledby=&quot;myLargeModalLabel&quot; class=&quot;modal ki-dialog fade blockoutside in show&quot; kidialog=&quot;&quot; role=&quot;dialog&quot; tabindex=&quot;-1&quot; aria-modal=&quot;true&quot; style=&quot;display: block;&quot;&gt;...&lt;/div&gt;
  (Session info: chrome=120.0.6099.217)
Build info: version: &#039;4.11.0&#039;, revision: &#039;040bc5406b&#039;
System info: os.name: &#039;Windows 10&#039;, os.arch: &#039;amd64&#039;, os.version: &#039;10.0&#039;, java.version: &#039;17.0.7&#039;
Driver info: org.openqa.selenium.chrome.ChromeDriver
Command: [a5423fabe4265fafec3dd0c017f65c37, clickElement {id=BAF2F35168AFE3E25F277C8A51A65BC3_element_278}]
Capabilities {acceptInsecureCerts: false, browserName: chrome, browserVersion: 120.0.6099.217, chrome: {chromedriverVersion: 119.0.6045.105 (38c72552c5e..., userDataDir: C:\Users\sriram\AppData\Loc...}, fedcm:accounts: true, goog:chromeOptions: {debuggerAddress: localhost:55169}, networkConnectionEnabled: false, pageLoadStrategy: normal, platformName: windows, proxy: Proxy(), se:cdp: ws://localhost:55169/devtoo..., se:cdpVersion: 120.0.6099.217, setWindowRect: true, strictFileInteractability: false, timeouts: {implicit: 0, pageLoad: 300000, script: 30000}, unhandledPromptBehavior: dismiss and notify, webauthn:extension:credBlob: true, webauthn:extension:largeBlob: true, webauthn:extension:minPinLength: true, webauthn:extension:prf: true, webauthn:virtualAuthenticators: true}
Element: [[ChromeDriver: chrome on windows (a5423fabe4265fafec3dd0c017f65c37)] -&gt; xpath: //a[@class=&#039;nav-link navbar-brand menu&#039;]//div[@class=&#039;bar2&#039;]]
Session ID: a5423fabe4265fafec3dd0c017f65c37" type="org.openqa.selenium.ElementClickInterceptedException">
      <![CDATA[org.openqa.selenium.ElementClickInterceptedException: element click intercepted: Element <div class="bar2"></div> is not clickable at point (26, 22). Other element would receive the click: <div _ngcontent-utm-c2="" aria-hidden="false" aria-labelledby="myLargeModalLabel" class="modal ki-dialog fade blockoutside in show" kidialog="" role="dialog" tabindex="-1" aria-modal="true" style="display: block;">...</div>
  (Session info: chrome=120.0.6099.217)
Build info: version: '4.11.0', revision: '040bc5406b'
System info: os.name: 'Windows 10', os.arch: 'amd64', os.version: '10.0', java.version: '17.0.7'
Driver info: org.openqa.selenium.chrome.ChromeDriver
Command: [a5423fabe4265fafec3dd0c017f65c37, clickElement {id=BAF2F35168AFE3E25F277C8A51A65BC3_element_278}]
Capabilities {acceptInsecureCerts: false, browserName: chrome, browserVersion: 120.0.6099.217, chrome: {chromedriverVersion: 119.0.6045.105 (38c72552c5e..., userDataDir: C:\Users\sriram\AppData\Loc...}, fedcm:accounts: true, goog:chromeOptions: {debuggerAddress: localhost:55169}, networkConnectionEnabled: false, pageLoadStrategy: normal, platformName: windows, proxy: Proxy(), se:cdp: ws://localhost:55169/devtoo..., se:cdpVersion: 120.0.6099.217, setWindowRect: true, strictFileInteractability: false, timeouts: {implicit: 0, pageLoad: 300000, script: 30000}, unhandledPromptBehavior: dismiss and notify, webauthn:extension:credBlob: true, webauthn:extension:largeBlob: true, webauthn:extension:minPinLength: true, webauthn:extension:prf: true, webauthn:virtualAuthenticators: true}
Element: [[ChromeDriver: chrome on windows (a5423fabe4265fafec3dd0c017f65c37)] -> xpath: //a[@class='nav-link navbar-brand menu']//div[@class='bar2']]
Session ID: a5423fabe4265fafec3dd0c017f65c37
at java.base/jdk.internal.reflect.NativeConstructorAccessorImpl.newInstance0(Native Method)
at java.base/jdk.internal.reflect.NativeConstructorAccessorImpl.newInstance(NativeConstructorAccessorImpl.java:77)
at java.base/jdk.internal.reflect.DelegatingConstructorAccessorImpl.newInstance(DelegatingConstructorAccessorImpl.java:45)
at java.base/java.lang.reflect.Constructor.newInstanceWithCaller(Constructor.java:499)
at java.base/java.lang.reflect.Constructor.newInstance(Constructor.java:480)
at org.openqa.selenium.remote.codec.w3c.W3CHttpResponseCodec.createException(W3CHttpResponseCodec.java:200)
at org.openqa.selenium.remote.codec.w3c.W3CHttpResponseCodec.decode(W3CHttpResponseCodec.java:133)
at org.openqa.selenium.remote.codec.w3c.W3CHttpResponseCodec.decode(W3CHttpResponseCodec.java:52)
at org.openqa.selenium.remote.HttpCommandExecutor.execute(HttpCommandExecutor.java:191)
at org.openqa.selenium.remote.service.DriverCommandExecutor.invokeExecute(DriverCommandExecutor.java:196)
at org.openqa.selenium.remote.service.DriverCommandExecutor.execute(DriverCommandExecutor.java:171)
at org.openqa.selenium.remote.RemoteWebDriver.execute(RemoteWebDriver.java:518)
at org.openqa.selenium.remote.RemoteWebElement.execute(RemoteWebElement.java:224)
at org.openqa.selenium.remote.RemoteWebElement.click(RemoteWebElement.java:77)
at jdk.internal.reflect.GeneratedMethodAccessor2.invoke(Unknown Source)
at java.base/jdk.internal.reflect.DelegatingMethodAccessorImpl.invoke(DelegatingMethodAccessorImpl.java:43)
at java.base/java.lang.reflect.Method.invoke(Method.java:568)
at org.openqa.selenium.support.pagefactory.internal.LocatingElementHandler.invoke(LocatingElementHandler.java:51)
at jdk.proxy2/jdk.proxy2.$Proxy39.click(Unknown Source)
at pagesOfYasasiiWeb.KIMS_OPInvoiceTask_yasassiweb.Patreg(KIMS_OPInvoiceTask_yasassiweb.java:480)
at pagesTestCasesYasasiiWeb.KIMS_OPInvoiceTask_TestcaseYW.Reg(KIMS_OPInvoiceTask_TestcaseYW.java:41)
at jdk.internal.reflect.GeneratedMethodAccessor7.invoke(Unknown Source)
at java.base/jdk.internal.reflect.DelegatingMethodAccessorImpl.invoke(DelegatingMethodAccessorImpl.java:43)
at java.base/java.lang.reflect.Method.invoke(Method.java:568)
at org.testng.internal.MethodInvocationHelper.invokeMethod(MethodInvocationHelper.java:132)
at org.testng.internal.TestInvoker.invokeMethod(TestInvoker.java:599)
at org.testng.internal.TestInvoker.invokeTestMethod(TestInvoker.java:174)
at org.testng.internal.MethodRunner.runInSequence(MethodRunner.java:46)
at org.testng.internal.TestInvoker$MethodInvocationAgent.invoke(TestInvoker.java:822)
at org.testng.internal.TestInvoker.invokeTestMethods(TestInvoker.java:147)
at org.testng.internal.TestMethodWorker.invokeTestMethods(TestMethodWorker.java:146)
at org.testng.internal.TestMethodWorker.run(TestMethodWorker.java:128)
at java.base/java.util.ArrayList.forEach(ArrayList.java:1511)
at org.testng.TestRunner.privateRun(TestRunner.java:764)
at org.testng.TestRunner.run(TestRunner.java:585)
at org.testng.SuiteRunner.runTest(SuiteRunner.java:384)
at org.testng.SuiteRunner.runSequentially(SuiteRunner.java:378)
at org.testng.SuiteRunner.privateRun(SuiteRunner.java:337)
at org.testng.SuiteRunner.run(SuiteRunner.java:286)
at org.testng.SuiteRunnerWorker.runSuite(SuiteRunnerWorker.java:53)
at org.testng.SuiteRunnerWorker.run(SuiteRunnerWorker.java:96)
at org.testng.TestNG.runSuitesSequentially(TestNG.java:1218)
at org.testng.TestNG.runSuitesLocally(TestNG.java:1140)
at org.testng.TestNG.runSuites(TestNG.java:1069)
at org.testng.TestNG.run(TestNG.java:1037)
at org.testng.remote.AbstractRemoteTestNG.run(AbstractRemoteTestNG.java:115)
at org.testng.remote.RemoteTestNG.initAndRun(RemoteTestNG.java:251)
at org.testng.remote.RemoteTestNG.main(RemoteTestNG.java:77)
]]>
    </error>
  </testcase> <!-- Reg -->
  <system-out/>
  <testcase classname="pagesTestCasesYasasiiWeb.KIMS_OPInvoiceTask_TestcaseYW" name="Reg" time="0.000">
    <skipped/>
  </testcase> <!-- Reg -->
  <system-out/>
  <testcase classname="pagesTestCasesYasasiiWeb.KIMS_OPInvoiceTask_TestcaseYW" name="Reg" time="0.000">
    <skipped/>
  </testcase> <!-- Reg -->
  <system-out/>
  <testcase classname="pagesTestCasesYasasiiWeb.KIMS_OPInvoiceTask_TestcaseYW" name="Reg" time="0.000">
    <skipped/>
  </testcase> <!-- Reg -->
  <system-out/>
  <testcase classname="pagesTestCasesYasasiiWeb.KIMS_OPInvoiceTask_TestcaseYW" name="Reg" time="0.000">
    <skipped/>
  </testcase> <!-- Reg -->
  <system-out/>
  <testcase classname="pagesTestCasesYasasiiWeb.KIMS_OPInvoiceTask_TestcaseYW" name="Reg" time="0.000">
    <skipped/>
  </testcase> <!-- Reg -->
  <system-out/>
  <testcase classname="pagesTestCasesYasasiiWeb.KIMS_OPInvoiceTask_TestcaseYW" name="Reg" time="0.000">
    <skipped/>
  </testcase> <!-- Reg -->
  <system-out/>
  <testcase classname="pagesTestCasesYasasiiWeb.KIMS_OPInvoiceTask_TestcaseYW" name="Reg" time="161.424"/>
  <system-out/>
  <testcase classname="pagesTestCasesYasasiiWeb.KIMS_OPInvoiceTask_TestcaseYW" name="Reg" time="0.000">
    <skipped/>
  </testcase> <!-- Reg -->
  <system-out/>
  <testcase classname="pagesTestCasesYasasiiWeb.KIMS_OPInvoiceTask_TestcaseYW" name="Reg" time="0.000">
    <skipped/>
  </testcase> <!-- Reg -->
  <system-out/>
  <testcase classname="pagesTestCasesYasasiiWeb.KIMS_OPInvoiceTask_TestcaseYW" name="Reg" time="0.000">
    <skipped/>
  </testcase> <!-- Reg -->
  <system-out/>
  <testcase classname="pagesTestCasesYasasiiWeb.KIMS_OPInvoiceTask_TestcaseYW" name="Reg" time="0.000">
    <skipped/>
  </testcase> <!-- Reg -->
  <system-out/>
  <testcase classname="pagesTestCasesYasasiiWeb.KIMS_OPInvoiceTask_TestcaseYW" name="Reg" time="0.000">
    <skipped/>
  </testcase> <!-- Reg -->
  <system-out/>
  <testcase classname="pagesTestCasesYasasiiWeb.KIMS_OPInvoiceTask_TestcaseYW" name="Reg" time="0.000">
    <skipped/>
  </testcase> <!-- Reg -->
  <system-out/>
  <testcase classname="pagesTestCasesYasasiiWeb.KIMS_OPInvoiceTask_TestcaseYW" name="Reg" time="0.000">
    <skipped/>
  </testcase> <!-- Reg -->
  <system-out/>
  <testcase classname="pagesTestCasesYasasiiWeb.KIMS_OPInvoiceTask_TestcaseYW" name="Reg" time="0.000">
    <skipped/>
  </testcase> <!-- Reg -->
  <system-out/>
  <testcase classname="pagesTestCasesYasasiiWeb.KIMS_OPInvoiceTask_TestcaseYW" name="Reg" time="0.000">
    <skipped/>
  </testcase> <!-- Reg -->
  <system-out/>
  <testcase classname="pagesTestCasesYasasiiWeb.KIMS_OPInvoiceTask_TestcaseYW" name="Reg" time="0.000">
    <skipped/>
  </testcase> <!-- Reg -->
  <system-out/>
  <testcase classname="pagesTestCasesYasasiiWeb.KIMS_OPInvoiceTask_TestcaseYW" name="Reg" time="0.000">
    <skipped/>
  </testcase> <!-- Reg -->
  <system-out/>
  <testcase classname="pagesTestCasesYasasiiWeb.KIMS_OPInvoiceTask_TestcaseYW" name="Reg" time="0.000">
    <skipped/>
  </testcase> <!-- Reg -->
  <system-out/>
  <testcase classname="pagesTestCasesYasasiiWeb.KIMS_OPInvoiceTask_TestcaseYW" name="Reg" time="0.000">
    <skipped/>
  </testcase> <!-- Reg -->
  <system-out/>
  <testcase classname="pagesTestCasesYasasiiWeb.KIMS_OPInvoiceTask_TestcaseYW" name="Reg" time="0.000">
    <skipped/>
  </testcase> <!-- Reg -->
  <system-out/>
  <testcase classname="pagesTestCasesYasasiiWeb.KIMS_OPInvoiceTask_TestcaseYW" name="Reg" time="0.000">
    <skipped/>
  </testcase> <!-- Reg -->
  <system-out/>
  <testcase classname="pagesTestCasesYasasiiWeb.KIMS_OPInvoiceTask_TestcaseYW" name="Reg" time="6.694">
    <error message="element click intercepted: Element &lt;div class=&quot;bar2&quot;&gt;&lt;/div&gt; is not clickable at point (26, 22). Other element would receive the click: &lt;div _ngcontent-utm-c2=&quot;&quot; aria-hidden=&quot;false&quot; aria-labelledby=&quot;myLargeModalLabel&quot; class=&quot;modal ki-dialog fade blockoutside in show&quot; kidialog=&quot;&quot; role=&quot;dialog&quot; tabindex=&quot;-1&quot; aria-modal=&quot;true&quot; style=&quot;display: block;&quot;&gt;...&lt;/div&gt;
  (Session info: chrome=120.0.6099.217)
Build info: version: &#039;4.11.0&#039;, revision: &#039;040bc5406b&#039;
System info: os.name: &#039;Windows 10&#039;, os.arch: &#039;amd64&#039;, os.version: &#039;10.0&#039;, java.version: &#039;17.0.7&#039;
Driver info: org.openqa.selenium.chrome.ChromeDriver
Command: [a5423fabe4265fafec3dd0c017f65c37, clickElement {id=BAF2F35168AFE3E25F277C8A51A65BC3_element_278}]
Capabilities {acceptInsecureCerts: false, browserName: chrome, browserVersion: 120.0.6099.217, chrome: {chromedriverVersion: 119.0.6045.105 (38c72552c5e..., userDataDir: C:\Users\sriram\AppData\Loc...}, fedcm:accounts: true, goog:chromeOptions: {debuggerAddress: localhost:55169}, networkConnectionEnabled: false, pageLoadStrategy: normal, platformName: windows, proxy: Proxy(), se:cdp: ws://localhost:55169/devtoo..., se:cdpVersion: 120.0.6099.217, setWindowRect: true, strictFileInteractability: false, timeouts: {implicit: 0, pageLoad: 300000, script: 30000}, unhandledPromptBehavior: dismiss and notify, webauthn:extension:credBlob: true, webauthn:extension:largeBlob: true, webauthn:extension:minPinLength: true, webauthn:extension:prf: true, webauthn:virtualAuthenticators: true}
Element: [[ChromeDriver: chrome on windows (a5423fabe4265fafec3dd0c017f65c37)] -&gt; xpath: //a[@class=&#039;nav-link navbar-brand menu&#039;]//div[@class=&#039;bar2&#039;]]
Session ID: a5423fabe4265fafec3dd0c017f65c37" type="org.openqa.selenium.ElementClickInterceptedException">
      <![CDATA[org.openqa.selenium.ElementClickInterceptedException: element click intercepted: Element <div class="bar2"></div> is not clickable at point (26, 22). Other element would receive the click: <div _ngcontent-utm-c2="" aria-hidden="false" aria-labelledby="myLargeModalLabel" class="modal ki-dialog fade blockoutside in show" kidialog="" role="dialog" tabindex="-1" aria-modal="true" style="display: block;">...</div>
  (Session info: chrome=120.0.6099.217)
Build info: version: '4.11.0', revision: '040bc5406b'
System info: os.name: 'Windows 10', os.arch: 'amd64', os.version: '10.0', java.version: '17.0.7'
Driver info: org.openqa.selenium.chrome.ChromeDriver
Command: [a5423fabe4265fafec3dd0c017f65c37, clickElement {id=BAF2F35168AFE3E25F277C8A51A65BC3_element_278}]
Capabilities {acceptInsecureCerts: false, browserName: chrome, browserVersion: 120.0.6099.217, chrome: {chromedriverVersion: 119.0.6045.105 (38c72552c5e..., userDataDir: C:\Users\sriram\AppData\Loc...}, fedcm:accounts: true, goog:chromeOptions: {debuggerAddress: localhost:55169}, networkConnectionEnabled: false, pageLoadStrategy: normal, platformName: windows, proxy: Proxy(), se:cdp: ws://localhost:55169/devtoo..., se:cdpVersion: 120.0.6099.217, setWindowRect: true, strictFileInteractability: false, timeouts: {implicit: 0, pageLoad: 300000, script: 30000}, unhandledPromptBehavior: dismiss and notify, webauthn:extension:credBlob: true, webauthn:extension:largeBlob: true, webauthn:extension:minPinLength: true, webauthn:extension:prf: true, webauthn:virtualAuthenticators: true}
Element: [[ChromeDriver: chrome on windows (a5423fabe4265fafec3dd0c017f65c37)] -> xpath: //a[@class='nav-link navbar-brand menu']//div[@class='bar2']]
Session ID: a5423fabe4265fafec3dd0c017f65c37
at java.base/jdk.internal.reflect.NativeConstructorAccessorImpl.newInstance0(Native Method)
at java.base/jdk.internal.reflect.NativeConstructorAccessorImpl.newInstance(NativeConstructorAccessorImpl.java:77)
at java.base/jdk.internal.reflect.DelegatingConstructorAccessorImpl.newInstance(DelegatingConstructorAccessorImpl.java:45)
at java.base/java.lang.reflect.Constructor.newInstanceWithCaller(Constructor.java:499)
at java.base/java.lang.reflect.Constructor.newInstance(Constructor.java:480)
at org.openqa.selenium.remote.codec.w3c.W3CHttpResponseCodec.createException(W3CHttpResponseCodec.java:200)
at org.openqa.selenium.remote.codec.w3c.W3CHttpResponseCodec.decode(W3CHttpResponseCodec.java:133)
at org.openqa.selenium.remote.codec.w3c.W3CHttpResponseCodec.decode(W3CHttpResponseCodec.java:52)
at org.openqa.selenium.remote.HttpCommandExecutor.execute(HttpCommandExecutor.java:191)
at org.openqa.selenium.remote.service.DriverCommandExecutor.invokeExecute(DriverCommandExecutor.java:196)
at org.openqa.selenium.remote.service.DriverCommandExecutor.execute(DriverCommandExecutor.java:171)
at org.openqa.selenium.remote.RemoteWebDriver.execute(RemoteWebDriver.java:518)
at org.openqa.selenium.remote.RemoteWebElement.execute(RemoteWebElement.java:224)
at org.openqa.selenium.remote.RemoteWebElement.click(RemoteWebElement.java:77)
at jdk.internal.reflect.GeneratedMethodAccessor2.invoke(Unknown Source)
at java.base/jdk.internal.reflect.DelegatingMethodAccessorImpl.invoke(DelegatingMethodAccessorImpl.java:43)
at java.base/java.lang.reflect.Method.invoke(Method.java:568)
at org.openqa.selenium.support.pagefactory.internal.LocatingElementHandler.invoke(LocatingElementHandler.java:51)
at jdk.proxy2/jdk.proxy2.$Proxy39.click(Unknown Source)
at pagesOfYasasiiWeb.KIMS_OPInvoiceTask_yasassiweb.Patreg(KIMS_OPInvoiceTask_yasassiweb.java:480)
at pagesTestCasesYasasiiWeb.KIMS_OPInvoiceTask_TestcaseYW.Reg(KIMS_OPInvoiceTask_TestcaseYW.java:41)
at jdk.internal.reflect.GeneratedMethodAccessor7.invoke(Unknown Source)
at java.base/jdk.internal.reflect.DelegatingMethodAccessorImpl.invoke(DelegatingMethodAccessorImpl.java:43)
at java.base/java.lang.reflect.Method.invoke(Method.java:568)
at org.testng.internal.MethodInvocationHelper.invokeMethod(MethodInvocationHelper.java:132)
at org.testng.internal.TestInvoker.invokeMethod(TestInvoker.java:599)
at org.testng.internal.TestInvoker.invokeTestMethod(TestInvoker.java:174)
at org.testng.internal.MethodRunner.runInSequence(MethodRunner.java:46)
at org.testng.internal.TestInvoker$MethodInvocationAgent.invoke(TestInvoker.java:822)
at org.testng.internal.TestInvoker.invokeTestMethods(TestInvoker.java:147)
at org.testng.internal.TestMethodWorker.invokeTestMethods(TestMethodWorker.java:146)
at org.testng.internal.TestMethodWorker.run(TestMethodWorker.java:128)
at java.base/java.util.ArrayList.forEach(ArrayList.java:1511)
at org.testng.TestRunner.privateRun(TestRunner.java:764)
at org.testng.TestRunner.run(TestRunner.java:585)
at org.testng.SuiteRunner.runTest(SuiteRunner.java:384)
at org.testng.SuiteRunner.runSequentially(SuiteRunner.java:378)
at org.testng.SuiteRunner.privateRun(SuiteRunner.java:337)
at org.testng.SuiteRunner.run(SuiteRunner.java:286)
at org.testng.SuiteRunnerWorker.runSuite(SuiteRunnerWorker.java:53)
at org.testng.SuiteRunnerWorker.run(SuiteRunnerWorker.java:96)
at org.testng.TestNG.runSuitesSequentially(TestNG.java:1218)
at org.testng.TestNG.runSuitesLocally(TestNG.java:1140)
at org.testng.TestNG.runSuites(TestNG.java:1069)
at org.testng.TestNG.run(TestNG.java:1037)
at org.testng.remote.AbstractRemoteTestNG.run(AbstractRemoteTestNG.java:115)
at org.testng.remote.RemoteTestNG.initAndRun(RemoteTestNG.java:251)
at org.testng.remote.RemoteTestNG.main(RemoteTestNG.java:77)
]]>
    </error>
  </testcase> <!-- Reg -->
  <system-out/>
  <testcase classname="pagesTestCasesYasasiiWeb.KIMS_OPInvoiceTask_TestcaseYW" name="Reg" time="0.000">
    <skipped/>
  </testcase> <!-- Reg -->
  <system-out/>
  <testcase classname="pagesTestCasesYasasiiWeb.KIMS_OPInvoiceTask_TestcaseYW" name="Reg" time="0.000">
    <skipped/>
  </testcase> <!-- Reg -->
  <system-out/>
  <testcase classname="pagesTestCasesYasasiiWeb.KIMS_OPInvoiceTask_TestcaseYW" name="Reg" time="0.000">
    <skipped/>
  </testcase> <!-- Reg -->
  <system-out/>
  <testcase classname="pagesTestCasesYasasiiWeb.KIMS_OPInvoiceTask_TestcaseYW" name="Reg" time="0.000">
    <skipped/>
  </testcase> <!-- Reg -->
  <system-out/>
  <testcase classname="pagesTestCasesYasasiiWeb.KIMS_OPInvoiceTask_TestcaseYW" name="Reg" time="0.000">
    <skipped/>
  </testcase> <!-- Reg -->
  <system-out/>
  <testcase classname="pagesTestCasesYasasiiWeb.KIMS_OPInvoiceTask_TestcaseYW" name="Reg" time="0.000">
    <skipped/>
  </testcase> <!-- Reg -->
  <system-out/>
  <testcase classname="pagesTestCasesYasasiiWeb.KIMS_OPInvoiceTask_TestcaseYW" name="Reg" time="145.473"/>
  <system-out/>
  <testcase classname="pagesTestCasesYasasiiWeb.KIMS_OPInvoiceTask_TestcaseYW" name="Reg" time="0.000">
    <skipped/>
  </testcase> <!-- Reg -->
  <system-out/>
  <testcase classname="pagesTestCasesYasasiiWeb.KIMS_OPInvoiceTask_TestcaseYW" name="Reg" time="0.000">
    <skipped/>
  </testcase> <!-- Reg -->
  <system-out/>
  <testcase classname="pagesTestCasesYasasiiWeb.KIMS_OPInvoiceTask_TestcaseYW" name="Reg" time="0.000">
    <skipped/>
  </testcase> <!-- Reg -->
  <system-out/>
  <testcase classname="pagesTestCasesYasasiiWeb.KIMS_OPInvoiceTask_TestcaseYW" name="Reg" time="0.000">
    <skipped/>
  </testcase> <!-- Reg -->
  <system-out/>
  <testcase classname="pagesTestCasesYasasiiWeb.KIMS_OPInvoiceTask_TestcaseYW" name="Reg" time="0.000">
    <skipped/>
  </testcase> <!-- Reg -->
  <system-out/>
  <testcase classname="pagesTestCasesYasasiiWeb.KIMS_OPInvoiceTask_TestcaseYW" name="Reg" time="0.000">
    <skipped/>
  </testcase> <!-- Reg -->
  <system-out/>
  <testcase classname="pagesTestCasesYasasiiWeb.KIMS_OPInvoiceTask_TestcaseYW" name="Reg" time="0.000">
    <skipped/>
  </testcase> <!-- Reg -->
  <system-out/>
  <testcase classname="pagesTestCasesYasasiiWeb.KIMS_OPInvoiceTask_TestcaseYW" name="Reg" time="0.000">
    <skipped/>
  </testcase> <!-- Reg -->
  <system-out/>
  <testcase classname="pagesTestCasesYasasiiWeb.KIMS_OPInvoiceTask_TestcaseYW" name="Reg" time="0.000">
    <skipped/>
  </testcase> <!-- Reg -->
  <system-out/>
  <testcase classname="pagesTestCasesYasasiiWeb.KIMS_OPInvoiceTask_TestcaseYW" name="Reg" time="0.000">
    <skipped/>
  </testcase> <!-- Reg -->
  <system-out/>
  <testcase classname="pagesTestCasesYasasiiWeb.KIMS_OPInvoiceTask_TestcaseYW" name="Reg" time="0.000">
    <skipped/>
  </testcase> <!-- Reg -->
  <system-out/>
  <testcase classname="pagesTestCasesYasasiiWeb.KIMS_OPInvoiceTask_TestcaseYW" name="Reg" time="145.034"/>
  <system-out/>
  <testcase classname="pagesTestCasesYasasiiWeb.KIMS_OPInvoiceTask_TestcaseYW" name="Reg" time="0.000">
    <skipped/>
  </testcase> <!-- Reg -->
  <system-out/>
  <testcase classname="pagesTestCasesYasasiiWeb.KIMS_OPInvoiceTask_TestcaseYW" name="Reg" time="0.000">
    <skipped/>
  </testcase> <!-- Reg -->
  <system-out/>
  <testcase classname="pagesTestCasesYasasiiWeb.KIMS_OPInvoiceTask_TestcaseYW" name="Reg" time="0.000">
    <skipped/>
  </testcase> <!-- Reg -->
  <system-out/>
  <testcase classname="pagesTestCasesYasasiiWeb.KIMS_OPInvoiceTask_TestcaseYW" name="Reg" time="0.000">
    <skipped/>
  </testcase> <!-- Reg -->
  <system-out/>
  <testcase classname="pagesTestCasesYasasiiWeb.KIMS_OPInvoiceTask_TestcaseYW" name="Reg" time="0.000">
    <skipped/>
  </testcase> <!-- Reg -->
  <system-out/>
  <testcase classname="pagesTestCasesYasasiiWeb.KIMS_OPInvoiceTask_TestcaseYW" name="Reg" time="0.000">
    <skipped/>
  </testcase> <!-- Reg -->
  <system-out/>
  <testcase classname="pagesTestCasesYasasiiWeb.KIMS_OPInvoiceTask_TestcaseYW" name="Reg" time="0.000">
    <skipped/>
  </testcase> <!-- Reg -->
  <system-out/>
  <testcase classname="pagesTestCasesYasasiiWeb.KIMS_OPInvoiceTask_TestcaseYW" name="Reg" time="0.000">
    <skipped/>
  </testcase> <!-- Reg -->
  <system-out/>
  <testcase classname="pagesTestCasesYasasiiWeb.KIMS_OPInvoiceTask_TestcaseYW" name="Reg" time="0.000">
    <skipped/>
  </testcase> <!-- Reg -->
  <system-out/>
  <testcase classname="pagesTestCasesYasasiiWeb.KIMS_OPInvoiceTask_TestcaseYW" name="Reg" time="0.000">
    <skipped/>
  </testcase> <!-- Reg -->
  <system-out/>
  <testcase classname="pagesTestCasesYasasiiWeb.KIMS_OPInvoiceTask_TestcaseYW" name="Reg" time="0.000">
    <skipped/>
  </testcase> <!-- Reg -->
  <system-out/>
  <testcase classname="pagesTestCasesYasasiiWeb.KIMS_OPInvoiceTask_TestcaseYW" name="Reg" time="0.000">
    <skipped/>
  </testcase> <!-- Reg -->
  <system-out/>
  <testcase classname="pagesTestCasesYasasiiWeb.KIMS_OPInvoiceTask_TestcaseYW" name="Reg" time="0.000">
    <skipped/>
  </testcase> <!-- Reg -->
  <system-out/>
  <testcase classname="pagesTestCasesYasasiiWeb.KIMS_OPInvoiceTask_TestcaseYW" name="Reg" time="0.000">
    <skipped/>
  </testcase> <!-- Reg -->
  <system-out/>
  <testcase classname="pagesTestCasesYasasiiWeb.KIMS_OPInvoiceTask_TestcaseYW" name="Reg" time="0.000">
    <skipped/>
  </testcase> <!-- Reg -->
  <system-out/>
  <testcase classname="pagesTestCasesYasasiiWeb.KIMS_OPInvoiceTask_TestcaseYW" name="Reg" time="0.000">
    <skipped/>
  </testcase> <!-- Reg -->
  <system-out/>
  <testcase classname="pagesTestCasesYasasiiWeb.KIMS_OPInvoiceTask_TestcaseYW" name="Reg" time="0.000">
    <skipped/>
  </testcase> <!-- Reg -->
  <system-out/>
  <testcase classname="pagesTestCasesYasasiiWeb.KIMS_OPInvoiceTask_TestcaseYW" name="Reg" time="0.000">
    <skipped/>
  </testcase> <!-- Reg -->
  <system-out/>
  <testcase classname="pagesTestCasesYasasiiWeb.KIMS_OPInvoiceTask_TestcaseYW" name="Reg" time="0.000">
    <skipped/>
  </testcase> <!-- Reg -->
  <system-out/>
  <testcase classname="pagesTestCasesYasasiiWeb.KIMS_OPInvoiceTask_TestcaseYW" name="Reg" time="0.000">
    <skipped/>
  </testcase> <!-- Reg -->
  <system-out/>
  <testcase classname="pagesTestCasesYasasiiWeb.KIMS_OPInvoiceTask_TestcaseYW" name="Reg" time="6.715">
    <error message="element click intercepted: Element &lt;div class=&quot;bar2&quot;&gt;&lt;/div&gt; is not clickable at point (26, 22). Other element would receive the click: &lt;div _ngcontent-utm-c2=&quot;&quot; aria-hidden=&quot;false&quot; aria-labelledby=&quot;myLargeModalLabel&quot; class=&quot;modal ki-dialog fade blockoutside in show&quot; kidialog=&quot;&quot; role=&quot;dialog&quot; tabindex=&quot;-1&quot; aria-modal=&quot;true&quot; style=&quot;display: block;&quot;&gt;...&lt;/div&gt;
  (Session info: chrome=120.0.6099.217)
Build info: version: &#039;4.11.0&#039;, revision: &#039;040bc5406b&#039;
System info: os.name: &#039;Windows 10&#039;, os.arch: &#039;amd64&#039;, os.version: &#039;10.0&#039;, java.version: &#039;17.0.7&#039;
Driver info: org.openqa.selenium.chrome.ChromeDriver
Command: [a5423fabe4265fafec3dd0c017f65c37, clickElement {id=BAF2F35168AFE3E25F277C8A51A65BC3_element_278}]
Capabilities {acceptInsecureCerts: false, browserName: chrome, browserVersion: 120.0.6099.217, chrome: {chromedriverVersion: 119.0.6045.105 (38c72552c5e..., userDataDir: C:\Users\sriram\AppData\Loc...}, fedcm:accounts: true, goog:chromeOptions: {debuggerAddress: localhost:55169}, networkConnectionEnabled: false, pageLoadStrategy: normal, platformName: windows, proxy: Proxy(), se:cdp: ws://localhost:55169/devtoo..., se:cdpVersion: 120.0.6099.217, setWindowRect: true, strictFileInteractability: false, timeouts: {implicit: 0, pageLoad: 300000, script: 30000}, unhandledPromptBehavior: dismiss and notify, webauthn:extension:credBlob: true, webauthn:extension:largeBlob: true, webauthn:extension:minPinLength: true, webauthn:extension:prf: true, webauthn:virtualAuthenticators: true}
Element: [[ChromeDriver: chrome on windows (a5423fabe4265fafec3dd0c017f65c37)] -&gt; xpath: //a[@class=&#039;nav-link navbar-brand menu&#039;]//div[@class=&#039;bar2&#039;]]
Session ID: a5423fabe4265fafec3dd0c017f65c37" type="org.openqa.selenium.ElementClickInterceptedException">
      <![CDATA[org.openqa.selenium.ElementClickInterceptedException: element click intercepted: Element <div class="bar2"></div> is not clickable at point (26, 22). Other element would receive the click: <div _ngcontent-utm-c2="" aria-hidden="false" aria-labelledby="myLargeModalLabel" class="modal ki-dialog fade blockoutside in show" kidialog="" role="dialog" tabindex="-1" aria-modal="true" style="display: block;">...</div>
  (Session info: chrome=120.0.6099.217)
Build info: version: '4.11.0', revision: '040bc5406b'
System info: os.name: 'Windows 10', os.arch: 'amd64', os.version: '10.0', java.version: '17.0.7'
Driver info: org.openqa.selenium.chrome.ChromeDriver
Command: [a5423fabe4265fafec3dd0c017f65c37, clickElement {id=BAF2F35168AFE3E25F277C8A51A65BC3_element_278}]
Capabilities {acceptInsecureCerts: false, browserName: chrome, browserVersion: 120.0.6099.217, chrome: {chromedriverVersion: 119.0.6045.105 (38c72552c5e..., userDataDir: C:\Users\sriram\AppData\Loc...}, fedcm:accounts: true, goog:chromeOptions: {debuggerAddress: localhost:55169}, networkConnectionEnabled: false, pageLoadStrategy: normal, platformName: windows, proxy: Proxy(), se:cdp: ws://localhost:55169/devtoo..., se:cdpVersion: 120.0.6099.217, setWindowRect: true, strictFileInteractability: false, timeouts: {implicit: 0, pageLoad: 300000, script: 30000}, unhandledPromptBehavior: dismiss and notify, webauthn:extension:credBlob: true, webauthn:extension:largeBlob: true, webauthn:extension:minPinLength: true, webauthn:extension:prf: true, webauthn:virtualAuthenticators: true}
Element: [[ChromeDriver: chrome on windows (a5423fabe4265fafec3dd0c017f65c37)] -> xpath: //a[@class='nav-link navbar-brand menu']//div[@class='bar2']]
Session ID: a5423fabe4265fafec3dd0c017f65c37
at java.base/jdk.internal.reflect.NativeConstructorAccessorImpl.newInstance0(Native Method)
at java.base/jdk.internal.reflect.NativeConstructorAccessorImpl.newInstance(NativeConstructorAccessorImpl.java:77)
at java.base/jdk.internal.reflect.DelegatingConstructorAccessorImpl.newInstance(DelegatingConstructorAccessorImpl.java:45)
at java.base/java.lang.reflect.Constructor.newInstanceWithCaller(Constructor.java:499)
at java.base/java.lang.reflect.Constructor.newInstance(Constructor.java:480)
at org.openqa.selenium.remote.codec.w3c.W3CHttpResponseCodec.createException(W3CHttpResponseCodec.java:200)
at org.openqa.selenium.remote.codec.w3c.W3CHttpResponseCodec.decode(W3CHttpResponseCodec.java:133)
at org.openqa.selenium.remote.codec.w3c.W3CHttpResponseCodec.decode(W3CHttpResponseCodec.java:52)
at org.openqa.selenium.remote.HttpCommandExecutor.execute(HttpCommandExecutor.java:191)
at org.openqa.selenium.remote.service.DriverCommandExecutor.invokeExecute(DriverCommandExecutor.java:196)
at org.openqa.selenium.remote.service.DriverCommandExecutor.execute(DriverCommandExecutor.java:171)
at org.openqa.selenium.remote.RemoteWebDriver.execute(RemoteWebDriver.java:518)
at org.openqa.selenium.remote.RemoteWebElement.execute(RemoteWebElement.java:224)
at org.openqa.selenium.remote.RemoteWebElement.click(RemoteWebElement.java:77)
at jdk.internal.reflect.GeneratedMethodAccessor2.invoke(Unknown Source)
at java.base/jdk.internal.reflect.DelegatingMethodAccessorImpl.invoke(DelegatingMethodAccessorImpl.java:43)
at java.base/java.lang.reflect.Method.invoke(Method.java:568)
at org.openqa.selenium.support.pagefactory.internal.LocatingElementHandler.invoke(LocatingElementHandler.java:51)
at jdk.proxy2/jdk.proxy2.$Proxy39.click(Unknown Source)
at pagesOfYasasiiWeb.KIMS_OPInvoiceTask_yasassiweb.Patreg(KIMS_OPInvoiceTask_yasassiweb.java:480)
at pagesTestCasesYasasiiWeb.KIMS_OPInvoiceTask_TestcaseYW.Reg(KIMS_OPInvoiceTask_TestcaseYW.java:41)
at jdk.internal.reflect.GeneratedMethodAccessor7.invoke(Unknown Source)
at java.base/jdk.internal.reflect.DelegatingMethodAccessorImpl.invoke(DelegatingMethodAccessorImpl.java:43)
at java.base/java.lang.reflect.Method.invoke(Method.java:568)
at org.testng.internal.MethodInvocationHelper.invokeMethod(MethodInvocationHelper.java:132)
at org.testng.internal.TestInvoker.invokeMethod(TestInvoker.java:599)
at org.testng.internal.TestInvoker.invokeTestMethod(TestInvoker.java:174)
at org.testng.internal.MethodRunner.runInSequence(MethodRunner.java:46)
at org.testng.internal.TestInvoker$MethodInvocationAgent.invoke(TestInvoker.java:822)
at org.testng.internal.TestInvoker.invokeTestMethods(TestInvoker.java:147)
at org.testng.internal.TestMethodWorker.invokeTestMethods(TestMethodWorker.java:146)
at org.testng.internal.TestMethodWorker.run(TestMethodWorker.java:128)
at java.base/java.util.ArrayList.forEach(ArrayList.java:1511)
at org.testng.TestRunner.privateRun(TestRunner.java:764)
at org.testng.TestRunner.run(TestRunner.java:585)
at org.testng.SuiteRunner.runTest(SuiteRunner.java:384)
at org.testng.SuiteRunner.runSequentially(SuiteRunner.java:378)
at org.testng.SuiteRunner.privateRun(SuiteRunner.java:337)
at org.testng.SuiteRunner.run(SuiteRunner.java:286)
at org.testng.SuiteRunnerWorker.runSuite(SuiteRunnerWorker.java:53)
at org.testng.SuiteRunnerWorker.run(SuiteRunnerWorker.java:96)
at org.testng.TestNG.runSuitesSequentially(TestNG.java:1218)
at org.testng.TestNG.runSuitesLocally(TestNG.java:1140)
at org.testng.TestNG.runSuites(TestNG.java:1069)
at org.testng.TestNG.run(TestNG.java:1037)
at org.testng.remote.AbstractRemoteTestNG.run(AbstractRemoteTestNG.java:115)
at org.testng.remote.RemoteTestNG.initAndRun(RemoteTestNG.java:251)
at org.testng.remote.RemoteTestNG.main(RemoteTestNG.java:77)
]]>
    </error>
  </testcase> <!-- Reg -->
  <system-out/>
  <testcase classname="pagesTestCasesYasasiiWeb.KIMS_OPInvoiceTask_TestcaseYW" name="Reg" time="0.000">
    <skipped/>
  </testcase> <!-- Reg -->
  <system-out/>
  <testcase classname="pagesTestCasesYasasiiWeb.KIMS_OPInvoiceTask_TestcaseYW" name="Reg" time="0.000">
    <skipped/>
  </testcase> <!-- Reg -->
  <system-out/>
  <testcase classname="pagesTestCasesYasasiiWeb.KIMS_OPInvoiceTask_TestcaseYW" name="Reg" time="0.000">
    <skipped/>
  </testcase> <!-- Reg -->
  <system-out/>
  <testcase classname="pagesTestCasesYasasiiWeb.KIMS_OPInvoiceTask_TestcaseYW" name="Reg" time="0.000">
    <skipped/>
  </testcase> <!-- Reg -->
  <system-out/>
  <testcase classname="pagesTestCasesYasasiiWeb.KIMS_OPInvoiceTask_TestcaseYW" name="Reg" time="0.000">
    <skipped/>
  </testcase> <!-- Reg -->
  <system-out/>
  <testcase classname="pagesTestCasesYasasiiWeb.KIMS_OPInvoiceTask_TestcaseYW" name="Reg" time="0.000">
    <skipped/>
  </testcase> <!-- Reg -->
  <system-out/>
  <testcase classname="pagesTestCasesYasasiiWeb.KIMS_OPInvoiceTask_TestcaseYW" name="Reg" time="0.000">
    <skipped/>
  </testcase> <!-- Reg -->
  <system-out/>
  <testcase classname="pagesTestCasesYasasiiWeb.KIMS_OPInvoiceTask_TestcaseYW" name="Reg" time="0.000">
    <skipped/>
  </testcase> <!-- Reg -->
  <system-out/>
  <testcase classname="pagesTestCasesYasasiiWeb.KIMS_OPInvoiceTask_TestcaseYW" name="Reg" time="0.000">
    <skipped/>
  </testcase> <!-- Reg -->
  <system-out/>
  <testcase classname="pagesTestCasesYasasiiWeb.KIMS_OPInvoiceTask_TestcaseYW" name="Reg" time="0.000">
    <skipped/>
  </testcase> <!-- Reg -->
  <system-out/>
  <testcase classname="pagesTestCasesYasasiiWeb.KIMS_OPInvoiceTask_TestcaseYW" name="Reg" time="0.000">
    <skipped/>
  </testcase> <!-- Reg -->
  <system-out/>
  <testcase classname="pagesTestCasesYasasiiWeb.KIMS_OPInvoiceTask_TestcaseYW" name="Reg" time="0.000">
    <skipped/>
  </testcase> <!-- Reg -->
  <system-out/>
  <testcase classname="pagesTestCasesYasasiiWeb.KIMS_OPInvoiceTask_TestcaseYW" name="Reg" time="0.000">
    <skipped/>
  </testcase> <!-- Reg -->
  <system-out/>
  <testcase classname="pagesTestCasesYasasiiWeb.KIMS_OPInvoiceTask_TestcaseYW" name="Reg" time="0.000">
    <skipped/>
  </testcase> <!-- Reg -->
  <system-out/>
  <testcase classname="pagesTestCasesYasasiiWeb.KIMS_OPInvoiceTask_TestcaseYW" name="Reg" time="0.000">
    <skipped/>
  </testcase> <!-- Reg -->
  <system-out/>
  <testcase classname="pagesTestCasesYasasiiWeb.KIMS_OPInvoiceTask_TestcaseYW" name="Reg" time="6.709">
    <error message="element click intercepted: Element &lt;div class=&quot;bar2&quot;&gt;&lt;/div&gt; is not clickable at point (26, 22). Other element would receive the click: &lt;div _ngcontent-utm-c2=&quot;&quot; class=&quot;loading ng-star-inserted&quot;&gt;...&lt;/div&gt;
  (Session info: chrome=120.0.6099.217)
Build info: version: &#039;4.11.0&#039;, revision: &#039;040bc5406b&#039;
System info: os.name: &#039;Windows 10&#039;, os.arch: &#039;amd64&#039;, os.version: &#039;10.0&#039;, java.version: &#039;17.0.7&#039;
Driver info: org.openqa.selenium.chrome.ChromeDriver
Command: [a5423fabe4265fafec3dd0c017f65c37, clickElement {id=BAF2F35168AFE3E25F277C8A51A65BC3_element_278}]
Capabilities {acceptInsecureCerts: false, browserName: chrome, browserVersion: 120.0.6099.217, chrome: {chromedriverVersion: 119.0.6045.105 (38c72552c5e..., userDataDir: C:\Users\sriram\AppData\Loc...}, fedcm:accounts: true, goog:chromeOptions: {debuggerAddress: localhost:55169}, networkConnectionEnabled: false, pageLoadStrategy: normal, platformName: windows, proxy: Proxy(), se:cdp: ws://localhost:55169/devtoo..., se:cdpVersion: 120.0.6099.217, setWindowRect: true, strictFileInteractability: false, timeouts: {implicit: 0, pageLoad: 300000, script: 30000}, unhandledPromptBehavior: dismiss and notify, webauthn:extension:credBlob: true, webauthn:extension:largeBlob: true, webauthn:extension:minPinLength: true, webauthn:extension:prf: true, webauthn:virtualAuthenticators: true}
Element: [[ChromeDriver: chrome on windows (a5423fabe4265fafec3dd0c017f65c37)] -&gt; xpath: //a[@class=&#039;nav-link navbar-brand menu&#039;]//div[@class=&#039;bar2&#039;]]
Session ID: a5423fabe4265fafec3dd0c017f65c37" type="org.openqa.selenium.ElementClickInterceptedException">
      <![CDATA[org.openqa.selenium.ElementClickInterceptedException: element click intercepted: Element <div class="bar2"></div> is not clickable at point (26, 22). Other element would receive the click: <div _ngcontent-utm-c2="" class="loading ng-star-inserted">...</div>
  (Session info: chrome=120.0.6099.217)
Build info: version: '4.11.0', revision: '040bc5406b'
System info: os.name: 'Windows 10', os.arch: 'amd64', os.version: '10.0', java.version: '17.0.7'
Driver info: org.openqa.selenium.chrome.ChromeDriver
Command: [a5423fabe4265fafec3dd0c017f65c37, clickElement {id=BAF2F35168AFE3E25F277C8A51A65BC3_element_278}]
Capabilities {acceptInsecureCerts: false, browserName: chrome, browserVersion: 120.0.6099.217, chrome: {chromedriverVersion: 119.0.6045.105 (38c72552c5e..., userDataDir: C:\Users\sriram\AppData\Loc...}, fedcm:accounts: true, goog:chromeOptions: {debuggerAddress: localhost:55169}, networkConnectionEnabled: false, pageLoadStrategy: normal, platformName: windows, proxy: Proxy(), se:cdp: ws://localhost:55169/devtoo..., se:cdpVersion: 120.0.6099.217, setWindowRect: true, strictFileInteractability: false, timeouts: {implicit: 0, pageLoad: 300000, script: 30000}, unhandledPromptBehavior: dismiss and notify, webauthn:extension:credBlob: true, webauthn:extension:largeBlob: true, webauthn:extension:minPinLength: true, webauthn:extension:prf: true, webauthn:virtualAuthenticators: true}
Element: [[ChromeDriver: chrome on windows (a5423fabe4265fafec3dd0c017f65c37)] -> xpath: //a[@class='nav-link navbar-brand menu']//div[@class='bar2']]
Session ID: a5423fabe4265fafec3dd0c017f65c37
at java.base/jdk.internal.reflect.NativeConstructorAccessorImpl.newInstance0(Native Method)
at java.base/jdk.internal.reflect.NativeConstructorAccessorImpl.newInstance(NativeConstructorAccessorImpl.java:77)
at java.base/jdk.internal.reflect.DelegatingConstructorAccessorImpl.newInstance(DelegatingConstructorAccessorImpl.java:45)
at java.base/java.lang.reflect.Constructor.newInstanceWithCaller(Constructor.java:499)
at java.base/java.lang.reflect.Constructor.newInstance(Constructor.java:480)
at org.openqa.selenium.remote.codec.w3c.W3CHttpResponseCodec.createException(W3CHttpResponseCodec.java:200)
at org.openqa.selenium.remote.codec.w3c.W3CHttpResponseCodec.decode(W3CHttpResponseCodec.java:133)
at org.openqa.selenium.remote.codec.w3c.W3CHttpResponseCodec.decode(W3CHttpResponseCodec.java:52)
at org.openqa.selenium.remote.HttpCommandExecutor.execute(HttpCommandExecutor.java:191)
at org.openqa.selenium.remote.service.DriverCommandExecutor.invokeExecute(DriverCommandExecutor.java:196)
at org.openqa.selenium.remote.service.DriverCommandExecutor.execute(DriverCommandExecutor.java:171)
at org.openqa.selenium.remote.RemoteWebDriver.execute(RemoteWebDriver.java:518)
at org.openqa.selenium.remote.RemoteWebElement.execute(RemoteWebElement.java:224)
at org.openqa.selenium.remote.RemoteWebElement.click(RemoteWebElement.java:77)
at jdk.internal.reflect.GeneratedMethodAccessor2.invoke(Unknown Source)
at java.base/jdk.internal.reflect.DelegatingMethodAccessorImpl.invoke(DelegatingMethodAccessorImpl.java:43)
at java.base/java.lang.reflect.Method.invoke(Method.java:568)
at org.openqa.selenium.support.pagefactory.internal.LocatingElementHandler.invoke(LocatingElementHandler.java:51)
at jdk.proxy2/jdk.proxy2.$Proxy39.click(Unknown Source)
at pagesOfYasasiiWeb.KIMS_OPInvoiceTask_yasassiweb.Patreg(KIMS_OPInvoiceTask_yasassiweb.java:480)
at pagesTestCasesYasasiiWeb.KIMS_OPInvoiceTask_TestcaseYW.Reg(KIMS_OPInvoiceTask_TestcaseYW.java:41)
at jdk.internal.reflect.GeneratedMethodAccessor7.invoke(Unknown Source)
at java.base/jdk.internal.reflect.DelegatingMethodAccessorImpl.invoke(DelegatingMethodAccessorImpl.java:43)
at java.base/java.lang.reflect.Method.invoke(Method.java:568)
at org.testng.internal.MethodInvocationHelper.invokeMethod(MethodInvocationHelper.java:132)
at org.testng.internal.TestInvoker.invokeMethod(TestInvoker.java:599)
at org.testng.internal.TestInvoker.invokeTestMethod(TestInvoker.java:174)
at org.testng.internal.MethodRunner.runInSequence(MethodRunner.java:46)
at org.testng.internal.TestInvoker$MethodInvocationAgent.invoke(TestInvoker.java:822)
at org.testng.internal.TestInvoker.invokeTestMethods(TestInvoker.java:147)
at org.testng.internal.TestMethodWorker.invokeTestMethods(TestMethodWorker.java:146)
at org.testng.internal.TestMethodWorker.run(TestMethodWorker.java:128)
at java.base/java.util.ArrayList.forEach(ArrayList.java:1511)
at org.testng.TestRunner.privateRun(TestRunner.java:764)
at org.testng.TestRunner.run(TestRunner.java:585)
at org.testng.SuiteRunner.runTest(SuiteRunner.java:384)
at org.testng.SuiteRunner.runSequentially(SuiteRunner.java:378)
at org.testng.SuiteRunner.privateRun(SuiteRunner.java:337)
at org.testng.SuiteRunner.run(SuiteRunner.java:286)
at org.testng.SuiteRunnerWorker.runSuite(SuiteRunnerWorker.java:53)
at org.testng.SuiteRunnerWorker.run(SuiteRunnerWorker.java:96)
at org.testng.TestNG.runSuitesSequentially(TestNG.java:1218)
at org.testng.TestNG.runSuitesLocally(TestNG.java:1140)
at org.testng.TestNG.runSuites(TestNG.java:1069)
at org.testng.TestNG.run(TestNG.java:1037)
at org.testng.remote.AbstractRemoteTestNG.run(AbstractRemoteTestNG.java:115)
at org.testng.remote.RemoteTestNG.initAndRun(RemoteTestNG.java:251)
at org.testng.remote.RemoteTestNG.main(RemoteTestNG.java:77)
]]>
    </error>
  </testcase> <!-- Reg -->
  <system-out/>
  <testcase classname="pagesTestCasesYasasiiWeb.KIMS_OPInvoiceTask_TestcaseYW" name="Reg" time="0.000">
    <skipped/>
  </testcase> <!-- Reg -->
  <system-out/>
  <testcase classname="pagesTestCasesYasasiiWeb.KIMS_OPInvoiceTask_TestcaseYW" name="Reg" time="0.000">
    <skipped/>
  </testcase> <!-- Reg -->
  <system-out/>
  <testcase classname="pagesTestCasesYasasiiWeb.KIMS_OPInvoiceTask_TestcaseYW" name="Reg" time="6.684">
    <error message="element click intercepted: Element &lt;div class=&quot;bar2&quot;&gt;&lt;/div&gt; is not clickable at point (26, 22). Other element would receive the click: &lt;div _ngcontent-utm-c2=&quot;&quot; aria-hidden=&quot;false&quot; aria-labelledby=&quot;myLargeModalLabel&quot; class=&quot;modal ki-dialog fade blockoutside in show&quot; kidialog=&quot;&quot; role=&quot;dialog&quot; tabindex=&quot;-1&quot; aria-modal=&quot;true&quot; style=&quot;display: block;&quot;&gt;...&lt;/div&gt;
  (Session info: chrome=120.0.6099.217)
Build info: version: &#039;4.11.0&#039;, revision: &#039;040bc5406b&#039;
System info: os.name: &#039;Windows 10&#039;, os.arch: &#039;amd64&#039;, os.version: &#039;10.0&#039;, java.version: &#039;17.0.7&#039;
Driver info: org.openqa.selenium.chrome.ChromeDriver
Command: [a5423fabe4265fafec3dd0c017f65c37, clickElement {id=BAF2F35168AFE3E25F277C8A51A65BC3_element_278}]
Capabilities {acceptInsecureCerts: false, browserName: chrome, browserVersion: 120.0.6099.217, chrome: {chromedriverVersion: 119.0.6045.105 (38c72552c5e..., userDataDir: C:\Users\sriram\AppData\Loc...}, fedcm:accounts: true, goog:chromeOptions: {debuggerAddress: localhost:55169}, networkConnectionEnabled: false, pageLoadStrategy: normal, platformName: windows, proxy: Proxy(), se:cdp: ws://localhost:55169/devtoo..., se:cdpVersion: 120.0.6099.217, setWindowRect: true, strictFileInteractability: false, timeouts: {implicit: 0, pageLoad: 300000, script: 30000}, unhandledPromptBehavior: dismiss and notify, webauthn:extension:credBlob: true, webauthn:extension:largeBlob: true, webauthn:extension:minPinLength: true, webauthn:extension:prf: true, webauthn:virtualAuthenticators: true}
Element: [[ChromeDriver: chrome on windows (a5423fabe4265fafec3dd0c017f65c37)] -&gt; xpath: //a[@class=&#039;nav-link navbar-brand menu&#039;]//div[@class=&#039;bar2&#039;]]
Session ID: a5423fabe4265fafec3dd0c017f65c37" type="org.openqa.selenium.ElementClickInterceptedException">
      <![CDATA[org.openqa.selenium.ElementClickInterceptedException: element click intercepted: Element <div class="bar2"></div> is not clickable at point (26, 22). Other element would receive the click: <div _ngcontent-utm-c2="" aria-hidden="false" aria-labelledby="myLargeModalLabel" class="modal ki-dialog fade blockoutside in show" kidialog="" role="dialog" tabindex="-1" aria-modal="true" style="display: block;">...</div>
  (Session info: chrome=120.0.6099.217)
Build info: version: '4.11.0', revision: '040bc5406b'
System info: os.name: 'Windows 10', os.arch: 'amd64', os.version: '10.0', java.version: '17.0.7'
Driver info: org.openqa.selenium.chrome.ChromeDriver
Command: [a5423fabe4265fafec3dd0c017f65c37, clickElement {id=BAF2F35168AFE3E25F277C8A51A65BC3_element_278}]
Capabilities {acceptInsecureCerts: false, browserName: chrome, browserVersion: 120.0.6099.217, chrome: {chromedriverVersion: 119.0.6045.105 (38c72552c5e..., userDataDir: C:\Users\sriram\AppData\Loc...}, fedcm:accounts: true, goog:chromeOptions: {debuggerAddress: localhost:55169}, networkConnectionEnabled: false, pageLoadStrategy: normal, platformName: windows, proxy: Proxy(), se:cdp: ws://localhost:55169/devtoo..., se:cdpVersion: 120.0.6099.217, setWindowRect: true, strictFileInteractability: false, timeouts: {implicit: 0, pageLoad: 300000, script: 30000}, unhandledPromptBehavior: dismiss and notify, webauthn:extension:credBlob: true, webauthn:extension:largeBlob: true, webauthn:extension:minPinLength: true, webauthn:extension:prf: true, webauthn:virtualAuthenticators: true}
Element: [[ChromeDriver: chrome on windows (a5423fabe4265fafec3dd0c017f65c37)] -> xpath: //a[@class='nav-link navbar-brand menu']//div[@class='bar2']]
Session ID: a5423fabe4265fafec3dd0c017f65c37
at java.base/jdk.internal.reflect.NativeConstructorAccessorImpl.newInstance0(Native Method)
at java.base/jdk.internal.reflect.NativeConstructorAccessorImpl.newInstance(NativeConstructorAccessorImpl.java:77)
at java.base/jdk.internal.reflect.DelegatingConstructorAccessorImpl.newInstance(DelegatingConstructorAccessorImpl.java:45)
at java.base/java.lang.reflect.Constructor.newInstanceWithCaller(Constructor.java:499)
at java.base/java.lang.reflect.Constructor.newInstance(Constructor.java:480)
at org.openqa.selenium.remote.codec.w3c.W3CHttpResponseCodec.createException(W3CHttpResponseCodec.java:200)
at org.openqa.selenium.remote.codec.w3c.W3CHttpResponseCodec.decode(W3CHttpResponseCodec.java:133)
at org.openqa.selenium.remote.codec.w3c.W3CHttpResponseCodec.decode(W3CHttpResponseCodec.java:52)
at org.openqa.selenium.remote.HttpCommandExecutor.execute(HttpCommandExecutor.java:191)
at org.openqa.selenium.remote.service.DriverCommandExecutor.invokeExecute(DriverCommandExecutor.java:196)
at org.openqa.selenium.remote.service.DriverCommandExecutor.execute(DriverCommandExecutor.java:171)
at org.openqa.selenium.remote.RemoteWebDriver.execute(RemoteWebDriver.java:518)
at org.openqa.selenium.remote.RemoteWebElement.execute(RemoteWebElement.java:224)
at org.openqa.selenium.remote.RemoteWebElement.click(RemoteWebElement.java:77)
at jdk.internal.reflect.GeneratedMethodAccessor2.invoke(Unknown Source)
at java.base/jdk.internal.reflect.DelegatingMethodAccessorImpl.invoke(DelegatingMethodAccessorImpl.java:43)
at java.base/java.lang.reflect.Method.invoke(Method.java:568)
at org.openqa.selenium.support.pagefactory.internal.LocatingElementHandler.invoke(LocatingElementHandler.java:51)
at jdk.proxy2/jdk.proxy2.$Proxy39.click(Unknown Source)
at pagesOfYasasiiWeb.KIMS_OPInvoiceTask_yasassiweb.Patreg(KIMS_OPInvoiceTask_yasassiweb.java:480)
at pagesTestCasesYasasiiWeb.KIMS_OPInvoiceTask_TestcaseYW.Reg(KIMS_OPInvoiceTask_TestcaseYW.java:41)
at jdk.internal.reflect.GeneratedMethodAccessor7.invoke(Unknown Source)
at java.base/jdk.internal.reflect.DelegatingMethodAccessorImpl.invoke(DelegatingMethodAccessorImpl.java:43)
at java.base/java.lang.reflect.Method.invoke(Method.java:568)
at org.testng.internal.MethodInvocationHelper.invokeMethod(MethodInvocationHelper.java:132)
at org.testng.internal.TestInvoker.invokeMethod(TestInvoker.java:599)
at org.testng.internal.TestInvoker.invokeTestMethod(TestInvoker.java:174)
at org.testng.internal.MethodRunner.runInSequence(MethodRunner.java:46)
at org.testng.internal.TestInvoker$MethodInvocationAgent.invoke(TestInvoker.java:822)
at org.testng.internal.TestInvoker.invokeTestMethods(TestInvoker.java:147)
at org.testng.internal.TestMethodWorker.invokeTestMethods(TestMethodWorker.java:146)
at org.testng.internal.TestMethodWorker.run(TestMethodWorker.java:128)
at java.base/java.util.ArrayList.forEach(ArrayList.java:1511)
at org.testng.TestRunner.privateRun(TestRunner.java:764)
at org.testng.TestRunner.run(TestRunner.java:585)
at org.testng.SuiteRunner.runTest(SuiteRunner.java:384)
at org.testng.SuiteRunner.runSequentially(SuiteRunner.java:378)
at org.testng.SuiteRunner.privateRun(SuiteRunner.java:337)
at org.testng.SuiteRunner.run(SuiteRunner.java:286)
at org.testng.SuiteRunnerWorker.runSuite(SuiteRunnerWorker.java:53)
at org.testng.SuiteRunnerWorker.run(SuiteRunnerWorker.java:96)
at org.testng.TestNG.runSuitesSequentially(TestNG.java:1218)
at org.testng.TestNG.runSuitesLocally(TestNG.java:1140)
at org.testng.TestNG.runSuites(TestNG.java:1069)
at org.testng.TestNG.run(TestNG.java:1037)
at org.testng.remote.AbstractRemoteTestNG.run(AbstractRemoteTestNG.java:115)
at org.testng.remote.RemoteTestNG.initAndRun(RemoteTestNG.java:251)
at org.testng.remote.RemoteTestNG.main(RemoteTestNG.java:77)
]]>
    </error>
  </testcase> <!-- Reg -->
  <system-out/>
  <testcase classname="pagesTestCasesYasasiiWeb.KIMS_OPInvoiceTask_TestcaseYW" name="Reg" time="0.000">
    <skipped/>
  </testcase> <!-- Reg -->
  <system-out/>
  <testcase classname="pagesTestCasesYasasiiWeb.KIMS_OPInvoiceTask_TestcaseYW" name="Reg" time="0.000">
    <skipped/>
  </testcase> <!-- Reg -->
  <system-out/>
  <testcase classname="pagesTestCasesYasasiiWeb.KIMS_OPInvoiceTask_TestcaseYW" name="Reg" time="0.000">
    <skipped/>
  </testcase> <!-- Reg -->
  <system-out/>
  <testcase classname="pagesTestCasesYasasiiWeb.KIMS_OPInvoiceTask_TestcaseYW" name="Reg" time="0.000">
    <skipped/>
  </testcase> <!-- Reg -->
  <system-out/>
  <testcase classname="pagesTestCasesYasasiiWeb.KIMS_OPInvoiceTask_TestcaseYW" name="Reg" time="0.000">
    <skipped/>
  </testcase> <!-- Reg -->
  <system-out/>
  <testcase classname="pagesTestCasesYasasiiWeb.KIMS_OPInvoiceTask_TestcaseYW" name="Reg" time="0.000">
    <skipped/>
  </testcase> <!-- Reg -->
  <system-out/>
  <testcase classname="pagesTestCasesYasasiiWeb.KIMS_OPInvoiceTask_TestcaseYW" name="Reg" time="0.000">
    <skipped/>
  </testcase> <!-- Reg -->
  <system-out/>
  <testcase classname="pagesTestCasesYasasiiWeb.KIMS_OPInvoiceTask_TestcaseYW" name="Reg" time="0.000">
    <skipped/>
  </testcase> <!-- Reg -->
  <system-out/>
  <testcase classname="pagesTestCasesYasasiiWeb.KIMS_OPInvoiceTask_TestcaseYW" name="Reg" time="0.000">
    <skipped/>
  </testcase> <!-- Reg -->
  <system-out/>
  <testcase classname="pagesTestCasesYasasiiWeb.KIMS_OPInvoiceTask_TestcaseYW" name="Reg" time="0.000">
    <skipped/>
  </testcase> <!-- Reg -->
  <system-out/>
  <testcase classname="pagesTestCasesYasasiiWeb.KIMS_OPInvoiceTask_TestcaseYW" name="Reg" time="0.000">
    <skipped/>
  </testcase> <!-- Reg -->
  <system-out/>
  <testcase classname="pagesTestCasesYasasiiWeb.KIMS_OPInvoiceTask_TestcaseYW" name="Reg" time="0.000">
    <skipped/>
  </testcase> <!-- Reg -->
  <system-out/>
  <testcase classname="pagesTestCasesYasasiiWeb.KIMS_OPInvoiceTask_TestcaseYW" name="Reg" time="0.000">
    <skipped/>
  </testcase> <!-- Reg -->
  <system-out/>
  <testcase classname="pagesTestCasesYasasiiWeb.KIMS_OPInvoiceTask_TestcaseYW" name="Reg" time="0.000">
    <skipped/>
  </testcase> <!-- Reg -->
  <system-out/>
  <testcase classname="pagesTestCasesYasasiiWeb.KIMS_OPInvoiceTask_TestcaseYW" name="Reg" time="0.000">
    <skipped/>
  </testcase> <!-- Reg -->
  <system-out/>
  <testcase classname="pagesTestCasesYasasiiWeb.KIMS_OPInvoiceTask_TestcaseYW" name="Reg" time="0.000">
    <skipped/>
  </testcase> <!-- Reg -->
  <system-out/>
  <testcase classname="pagesTestCasesYasasiiWeb.KIMS_OPInvoiceTask_TestcaseYW" name="Reg" time="146.194"/>
  <system-out/>
  <testcase classname="pagesTestCasesYasasiiWeb.KIMS_OPInvoiceTask_TestcaseYW" name="Reg" time="0.000">
    <skipped/>
  </testcase> <!-- Reg -->
  <system-out/>
  <testcase classname="pagesTestCasesYasasiiWeb.KIMS_OPInvoiceTask_TestcaseYW" name="Reg" time="0.000">
    <skipped/>
  </testcase> <!-- Reg -->
  <system-out/>
  <testcase classname="pagesTestCasesYasasiiWeb.KIMS_OPInvoiceTask_TestcaseYW" name="Reg" time="0.000">
    <skipped/>
  </testcase> <!-- Reg -->
  <system-out/>
  <testcase classname="pagesTestCasesYasasiiWeb.KIMS_OPInvoiceTask_TestcaseYW" name="Reg" time="0.000">
    <skipped/>
  </testcase> <!-- Reg -->
  <system-out/>
  <testcase classname="pagesTestCasesYasasiiWeb.KIMS_OPInvoiceTask_TestcaseYW" name="Reg" time="146.685"/>
  <system-out/>
  <testcase classname="pagesTestCasesYasasiiWeb.KIMS_OPInvoiceTask_TestcaseYW" name="Reg" time="0.000">
    <skipped/>
  </testcase> <!-- Reg -->
  <system-out/>
  <testcase classname="pagesTestCasesYasasiiWeb.KIMS_OPInvoiceTask_TestcaseYW" name="Reg" time="0.000">
    <skipped/>
  </testcase> <!-- Reg -->
  <system-out/>
  <testcase classname="pagesTestCasesYasasiiWeb.KIMS_OPInvoiceTask_TestcaseYW" name="Reg" time="0.000">
    <skipped/>
  </testcase> <!-- Reg -->
  <system-out/>
  <testcase classname="pagesTestCasesYasasiiWeb.KIMS_OPInvoiceTask_TestcaseYW" name="Reg" time="0.000">
    <skipped/>
  </testcase> <!-- Reg -->
  <system-out/>
  <testcase classname="pagesTestCasesYasasiiWeb.KIMS_OPInvoiceTask_TestcaseYW" name="Reg" time="0.000">
    <skipped/>
  </testcase> <!-- Reg -->
  <system-out/>
  <testcase classname="pagesTestCasesYasasiiWeb.KIMS_OPInvoiceTask_TestcaseYW" name="Reg" time="0.000">
    <skipped/>
  </testcase> <!-- Reg -->
  <system-out/>
  <testcase classname="pagesTestCasesYasasiiWeb.KIMS_OPInvoiceTask_TestcaseYW" name="Reg" time="146.475"/>
  <system-out/>
  <testcase classname="pagesTestCasesYasasiiWeb.KIMS_OPInvoiceTask_TestcaseYW" name="Reg" time="0.000">
    <skipped/>
  </testcase> <!-- Reg -->
  <system-out/>
  <testcase classname="pagesTestCasesYasasiiWeb.KIMS_OPInvoiceTask_TestcaseYW" name="Reg" time="0.000">
    <skipped/>
  </testcase> <!-- Reg -->
  <system-out/>
  <testcase classname="pagesTestCasesYasasiiWeb.KIMS_OPInvoiceTask_TestcaseYW" name="Reg" time="0.000">
    <skipped/>
  </testcase> <!-- Reg -->
  <system-out/>
  <testcase classname="pagesTestCasesYasasiiWeb.KIMS_OPInvoiceTask_TestcaseYW" name="Reg" time="6.650">
    <error message="element click intercepted: Element &lt;div class=&quot;bar2&quot;&gt;&lt;/div&gt; is not clickable at point (26, 22). Other element would receive the click: &lt;div _ngcontent-utm-c2=&quot;&quot; aria-hidden=&quot;false&quot; aria-labelledby=&quot;myLargeModalLabel&quot; class=&quot;modal ki-dialog fade blockoutside in show&quot; kidialog=&quot;&quot; role=&quot;dialog&quot; tabindex=&quot;-1&quot; aria-modal=&quot;true&quot; style=&quot;display: block;&quot;&gt;...&lt;/div&gt;
  (Session info: chrome=120.0.6099.217)
Build info: version: &#039;4.11.0&#039;, revision: &#039;040bc5406b&#039;
System info: os.name: &#039;Windows 10&#039;, os.arch: &#039;amd64&#039;, os.version: &#039;10.0&#039;, java.version: &#039;17.0.7&#039;
Driver info: org.openqa.selenium.chrome.ChromeDriver
Command: [a5423fabe4265fafec3dd0c017f65c37, clickElement {id=BAF2F35168AFE3E25F277C8A51A65BC3_element_278}]
Capabilities {acceptInsecureCerts: false, browserName: chrome, browserVersion: 120.0.6099.217, chrome: {chromedriverVersion: 119.0.6045.105 (38c72552c5e..., userDataDir: C:\Users\sriram\AppData\Loc...}, fedcm:accounts: true, goog:chromeOptions: {debuggerAddress: localhost:55169}, networkConnectionEnabled: false, pageLoadStrategy: normal, platformName: windows, proxy: Proxy(), se:cdp: ws://localhost:55169/devtoo..., se:cdpVersion: 120.0.6099.217, setWindowRect: true, strictFileInteractability: false, timeouts: {implicit: 0, pageLoad: 300000, script: 30000}, unhandledPromptBehavior: dismiss and notify, webauthn:extension:credBlob: true, webauthn:extension:largeBlob: true, webauthn:extension:minPinLength: true, webauthn:extension:prf: true, webauthn:virtualAuthenticators: true}
Element: [[ChromeDriver: chrome on windows (a5423fabe4265fafec3dd0c017f65c37)] -&gt; xpath: //a[@class=&#039;nav-link navbar-brand menu&#039;]//div[@class=&#039;bar2&#039;]]
Session ID: a5423fabe4265fafec3dd0c017f65c37" type="org.openqa.selenium.ElementClickInterceptedException">
      <![CDATA[org.openqa.selenium.ElementClickInterceptedException: element click intercepted: Element <div class="bar2"></div> is not clickable at point (26, 22). Other element would receive the click: <div _ngcontent-utm-c2="" aria-hidden="false" aria-labelledby="myLargeModalLabel" class="modal ki-dialog fade blockoutside in show" kidialog="" role="dialog" tabindex="-1" aria-modal="true" style="display: block;">...</div>
  (Session info: chrome=120.0.6099.217)
Build info: version: '4.11.0', revision: '040bc5406b'
System info: os.name: 'Windows 10', os.arch: 'amd64', os.version: '10.0', java.version: '17.0.7'
Driver info: org.openqa.selenium.chrome.ChromeDriver
Command: [a5423fabe4265fafec3dd0c017f65c37, clickElement {id=BAF2F35168AFE3E25F277C8A51A65BC3_element_278}]
Capabilities {acceptInsecureCerts: false, browserName: chrome, browserVersion: 120.0.6099.217, chrome: {chromedriverVersion: 119.0.6045.105 (38c72552c5e..., userDataDir: C:\Users\sriram\AppData\Loc...}, fedcm:accounts: true, goog:chromeOptions: {debuggerAddress: localhost:55169}, networkConnectionEnabled: false, pageLoadStrategy: normal, platformName: windows, proxy: Proxy(), se:cdp: ws://localhost:55169/devtoo..., se:cdpVersion: 120.0.6099.217, setWindowRect: true, strictFileInteractability: false, timeouts: {implicit: 0, pageLoad: 300000, script: 30000}, unhandledPromptBehavior: dismiss and notify, webauthn:extension:credBlob: true, webauthn:extension:largeBlob: true, webauthn:extension:minPinLength: true, webauthn:extension:prf: true, webauthn:virtualAuthenticators: true}
Element: [[ChromeDriver: chrome on windows (a5423fabe4265fafec3dd0c017f65c37)] -> xpath: //a[@class='nav-link navbar-brand menu']//div[@class='bar2']]
Session ID: a5423fabe4265fafec3dd0c017f65c37
at java.base/jdk.internal.reflect.NativeConstructorAccessorImpl.newInstance0(Native Method)
at java.base/jdk.internal.reflect.NativeConstructorAccessorImpl.newInstance(NativeConstructorAccessorImpl.java:77)
at java.base/jdk.internal.reflect.DelegatingConstructorAccessorImpl.newInstance(DelegatingConstructorAccessorImpl.java:45)
at java.base/java.lang.reflect.Constructor.newInstanceWithCaller(Constructor.java:499)
at java.base/java.lang.reflect.Constructor.newInstance(Constructor.java:480)
at org.openqa.selenium.remote.codec.w3c.W3CHttpResponseCodec.createException(W3CHttpResponseCodec.java:200)
at org.openqa.selenium.remote.codec.w3c.W3CHttpResponseCodec.decode(W3CHttpResponseCodec.java:133)
at org.openqa.selenium.remote.codec.w3c.W3CHttpResponseCodec.decode(W3CHttpResponseCodec.java:52)
at org.openqa.selenium.remote.HttpCommandExecutor.execute(HttpCommandExecutor.java:191)
at org.openqa.selenium.remote.service.DriverCommandExecutor.invokeExecute(DriverCommandExecutor.java:196)
at org.openqa.selenium.remote.service.DriverCommandExecutor.execute(DriverCommandExecutor.java:171)
at org.openqa.selenium.remote.RemoteWebDriver.execute(RemoteWebDriver.java:518)
at org.openqa.selenium.remote.RemoteWebElement.execute(RemoteWebElement.java:224)
at org.openqa.selenium.remote.RemoteWebElement.click(RemoteWebElement.java:77)
at jdk.internal.reflect.GeneratedMethodAccessor2.invoke(Unknown Source)
at java.base/jdk.internal.reflect.DelegatingMethodAccessorImpl.invoke(DelegatingMethodAccessorImpl.java:43)
at java.base/java.lang.reflect.Method.invoke(Method.java:568)
at org.openqa.selenium.support.pagefactory.internal.LocatingElementHandler.invoke(LocatingElementHandler.java:51)
at jdk.proxy2/jdk.proxy2.$Proxy39.click(Unknown Source)
at pagesOfYasasiiWeb.KIMS_OPInvoiceTask_yasassiweb.Patreg(KIMS_OPInvoiceTask_yasassiweb.java:480)
at pagesTestCasesYasasiiWeb.KIMS_OPInvoiceTask_TestcaseYW.Reg(KIMS_OPInvoiceTask_TestcaseYW.java:41)
at jdk.internal.reflect.GeneratedMethodAccessor7.invoke(Unknown Source)
at java.base/jdk.internal.reflect.DelegatingMethodAccessorImpl.invoke(DelegatingMethodAccessorImpl.java:43)
at java.base/java.lang.reflect.Method.invoke(Method.java:568)
at org.testng.internal.MethodInvocationHelper.invokeMethod(MethodInvocationHelper.java:132)
at org.testng.internal.TestInvoker.invokeMethod(TestInvoker.java:599)
at org.testng.internal.TestInvoker.invokeTestMethod(TestInvoker.java:174)
at org.testng.internal.MethodRunner.runInSequence(MethodRunner.java:46)
at org.testng.internal.TestInvoker$MethodInvocationAgent.invoke(TestInvoker.java:822)
at org.testng.internal.TestInvoker.invokeTestMethods(TestInvoker.java:147)
at org.testng.internal.TestMethodWorker.invokeTestMethods(TestMethodWorker.java:146)
at org.testng.internal.TestMethodWorker.run(TestMethodWorker.java:128)
at java.base/java.util.ArrayList.forEach(ArrayList.java:1511)
at org.testng.TestRunner.privateRun(TestRunner.java:764)
at org.testng.TestRunner.run(TestRunner.java:585)
at org.testng.SuiteRunner.runTest(SuiteRunner.java:384)
at org.testng.SuiteRunner.runSequentially(SuiteRunner.java:378)
at org.testng.SuiteRunner.privateRun(SuiteRunner.java:337)
at org.testng.SuiteRunner.run(SuiteRunner.java:286)
at org.testng.SuiteRunnerWorker.runSuite(SuiteRunnerWorker.java:53)
at org.testng.SuiteRunnerWorker.run(SuiteRunnerWorker.java:96)
at org.testng.TestNG.runSuitesSequentially(TestNG.java:1218)
at org.testng.TestNG.runSuitesLocally(TestNG.java:1140)
at org.testng.TestNG.runSuites(TestNG.java:1069)
at org.testng.TestNG.run(TestNG.java:1037)
at org.testng.remote.AbstractRemoteTestNG.run(AbstractRemoteTestNG.java:115)
at org.testng.remote.RemoteTestNG.initAndRun(RemoteTestNG.java:251)
at org.testng.remote.RemoteTestNG.main(RemoteTestNG.java:77)
]]>
    </error>
  </testcase> <!-- Reg -->
  <system-out/>
  <testcase classname="pagesTestCasesYasasiiWeb.KIMS_OPInvoiceTask_TestcaseYW" name="Reg" time="0.000">
    <skipped/>
  </testcase> <!-- Reg -->
  <system-out/>
  <testcase classname="pagesTestCasesYasasiiWeb.KIMS_OPInvoiceTask_TestcaseYW" name="Reg" time="0.000">
    <skipped/>
  </testcase> <!-- Reg -->
  <system-out/>
  <testcase classname="pagesTestCasesYasasiiWeb.KIMS_OPInvoiceTask_TestcaseYW" name="Reg" time="0.000">
    <skipped/>
  </testcase> <!-- Reg -->
  <system-out/>
  <testcase classname="pagesTestCasesYasasiiWeb.KIMS_OPInvoiceTask_TestcaseYW" name="Reg" time="0.000">
    <skipped/>
  </testcase> <!-- Reg -->
  <system-out/>
  <testcase classname="pagesTestCasesYasasiiWeb.KIMS_OPInvoiceTask_TestcaseYW" name="Reg" time="0.000">
    <skipped/>
  </testcase> <!-- Reg -->
  <system-out/>
  <testcase classname="pagesTestCasesYasasiiWeb.KIMS_OPInvoiceTask_TestcaseYW" name="Reg" time="0.000">
    <skipped/>
  </testcase> <!-- Reg -->
  <system-out/>
  <testcase classname="pagesTestCasesYasasiiWeb.KIMS_OPInvoiceTask_TestcaseYW" name="Reg" time="0.000">
    <skipped/>
  </testcase> <!-- Reg -->
  <system-out/>
  <testcase classname="pagesTestCasesYasasiiWeb.KIMS_OPInvoiceTask_TestcaseYW" name="Reg" time="0.000">
    <skipped/>
  </testcase> <!-- Reg -->
  <system-out/>
  <testcase classname="pagesTestCasesYasasiiWeb.KIMS_OPInvoiceTask_TestcaseYW" name="Reg" time="0.000">
    <skipped/>
  </testcase> <!-- Reg -->
  <system-out/>
  <testcase classname="pagesTestCasesYasasiiWeb.KIMS_OPInvoiceTask_TestcaseYW" name="Reg" time="0.000">
    <skipped/>
  </testcase> <!-- Reg -->
  <system-out/>
  <testcase classname="pagesTestCasesYasasiiWeb.KIMS_OPInvoiceTask_TestcaseYW" name="Reg" time="0.000">
    <skipped/>
  </testcase> <!-- Reg -->
  <system-out/>
  <testcase classname="pagesTestCasesYasasiiWeb.KIMS_OPInvoiceTask_TestcaseYW" name="Reg" time="0.000">
    <skipped/>
  </testcase> <!-- Reg -->
  <system-out/>
  <testcase classname="pagesTestCasesYasasiiWeb.KIMS_OPInvoiceTask_TestcaseYW" name="Reg" time="0.000">
    <skipped/>
  </testcase> <!-- Reg -->
  <system-out/>
  <testcase classname="pagesTestCasesYasasiiWeb.KIMS_OPInvoiceTask_TestcaseYW" name="Reg" time="0.000">
    <skipped/>
  </testcase> <!-- Reg -->
  <system-out/>
  <testcase classname="pagesTestCasesYasasiiWeb.KIMS_OPInvoiceTask_TestcaseYW" name="Reg" time="0.000">
    <skipped/>
  </testcase> <!-- Reg -->
  <system-out/>
  <testcase classname="pagesTestCasesYasasiiWeb.KIMS_OPInvoiceTask_TestcaseYW" name="Reg" time="0.000">
    <skipped/>
  </testcase> <!-- Reg -->
  <system-out/>
  <testcase classname="pagesTestCasesYasasiiWeb.KIMS_OPInvoiceTask_TestcaseYW" name="Reg" time="0.000">
    <skipped/>
  </testcase> <!-- Reg -->
  <system-out/>
  <testcase classname="pagesTestCasesYasasiiWeb.KIMS_OPInvoiceTask_TestcaseYW" name="Reg" time="0.000">
    <skipped/>
  </testcase> <!-- Reg -->
  <system-out/>
  <testcase classname="pagesTestCasesYasasiiWeb.KIMS_OPInvoiceTask_TestcaseYW" name="Reg" time="0.000">
    <skipped/>
  </testcase> <!-- Reg -->
  <system-out/>
  <testcase classname="pagesTestCasesYasasiiWeb.KIMS_OPInvoiceTask_TestcaseYW" name="Reg" time="0.000">
    <skipped/>
  </testcase> <!-- Reg -->
  <system-out/>
  <testcase classname="pagesTestCasesYasasiiWeb.KIMS_OPInvoiceTask_TestcaseYW" name="Reg" time="0.000">
    <skipped/>
  </testcase> <!-- Reg -->
  <system-out/>
  <testcase classname="pagesTestCasesYasasiiWeb.KIMS_OPInvoiceTask_TestcaseYW" name="Reg" time="0.000">
    <skipped/>
  </testcase> <!-- Reg -->
  <system-out/>
  <testcase classname="pagesTestCasesYasasiiWeb.KIMS_OPInvoiceTask_TestcaseYW" name="Reg" time="0.000">
    <skipped/>
  </testcase> <!-- Reg -->
  <system-out/>
  <testcase classname="pagesTestCasesYasasiiWeb.KIMS_OPInvoiceTask_TestcaseYW" name="Reg" time="0.000">
    <skipped/>
  </testcase> <!-- Reg -->
  <system-out/>
  <testcase classname="pagesTestCasesYasasiiWeb.KIMS_OPInvoiceTask_TestcaseYW" name="Reg" time="0.000">
    <skipped/>
  </testcase> <!-- Reg -->
  <system-out/>
  <testcase classname="pagesTestCasesYasasiiWeb.KIMS_OPInvoiceTask_TestcaseYW" name="Reg" time="0.000">
    <skipped/>
  </testcase> <!-- Reg -->
  <system-out/>
  <testcase classname="pagesTestCasesYasasiiWeb.KIMS_OPInvoiceTask_TestcaseYW" name="Reg" time="6.647">
    <error message="element click intercepted: Element &lt;div class=&quot;bar2&quot;&gt;&lt;/div&gt; is not clickable at point (26, 22). Other element would receive the click: &lt;div _ngcontent-utm-c2=&quot;&quot; aria-hidden=&quot;false&quot; aria-labelledby=&quot;myLargeModalLabel&quot; class=&quot;modal ki-dialog fade blockoutside in show&quot; kidialog=&quot;&quot; role=&quot;dialog&quot; tabindex=&quot;-1&quot; aria-modal=&quot;true&quot; style=&quot;display: block;&quot;&gt;...&lt;/div&gt;
  (Session info: chrome=120.0.6099.217)
Build info: version: &#039;4.11.0&#039;, revision: &#039;040bc5406b&#039;
System info: os.name: &#039;Windows 10&#039;, os.arch: &#039;amd64&#039;, os.version: &#039;10.0&#039;, java.version: &#039;17.0.7&#039;
Driver info: org.openqa.selenium.chrome.ChromeDriver
Command: [a5423fabe4265fafec3dd0c017f65c37, clickElement {id=BAF2F35168AFE3E25F277C8A51A65BC3_element_278}]
Capabilities {acceptInsecureCerts: false, browserName: chrome, browserVersion: 120.0.6099.217, chrome: {chromedriverVersion: 119.0.6045.105 (38c72552c5e..., userDataDir: C:\Users\sriram\AppData\Loc...}, fedcm:accounts: true, goog:chromeOptions: {debuggerAddress: localhost:55169}, networkConnectionEnabled: false, pageLoadStrategy: normal, platformName: windows, proxy: Proxy(), se:cdp: ws://localhost:55169/devtoo..., se:cdpVersion: 120.0.6099.217, setWindowRect: true, strictFileInteractability: false, timeouts: {implicit: 0, pageLoad: 300000, script: 30000}, unhandledPromptBehavior: dismiss and notify, webauthn:extension:credBlob: true, webauthn:extension:largeBlob: true, webauthn:extension:minPinLength: true, webauthn:extension:prf: true, webauthn:virtualAuthenticators: true}
Element: [[ChromeDriver: chrome on windows (a5423fabe4265fafec3dd0c017f65c37)] -&gt; xpath: //a[@class=&#039;nav-link navbar-brand menu&#039;]//div[@class=&#039;bar2&#039;]]
Session ID: a5423fabe4265fafec3dd0c017f65c37" type="org.openqa.selenium.ElementClickInterceptedException">
      <![CDATA[org.openqa.selenium.ElementClickInterceptedException: element click intercepted: Element <div class="bar2"></div> is not clickable at point (26, 22). Other element would receive the click: <div _ngcontent-utm-c2="" aria-hidden="false" aria-labelledby="myLargeModalLabel" class="modal ki-dialog fade blockoutside in show" kidialog="" role="dialog" tabindex="-1" aria-modal="true" style="display: block;">...</div>
  (Session info: chrome=120.0.6099.217)
Build info: version: '4.11.0', revision: '040bc5406b'
System info: os.name: 'Windows 10', os.arch: 'amd64', os.version: '10.0', java.version: '17.0.7'
Driver info: org.openqa.selenium.chrome.ChromeDriver
Command: [a5423fabe4265fafec3dd0c017f65c37, clickElement {id=BAF2F35168AFE3E25F277C8A51A65BC3_element_278}]
Capabilities {acceptInsecureCerts: false, browserName: chrome, browserVersion: 120.0.6099.217, chrome: {chromedriverVersion: 119.0.6045.105 (38c72552c5e..., userDataDir: C:\Users\sriram\AppData\Loc...}, fedcm:accounts: true, goog:chromeOptions: {debuggerAddress: localhost:55169}, networkConnectionEnabled: false, pageLoadStrategy: normal, platformName: windows, proxy: Proxy(), se:cdp: ws://localhost:55169/devtoo..., se:cdpVersion: 120.0.6099.217, setWindowRect: true, strictFileInteractability: false, timeouts: {implicit: 0, pageLoad: 300000, script: 30000}, unhandledPromptBehavior: dismiss and notify, webauthn:extension:credBlob: true, webauthn:extension:largeBlob: true, webauthn:extension:minPinLength: true, webauthn:extension:prf: true, webauthn:virtualAuthenticators: true}
Element: [[ChromeDriver: chrome on windows (a5423fabe4265fafec3dd0c017f65c37)] -> xpath: //a[@class='nav-link navbar-brand menu']//div[@class='bar2']]
Session ID: a5423fabe4265fafec3dd0c017f65c37
at java.base/jdk.internal.reflect.NativeConstructorAccessorImpl.newInstance0(Native Method)
at java.base/jdk.internal.reflect.NativeConstructorAccessorImpl.newInstance(NativeConstructorAccessorImpl.java:77)
at java.base/jdk.internal.reflect.DelegatingConstructorAccessorImpl.newInstance(DelegatingConstructorAccessorImpl.java:45)
at java.base/java.lang.reflect.Constructor.newInstanceWithCaller(Constructor.java:499)
at java.base/java.lang.reflect.Constructor.newInstance(Constructor.java:480)
at org.openqa.selenium.remote.codec.w3c.W3CHttpResponseCodec.createException(W3CHttpResponseCodec.java:200)
at org.openqa.selenium.remote.codec.w3c.W3CHttpResponseCodec.decode(W3CHttpResponseCodec.java:133)
at org.openqa.selenium.remote.codec.w3c.W3CHttpResponseCodec.decode(W3CHttpResponseCodec.java:52)
at org.openqa.selenium.remote.HttpCommandExecutor.execute(HttpCommandExecutor.java:191)
at org.openqa.selenium.remote.service.DriverCommandExecutor.invokeExecute(DriverCommandExecutor.java:196)
at org.openqa.selenium.remote.service.DriverCommandExecutor.execute(DriverCommandExecutor.java:171)
at org.openqa.selenium.remote.RemoteWebDriver.execute(RemoteWebDriver.java:518)
at org.openqa.selenium.remote.RemoteWebElement.execute(RemoteWebElement.java:224)
at org.openqa.selenium.remote.RemoteWebElement.click(RemoteWebElement.java:77)
at jdk.internal.reflect.GeneratedMethodAccessor2.invoke(Unknown Source)
at java.base/jdk.internal.reflect.DelegatingMethodAccessorImpl.invoke(DelegatingMethodAccessorImpl.java:43)
at java.base/java.lang.reflect.Method.invoke(Method.java:568)
at org.openqa.selenium.support.pagefactory.internal.LocatingElementHandler.invoke(LocatingElementHandler.java:51)
at jdk.proxy2/jdk.proxy2.$Proxy39.click(Unknown Source)
at pagesOfYasasiiWeb.KIMS_OPInvoiceTask_yasassiweb.Patreg(KIMS_OPInvoiceTask_yasassiweb.java:480)
at pagesTestCasesYasasiiWeb.KIMS_OPInvoiceTask_TestcaseYW.Reg(KIMS_OPInvoiceTask_TestcaseYW.java:41)
at jdk.internal.reflect.GeneratedMethodAccessor7.invoke(Unknown Source)
at java.base/jdk.internal.reflect.DelegatingMethodAccessorImpl.invoke(DelegatingMethodAccessorImpl.java:43)
at java.base/java.lang.reflect.Method.invoke(Method.java:568)
at org.testng.internal.MethodInvocationHelper.invokeMethod(MethodInvocationHelper.java:132)
at org.testng.internal.TestInvoker.invokeMethod(TestInvoker.java:599)
at org.testng.internal.TestInvoker.invokeTestMethod(TestInvoker.java:174)
at org.testng.internal.MethodRunner.runInSequence(MethodRunner.java:46)
at org.testng.internal.TestInvoker$MethodInvocationAgent.invoke(TestInvoker.java:822)
at org.testng.internal.TestInvoker.invokeTestMethods(TestInvoker.java:147)
at org.testng.internal.TestMethodWorker.invokeTestMethods(TestMethodWorker.java:146)
at org.testng.internal.TestMethodWorker.run(TestMethodWorker.java:128)
at java.base/java.util.ArrayList.forEach(ArrayList.java:1511)
at org.testng.TestRunner.privateRun(TestRunner.java:764)
at org.testng.TestRunner.run(TestRunner.java:585)
at org.testng.SuiteRunner.runTest(SuiteRunner.java:384)
at org.testng.SuiteRunner.runSequentially(SuiteRunner.java:378)
at org.testng.SuiteRunner.privateRun(SuiteRunner.java:337)
at org.testng.SuiteRunner.run(SuiteRunner.java:286)
at org.testng.SuiteRunnerWorker.runSuite(SuiteRunnerWorker.java:53)
at org.testng.SuiteRunnerWorker.run(SuiteRunnerWorker.java:96)
at org.testng.TestNG.runSuitesSequentially(TestNG.java:1218)
at org.testng.TestNG.runSuitesLocally(TestNG.java:1140)
at org.testng.TestNG.runSuites(TestNG.java:1069)
at org.testng.TestNG.run(TestNG.java:1037)
at org.testng.remote.AbstractRemoteTestNG.run(AbstractRemoteTestNG.java:115)
at org.testng.remote.RemoteTestNG.initAndRun(RemoteTestNG.java:251)
at org.testng.remote.RemoteTestNG.main(RemoteTestNG.java:77)
]]>
    </error>
  </testcase> <!-- Reg -->
  <system-out/>
  <testcase classname="pagesTestCasesYasasiiWeb.KIMS_OPInvoiceTask_TestcaseYW" name="Reg" time="0.000">
    <skipped/>
  </testcase> <!-- Reg -->
  <system-out/>
  <testcase classname="pagesTestCasesYasasiiWeb.KIMS_OPInvoiceTask_TestcaseYW" name="Reg" time="0.000">
    <skipped/>
  </testcase> <!-- Reg -->
  <system-out/>
  <testcase classname="pagesTestCasesYasasiiWeb.KIMS_OPInvoiceTask_TestcaseYW" name="Reg" time="0.000">
    <skipped/>
  </testcase> <!-- Reg -->
  <system-out/>
  <testcase classname="pagesTestCasesYasasiiWeb.KIMS_OPInvoiceTask_TestcaseYW" name="Reg" time="0.000">
    <skipped/>
  </testcase> <!-- Reg -->
  <system-out/>
  <testcase classname="pagesTestCasesYasasiiWeb.KIMS_OPInvoiceTask_TestcaseYW" name="Reg" time="0.000">
    <skipped/>
  </testcase> <!-- Reg -->
  <system-out/>
  <testcase classname="pagesTestCasesYasasiiWeb.KIMS_OPInvoiceTask_TestcaseYW" name="Reg" time="0.000">
    <skipped/>
  </testcase> <!-- Reg -->
  <system-out/>
  <testcase classname="pagesTestCasesYasasiiWeb.KIMS_OPInvoiceTask_TestcaseYW" name="Reg" time="6.720">
    <error message="element click intercepted: Element &lt;div class=&quot;bar2&quot;&gt;&lt;/div&gt; is not clickable at point (26, 22). Other element would receive the click: &lt;div _ngcontent-utm-c2=&quot;&quot; class=&quot;loading ng-star-inserted&quot;&gt;...&lt;/div&gt;
  (Session info: chrome=120.0.6099.217)
Build info: version: &#039;4.11.0&#039;, revision: &#039;040bc5406b&#039;
System info: os.name: &#039;Windows 10&#039;, os.arch: &#039;amd64&#039;, os.version: &#039;10.0&#039;, java.version: &#039;17.0.7&#039;
Driver info: org.openqa.selenium.chrome.ChromeDriver
Command: [a5423fabe4265fafec3dd0c017f65c37, clickElement {id=BAF2F35168AFE3E25F277C8A51A65BC3_element_278}]
Capabilities {acceptInsecureCerts: false, browserName: chrome, browserVersion: 120.0.6099.217, chrome: {chromedriverVersion: 119.0.6045.105 (38c72552c5e..., userDataDir: C:\Users\sriram\AppData\Loc...}, fedcm:accounts: true, goog:chromeOptions: {debuggerAddress: localhost:55169}, networkConnectionEnabled: false, pageLoadStrategy: normal, platformName: windows, proxy: Proxy(), se:cdp: ws://localhost:55169/devtoo..., se:cdpVersion: 120.0.6099.217, setWindowRect: true, strictFileInteractability: false, timeouts: {implicit: 0, pageLoad: 300000, script: 30000}, unhandledPromptBehavior: dismiss and notify, webauthn:extension:credBlob: true, webauthn:extension:largeBlob: true, webauthn:extension:minPinLength: true, webauthn:extension:prf: true, webauthn:virtualAuthenticators: true}
Element: [[ChromeDriver: chrome on windows (a5423fabe4265fafec3dd0c017f65c37)] -&gt; xpath: //a[@class=&#039;nav-link navbar-brand menu&#039;]//div[@class=&#039;bar2&#039;]]
Session ID: a5423fabe4265fafec3dd0c017f65c37" type="org.openqa.selenium.ElementClickInterceptedException">
      <![CDATA[org.openqa.selenium.ElementClickInterceptedException: element click intercepted: Element <div class="bar2"></div> is not clickable at point (26, 22). Other element would receive the click: <div _ngcontent-utm-c2="" class="loading ng-star-inserted">...</div>
  (Session info: chrome=120.0.6099.217)
Build info: version: '4.11.0', revision: '040bc5406b'
System info: os.name: 'Windows 10', os.arch: 'amd64', os.version: '10.0', java.version: '17.0.7'
Driver info: org.openqa.selenium.chrome.ChromeDriver
Command: [a5423fabe4265fafec3dd0c017f65c37, clickElement {id=BAF2F35168AFE3E25F277C8A51A65BC3_element_278}]
Capabilities {acceptInsecureCerts: false, browserName: chrome, browserVersion: 120.0.6099.217, chrome: {chromedriverVersion: 119.0.6045.105 (38c72552c5e..., userDataDir: C:\Users\sriram\AppData\Loc...}, fedcm:accounts: true, goog:chromeOptions: {debuggerAddress: localhost:55169}, networkConnectionEnabled: false, pageLoadStrategy: normal, platformName: windows, proxy: Proxy(), se:cdp: ws://localhost:55169/devtoo..., se:cdpVersion: 120.0.6099.217, setWindowRect: true, strictFileInteractability: false, timeouts: {implicit: 0, pageLoad: 300000, script: 30000}, unhandledPromptBehavior: dismiss and notify, webauthn:extension:credBlob: true, webauthn:extension:largeBlob: true, webauthn:extension:minPinLength: true, webauthn:extension:prf: true, webauthn:virtualAuthenticators: true}
Element: [[ChromeDriver: chrome on windows (a5423fabe4265fafec3dd0c017f65c37)] -> xpath: //a[@class='nav-link navbar-brand menu']//div[@class='bar2']]
Session ID: a5423fabe4265fafec3dd0c017f65c37
at java.base/jdk.internal.reflect.NativeConstructorAccessorImpl.newInstance0(Native Method)
at java.base/jdk.internal.reflect.NativeConstructorAccessorImpl.newInstance(NativeConstructorAccessorImpl.java:77)
at java.base/jdk.internal.reflect.DelegatingConstructorAccessorImpl.newInstance(DelegatingConstructorAccessorImpl.java:45)
at java.base/java.lang.reflect.Constructor.newInstanceWithCaller(Constructor.java:499)
at java.base/java.lang.reflect.Constructor.newInstance(Constructor.java:480)
at org.openqa.selenium.remote.codec.w3c.W3CHttpResponseCodec.createException(W3CHttpResponseCodec.java:200)
at org.openqa.selenium.remote.codec.w3c.W3CHttpResponseCodec.decode(W3CHttpResponseCodec.java:133)
at org.openqa.selenium.remote.codec.w3c.W3CHttpResponseCodec.decode(W3CHttpResponseCodec.java:52)
at org.openqa.selenium.remote.HttpCommandExecutor.execute(HttpCommandExecutor.java:191)
at org.openqa.selenium.remote.service.DriverCommandExecutor.invokeExecute(DriverCommandExecutor.java:196)
at org.openqa.selenium.remote.service.DriverCommandExecutor.execute(DriverCommandExecutor.java:171)
at org.openqa.selenium.remote.RemoteWebDriver.execute(RemoteWebDriver.java:518)
at org.openqa.selenium.remote.RemoteWebElement.execute(RemoteWebElement.java:224)
at org.openqa.selenium.remote.RemoteWebElement.click(RemoteWebElement.java:77)
at jdk.internal.reflect.GeneratedMethodAccessor2.invoke(Unknown Source)
at java.base/jdk.internal.reflect.DelegatingMethodAccessorImpl.invoke(DelegatingMethodAccessorImpl.java:43)
at java.base/java.lang.reflect.Method.invoke(Method.java:568)
at org.openqa.selenium.support.pagefactory.internal.LocatingElementHandler.invoke(LocatingElementHandler.java:51)
at jdk.proxy2/jdk.proxy2.$Proxy39.click(Unknown Source)
at pagesOfYasasiiWeb.KIMS_OPInvoiceTask_yasassiweb.Patreg(KIMS_OPInvoiceTask_yasassiweb.java:480)
at pagesTestCasesYasasiiWeb.KIMS_OPInvoiceTask_TestcaseYW.Reg(KIMS_OPInvoiceTask_TestcaseYW.java:41)
at jdk.internal.reflect.GeneratedMethodAccessor7.invoke(Unknown Source)
at java.base/jdk.internal.reflect.DelegatingMethodAccessorImpl.invoke(DelegatingMethodAccessorImpl.java:43)
at java.base/java.lang.reflect.Method.invoke(Method.java:568)
at org.testng.internal.MethodInvocationHelper.invokeMethod(MethodInvocationHelper.java:132)
at org.testng.internal.TestInvoker.invokeMethod(TestInvoker.java:599)
at org.testng.internal.TestInvoker.invokeTestMethod(TestInvoker.java:174)
at org.testng.internal.MethodRunner.runInSequence(MethodRunner.java:46)
at org.testng.internal.TestInvoker$MethodInvocationAgent.invoke(TestInvoker.java:822)
at org.testng.internal.TestInvoker.invokeTestMethods(TestInvoker.java:147)
at org.testng.internal.TestMethodWorker.invokeTestMethods(TestMethodWorker.java:146)
at org.testng.internal.TestMethodWorker.run(TestMethodWorker.java:128)
at java.base/java.util.ArrayList.forEach(ArrayList.java:1511)
at org.testng.TestRunner.privateRun(TestRunner.java:764)
at org.testng.TestRunner.run(TestRunner.java:585)
at org.testng.SuiteRunner.runTest(SuiteRunner.java:384)
at org.testng.SuiteRunner.runSequentially(SuiteRunner.java:378)
at org.testng.SuiteRunner.privateRun(SuiteRunner.java:337)
at org.testng.SuiteRunner.run(SuiteRunner.java:286)
at org.testng.SuiteRunnerWorker.runSuite(SuiteRunnerWorker.java:53)
at org.testng.SuiteRunnerWorker.run(SuiteRunnerWorker.java:96)
at org.testng.TestNG.runSuitesSequentially(TestNG.java:1218)
at org.testng.TestNG.runSuitesLocally(TestNG.java:1140)
at org.testng.TestNG.runSuites(TestNG.java:1069)
at org.testng.TestNG.run(TestNG.java:1037)
at org.testng.remote.AbstractRemoteTestNG.run(AbstractRemoteTestNG.java:115)
at org.testng.remote.RemoteTestNG.initAndRun(RemoteTestNG.java:251)
at org.testng.remote.RemoteTestNG.main(RemoteTestNG.java:77)
]]>
    </error>
  </testcase> <!-- Reg -->
  <system-out/>
  <testcase classname="pagesTestCasesYasasiiWeb.KIMS_OPInvoiceTask_TestcaseYW" name="Reg" time="0.000">
    <skipped/>
  </testcase> <!-- Reg -->
  <system-out/>
  <testcase classname="pagesTestCasesYasasiiWeb.KIMS_OPInvoiceTask_TestcaseYW" name="Reg" time="0.000">
    <skipped/>
  </testcase> <!-- Reg -->
  <system-out/>
  <testcase classname="pagesTestCasesYasasiiWeb.KIMS_OPInvoiceTask_TestcaseYW" name="Reg" time="0.000">
    <skipped/>
  </testcase> <!-- Reg -->
  <system-out/>
  <testcase classname="pagesTestCasesYasasiiWeb.KIMS_OPInvoiceTask_TestcaseYW" name="Reg" time="0.000">
    <skipped/>
  </testcase> <!-- Reg -->
  <system-out/>
  <testcase classname="pagesTestCasesYasasiiWeb.KIMS_OPInvoiceTask_TestcaseYW" name="Reg" time="0.000">
    <skipped/>
  </testcase> <!-- Reg -->
  <system-out/>
  <testcase classname="pagesTestCasesYasasiiWeb.KIMS_OPInvoiceTask_TestcaseYW" name="Reg" time="0.000">
    <skipped/>
  </testcase> <!-- Reg -->
  <system-out/>
  <testcase classname="pagesTestCasesYasasiiWeb.KIMS_OPInvoiceTask_TestcaseYW" name="Reg" time="0.000">
    <skipped/>
  </testcase> <!-- Reg -->
  <system-out/>
  <testcase classname="pagesTestCasesYasasiiWeb.KIMS_OPInvoiceTask_TestcaseYW" name="Reg" time="0.000">
    <skipped/>
  </testcase> <!-- Reg -->
  <system-out/>
  <testcase classname="pagesTestCasesYasasiiWeb.KIMS_OPInvoiceTask_TestcaseYW" name="Reg" time="0.000">
    <skipped/>
  </testcase> <!-- Reg -->
  <system-out/>
  <testcase classname="pagesTestCasesYasasiiWeb.KIMS_OPInvoiceTask_TestcaseYW" name="Reg" time="0.000">
    <skipped/>
  </testcase> <!-- Reg -->
  <system-out/>
  <testcase classname="pagesTestCasesYasasiiWeb.KIMS_OPInvoiceTask_TestcaseYW" name="Reg" time="0.000">
    <skipped/>
  </testcase> <!-- Reg -->
  <system-out/>
  <testcase classname="pagesTestCasesYasasiiWeb.KIMS_OPInvoiceTask_TestcaseYW" name="Reg" time="0.000">
    <skipped/>
  </testcase> <!-- Reg -->
  <system-out/>
  <testcase classname="pagesTestCasesYasasiiWeb.KIMS_OPInvoiceTask_TestcaseYW" name="Reg" time="0.000">
    <skipped/>
  </testcase> <!-- Reg -->
  <system-out/>
  <testcase classname="pagesTestCasesYasasiiWeb.KIMS_OPInvoiceTask_TestcaseYW" name="Reg" time="0.000">
    <skipped/>
  </testcase> <!-- Reg -->
  <system-out/>
  <testcase classname="pagesTestCasesYasasiiWeb.KIMS_OPInvoiceTask_TestcaseYW" name="Reg" time="0.000">
    <skipped/>
  </testcase> <!-- Reg -->
  <system-out/>
  <testcase classname="pagesTestCasesYasasiiWeb.KIMS_OPInvoiceTask_TestcaseYW" name="Reg" time="0.000">
    <skipped/>
  </testcase> <!-- Reg -->
  <system-out/>
  <testcase classname="pagesTestCasesYasasiiWeb.KIMS_OPInvoiceTask_TestcaseYW" name="Reg" time="0.000">
    <skipped/>
  </testcase> <!-- Reg -->
  <system-out/>
  <testcase classname="pagesTestCasesYasasiiWeb.KIMS_OPInvoiceTask_TestcaseYW" name="Reg" time="0.000">
    <skipped/>
  </testcase> <!-- Reg -->
  <system-out/>
  <testcase classname="pagesTestCasesYasasiiWeb.KIMS_OPInvoiceTask_TestcaseYW" name="Reg" time="0.000">
    <skipped/>
  </testcase> <!-- Reg -->
  <system-out/>
  <testcase classname="pagesTestCasesYasasiiWeb.KIMS_OPInvoiceTask_TestcaseYW" name="Reg" time="0.000">
    <skipped/>
  </testcase> <!-- Reg -->
  <system-out/>
  <testcase classname="pagesTestCasesYasasiiWeb.KIMS_OPInvoiceTask_TestcaseYW" name="Reg" time="0.000">
    <skipped/>
  </testcase> <!-- Reg -->
  <system-out/>
  <testcase classname="pagesTestCasesYasasiiWeb.KIMS_OPInvoiceTask_TestcaseYW" name="Reg" time="0.000">
    <skipped/>
  </testcase> <!-- Reg -->
  <system-out/>
  <testcase classname="pagesTestCasesYasasiiWeb.KIMS_OPInvoiceTask_TestcaseYW" name="Reg" time="0.000">
    <skipped/>
  </testcase> <!-- Reg -->
  <system-out/>
  <testcase classname="pagesTestCasesYasasiiWeb.KIMS_OPInvoiceTask_TestcaseYW" name="Reg" time="0.000">
    <skipped/>
  </testcase> <!-- Reg -->
  <system-out/>
  <testcase classname="pagesTestCasesYasasiiWeb.KIMS_OPInvoiceTask_TestcaseYW" name="Reg" time="0.000">
    <skipped/>
  </testcase> <!-- Reg -->
  <system-out/>
  <testcase classname="pagesTestCasesYasasiiWeb.KIMS_OPInvoiceTask_TestcaseYW" name="Reg" time="0.000">
    <skipped/>
  </testcase> <!-- Reg -->
  <system-out/>
  <testcase classname="pagesTestCasesYasasiiWeb.KIMS_OPInvoiceTask_TestcaseYW" name="Reg" time="0.000">
    <skipped/>
  </testcase> <!-- Reg -->
  <system-out/>
  <testcase classname="pagesTestCasesYasasiiWeb.KIMS_OPInvoiceTask_TestcaseYW" name="Reg" time="0.000">
    <skipped/>
  </testcase> <!-- Reg -->
  <system-out/>
  <testcase classname="pagesTestCasesYasasiiWeb.KIMS_OPInvoiceTask_TestcaseYW" name="Reg" time="0.000">
    <skipped/>
  </testcase> <!-- Reg -->
  <system-out/>
  <testcase classname="pagesTestCasesYasasiiWeb.KIMS_OPInvoiceTask_TestcaseYW" name="Reg" time="0.000">
    <skipped/>
  </testcase> <!-- Reg -->
  <system-out/>
  <testcase classname="pagesTestCasesYasasiiWeb.KIMS_OPInvoiceTask_TestcaseYW" name="Reg" time="0.000">
    <skipped/>
  </testcase> <!-- Reg -->
  <system-out/>
  <testcase classname="pagesTestCasesYasasiiWeb.KIMS_OPInvoiceTask_TestcaseYW" name="Reg" time="8.930">
    <error message="unexpected alert open: {Alert text : }
  (Session info: chrome=120.0.6099.217): {Alert text : 
Build info: version: &#039;4.11.0&#039;, revision: &#039;040bc5406b&#039;
System info: os.name: &#039;Windows 10&#039;, os.arch: &#039;amd64&#039;, os.version: &#039;10.0&#039;, java.version: &#039;17.0.7&#039;
Driver info: org.openqa.selenium.chrome.ChromeDriver
Command: [a5423fabe4265fafec3dd0c017f65c37, findElement {using=xpath, value=//body/app-root[1]/app-layout[1]/main[1]/app-fo-landing[1]/div[2]/app-frontoffice-patientregistration[1]/div[1]/form[1]/div[1]/div[1]/div[1]/div[2]/div[2]/div[1]/div[1]/ki-select-control[1]/div[1]/input[1]}]
Capabilities {acceptInsecureCerts: false, browserName: chrome, browserVersion: 120.0.6099.217, chrome: {chromedriverVersion: 119.0.6045.105 (38c72552c5e..., userDataDir: C:\Users\sriram\AppData\Loc...}, fedcm:accounts: true, goog:chromeOptions: {debuggerAddress: localhost:55169}, networkConnectionEnabled: false, pageLoadStrategy: normal, platformName: windows, proxy: Proxy(), se:cdp: ws://localhost:55169/devtoo..., se:cdpVersion: 120.0.6099.217, setWindowRect: true, strictFileInteractability: false, timeouts: {implicit: 0, pageLoad: 300000, script: 30000}, unhandledPromptBehavior: dismiss and notify, webauthn:extension:credBlob: true, webauthn:extension:largeBlob: true, webauthn:extension:minPinLength: true, webauthn:extension:prf: true, webauthn:virtualAuthenticators: true}
Session ID: a5423fabe4265fafec3dd0c017f65c37" type="org.openqa.selenium.UnhandledAlertException">
      <![CDATA[org.openqa.selenium.UnhandledAlertException: unexpected alert open: {Alert text : }
  (Session info: chrome=120.0.6099.217): {Alert text : 
Build info: version: '4.11.0', revision: '040bc5406b'
System info: os.name: 'Windows 10', os.arch: 'amd64', os.version: '10.0', java.version: '17.0.7'
Driver info: org.openqa.selenium.chrome.ChromeDriver
Command: [a5423fabe4265fafec3dd0c017f65c37, findElement {using=xpath, value=//body/app-root[1]/app-layout[1]/main[1]/app-fo-landing[1]/div[2]/app-frontoffice-patientregistration[1]/div[1]/form[1]/div[1]/div[1]/div[1]/div[2]/div[2]/div[1]/div[1]/ki-select-control[1]/div[1]/input[1]}]
Capabilities {acceptInsecureCerts: false, browserName: chrome, browserVersion: 120.0.6099.217, chrome: {chromedriverVersion: 119.0.6045.105 (38c72552c5e..., userDataDir: C:\Users\sriram\AppData\Loc...}, fedcm:accounts: true, goog:chromeOptions: {debuggerAddress: localhost:55169}, networkConnectionEnabled: false, pageLoadStrategy: normal, platformName: windows, proxy: Proxy(), se:cdp: ws://localhost:55169/devtoo..., se:cdpVersion: 120.0.6099.217, setWindowRect: true, strictFileInteractability: false, timeouts: {implicit: 0, pageLoad: 300000, script: 30000}, unhandledPromptBehavior: dismiss and notify, webauthn:extension:credBlob: true, webauthn:extension:largeBlob: true, webauthn:extension:minPinLength: true, webauthn:extension:prf: true, webauthn:virtualAuthenticators: true}
Session ID: a5423fabe4265fafec3dd0c017f65c37
at org.openqa.selenium.remote.codec.w3c.W3CHttpResponseCodec.decode(W3CHttpResponseCodec.java:131)
at org.openqa.selenium.remote.codec.w3c.W3CHttpResponseCodec.decode(W3CHttpResponseCodec.java:52)
at org.openqa.selenium.remote.HttpCommandExecutor.execute(HttpCommandExecutor.java:191)
at org.openqa.selenium.remote.service.DriverCommandExecutor.invokeExecute(DriverCommandExecutor.java:196)
at org.openqa.selenium.remote.service.DriverCommandExecutor.execute(DriverCommandExecutor.java:171)
at org.openqa.selenium.remote.RemoteWebDriver.execute(RemoteWebDriver.java:518)
at org.openqa.selenium.remote.ElementLocation$ElementFinder$2.findElement(ElementLocation.java:165)
at org.openqa.selenium.remote.ElementLocation.findElement(ElementLocation.java:59)
at org.openqa.selenium.remote.RemoteWebDriver.findElement(RemoteWebDriver.java:355)
at org.openqa.selenium.remote.RemoteWebDriver.findElement(RemoteWebDriver.java:349)
at org.openqa.selenium.support.pagefactory.DefaultElementLocator.findElement(DefaultElementLocator.java:68)
at org.openqa.selenium.support.pagefactory.internal.LocatingElementHandler.invoke(LocatingElementHandler.java:38)
at jdk.proxy2/jdk.proxy2.$Proxy39.click(Unknown Source)
at pagesOfYasasiiWeb.KIMS_OPInvoiceTask_yasassiweb.Patreg(KIMS_OPInvoiceTask_yasassiweb.java:514)
at pagesTestCasesYasasiiWeb.KIMS_OPInvoiceTask_TestcaseYW.Reg(KIMS_OPInvoiceTask_TestcaseYW.java:41)
at jdk.internal.reflect.GeneratedMethodAccessor7.invoke(Unknown Source)
at java.base/jdk.internal.reflect.DelegatingMethodAccessorImpl.invoke(DelegatingMethodAccessorImpl.java:43)
at java.base/java.lang.reflect.Method.invoke(Method.java:568)
at org.testng.internal.MethodInvocationHelper.invokeMethod(MethodInvocationHelper.java:132)
at org.testng.internal.TestInvoker.invokeMethod(TestInvoker.java:599)
at org.testng.internal.TestInvoker.invokeTestMethod(TestInvoker.java:174)
at org.testng.internal.MethodRunner.runInSequence(MethodRunner.java:46)
at org.testng.internal.TestInvoker$MethodInvocationAgent.invoke(TestInvoker.java:822)
at org.testng.internal.TestInvoker.invokeTestMethods(TestInvoker.java:147)
at org.testng.internal.TestMethodWorker.invokeTestMethods(TestMethodWorker.java:146)
at org.testng.internal.TestMethodWorker.run(TestMethodWorker.java:128)
at java.base/java.util.ArrayList.forEach(ArrayList.java:1511)
at org.testng.TestRunner.privateRun(TestRunner.java:764)
at org.testng.TestRunner.run(TestRunner.java:585)
at org.testng.SuiteRunner.runTest(SuiteRunner.java:384)
at org.testng.SuiteRunner.runSequentially(SuiteRunner.java:378)
at org.testng.SuiteRunner.privateRun(SuiteRunner.java:337)
at org.testng.SuiteRunner.run(SuiteRunner.java:286)
at org.testng.SuiteRunnerWorker.runSuite(SuiteRunnerWorker.java:53)
at org.testng.SuiteRunnerWorker.run(SuiteRunnerWorker.java:96)
at org.testng.TestNG.runSuitesSequentially(TestNG.java:1218)
at org.testng.TestNG.runSuitesLocally(TestNG.java:1140)
at org.testng.TestNG.runSuites(TestNG.java:1069)
at org.testng.TestNG.run(TestNG.java:1037)
at org.testng.remote.AbstractRemoteTestNG.run(AbstractRemoteTestNG.java:115)
at org.testng.remote.RemoteTestNG.initAndRun(RemoteTestNG.java:251)
at org.testng.remote.RemoteTestNG.main(RemoteTestNG.java:77)
]]>
    </error>
  </testcase> <!-- Reg -->
  <system-out/>
  <testcase classname="pagesTestCasesYasasiiWeb.KIMS_OPInvoiceTask_TestcaseYW" name="Reg" time="0.000">
    <skipped/>
  </testcase> <!-- Reg -->
  <system-out/>
  <testcase classname="pagesTestCasesYasasiiWeb.KIMS_OPInvoiceTask_TestcaseYW" name="Reg" time="0.000">
    <skipped/>
  </testcase> <!-- Reg -->
  <system-out/>
  <testcase classname="pagesTestCasesYasasiiWeb.KIMS_OPInvoiceTask_TestcaseYW" name="Reg" time="0.000">
    <skipped/>
  </testcase> <!-- Reg -->
  <system-out/>
  <testcase classname="pagesTestCasesYasasiiWeb.KIMS_OPInvoiceTask_TestcaseYW" name="Reg" time="0.000">
    <skipped/>
  </testcase> <!-- Reg -->
  <system-out/>
  <testcase classname="pagesTestCasesYasasiiWeb.KIMS_OPInvoiceTask_TestcaseYW" name="Reg" time="0.000">
    <skipped/>
  </testcase> <!-- Reg -->
  <system-out/>
  <testcase classname="pagesTestCasesYasasiiWeb.KIMS_OPInvoiceTask_TestcaseYW" name="Reg" time="0.000">
    <skipped/>
  </testcase> <!-- Reg -->
  <system-out/>
  <testcase classname="pagesTestCasesYasasiiWeb.KIMS_OPInvoiceTask_TestcaseYW" name="Reg" time="0.000">
    <skipped/>
  </testcase> <!-- Reg -->
  <system-out/>
  <testcase classname="pagesTestCasesYasasiiWeb.KIMS_OPInvoiceTask_TestcaseYW" name="Reg" time="0.000">
    <skipped/>
  </testcase> <!-- Reg -->
  <system-out/>
  <testcase classname="pagesTestCasesYasasiiWeb.KIMS_OPInvoiceTask_TestcaseYW" name="Reg" time="0.000">
    <skipped/>
  </testcase> <!-- Reg -->
  <system-out/>
  <testcase classname="pagesTestCasesYasasiiWeb.KIMS_OPInvoiceTask_TestcaseYW" name="Reg" time="0.000">
    <skipped/>
  </testcase> <!-- Reg -->
  <system-out/>
  <testcase classname="pagesTestCasesYasasiiWeb.KIMS_OPInvoiceTask_TestcaseYW" name="Reg" time="145.648"/>
  <system-out/>
  <testcase classname="pagesTestCasesYasasiiWeb.KIMS_OPInvoiceTask_TestcaseYW" name="getResult" time="0.003">
    <error message="Cannot invoke &quot;String.indexOf(String)&quot; because &quot;path&quot; is null" type="java.lang.NullPointerException">
      <![CDATA[java.lang.NullPointerException: Cannot invoke "String.indexOf(String)" because "path" is null
at com.relevantcodes.extentreports.ExtentTest.isPathRelative(ExtentTest.java:502)
at com.relevantcodes.extentreports.ExtentTest.addScreenCapture(ExtentTest.java:287)
at com.baseYasasiiWeb.TestBaseYasasiiWeb.getResult(TestBaseYasasiiWeb.java:200)
at jdk.internal.reflect.GeneratedMethodAccessor8.invoke(Unknown Source)
at java.base/jdk.internal.reflect.DelegatingMethodAccessorImpl.invoke(DelegatingMethodAccessorImpl.java:43)
at java.base/java.lang.reflect.Method.invoke(Method.java:568)
at org.testng.internal.MethodInvocationHelper.invokeMethod(MethodInvocationHelper.java:132)
at org.testng.internal.MethodInvocationHelper.invokeMethodConsideringTimeout(MethodInvocationHelper.java:61)
at org.testng.internal.ConfigInvoker.invokeConfigurationMethod(ConfigInvoker.java:366)
at org.testng.internal.ConfigInvoker.invokeConfigurations(ConfigInvoker.java:320)
at org.testng.internal.TestInvoker.runConfigMethods(TestInvoker.java:701)
at org.testng.internal.TestInvoker.runAfterGroupsConfigurations(TestInvoker.java:677)
at org.testng.internal.TestInvoker.invokeMethod(TestInvoker.java:661)
at org.testng.internal.TestInvoker.invokeTestMethod(TestInvoker.java:174)
at org.testng.internal.MethodRunner.runInSequence(MethodRunner.java:46)
at org.testng.internal.TestInvoker$MethodInvocationAgent.invoke(TestInvoker.java:822)
at org.testng.internal.TestInvoker.invokeTestMethods(TestInvoker.java:147)
at org.testng.internal.TestMethodWorker.invokeTestMethods(TestMethodWorker.java:146)
at org.testng.internal.TestMethodWorker.run(TestMethodWorker.java:128)
at java.base/java.util.ArrayList.forEach(ArrayList.java:1511)
at org.testng.TestRunner.privateRun(TestRunner.java:764)
at org.testng.TestRunner.run(TestRunner.java:585)
at org.testng.SuiteRunner.runTest(SuiteRunner.java:384)
at org.testng.SuiteRunner.runSequentially(SuiteRunner.java:378)
at org.testng.SuiteRunner.privateRun(SuiteRunner.java:337)
at org.testng.SuiteRunner.run(SuiteRunner.java:286)
at org.testng.SuiteRunnerWorker.runSuite(SuiteRunnerWorker.java:53)
at org.testng.SuiteRunnerWorker.run(SuiteRunnerWorker.java:96)
at org.testng.TestNG.runSuitesSequentially(TestNG.java:1218)
at org.testng.TestNG.runSuitesLocally(TestNG.java:1140)
at org.testng.TestNG.runSuites(TestNG.java:1069)
at org.testng.TestNG.run(TestNG.java:1037)
at org.testng.remote.AbstractRemoteTestNG.run(AbstractRemoteTestNG.java:115)
at org.testng.remote.RemoteTestNG.initAndRun(RemoteTestNG.java:251)
at org.testng.remote.RemoteTestNG.main(RemoteTestNG.java:77)
]]>
    </error>
  </testcase> <!-- getResult -->
  <system-out/>
  <testcase classname="pagesTestCasesYasasiiWeb.KIMS_OPInvoiceTask_TestcaseYW" name="Reg" time="0.000">
    <skipped/>
  </testcase> <!-- Reg -->
  <system-out/>
  <testcase classname="pagesTestCasesYasasiiWeb.KIMS_OPInvoiceTask_TestcaseYW" name="Reg" time="0.000">
    <skipped/>
  </testcase> <!-- Reg -->
  <system-out/>
  <testcase classname="pagesTestCasesYasasiiWeb.KIMS_OPInvoiceTask_TestcaseYW" name="Reg" time="0.000">
    <skipped/>
  </testcase> <!-- Reg -->
  <system-out/>
  <testcase classname="pagesTestCasesYasasiiWeb.KIMS_OPInvoiceTask_TestcaseYW" name="Reg" time="0.000">
    <skipped/>
  </testcase> <!-- Reg -->
  <system-out/>
  <testcase classname="pagesTestCasesYasasiiWeb.KIMS_OPInvoiceTask_TestcaseYW" name="Reg" time="0.000">
    <skipped/>
  </testcase> <!-- Reg -->
  <system-out/>
  <testcase classname="pagesTestCasesYasasiiWeb.KIMS_OPInvoiceTask_TestcaseYW" name="Reg" time="6.699">
    <error message="element click intercepted: Element &lt;div class=&quot;bar2&quot;&gt;&lt;/div&gt; is not clickable at point (26, 22). Other element would receive the click: &lt;div _ngcontent-utm-c2=&quot;&quot; aria-hidden=&quot;false&quot; aria-labelledby=&quot;myLargeModalLabel&quot; class=&quot;modal ki-dialog fade blockoutside in show&quot; kidialog=&quot;&quot; role=&quot;dialog&quot; tabindex=&quot;-1&quot; aria-modal=&quot;true&quot; style=&quot;display: block;&quot;&gt;...&lt;/div&gt;
  (Session info: chrome=120.0.6099.217)
Build info: version: &#039;4.11.0&#039;, revision: &#039;040bc5406b&#039;
System info: os.name: &#039;Windows 10&#039;, os.arch: &#039;amd64&#039;, os.version: &#039;10.0&#039;, java.version: &#039;17.0.7&#039;
Driver info: org.openqa.selenium.chrome.ChromeDriver
Command: [a5423fabe4265fafec3dd0c017f65c37, clickElement {id=BAF2F35168AFE3E25F277C8A51A65BC3_element_278}]
Capabilities {acceptInsecureCerts: false, browserName: chrome, browserVersion: 120.0.6099.217, chrome: {chromedriverVersion: 119.0.6045.105 (38c72552c5e..., userDataDir: C:\Users\sriram\AppData\Loc...}, fedcm:accounts: true, goog:chromeOptions: {debuggerAddress: localhost:55169}, networkConnectionEnabled: false, pageLoadStrategy: normal, platformName: windows, proxy: Proxy(), se:cdp: ws://localhost:55169/devtoo..., se:cdpVersion: 120.0.6099.217, setWindowRect: true, strictFileInteractability: false, timeouts: {implicit: 0, pageLoad: 300000, script: 30000}, unhandledPromptBehavior: dismiss and notify, webauthn:extension:credBlob: true, webauthn:extension:largeBlob: true, webauthn:extension:minPinLength: true, webauthn:extension:prf: true, webauthn:virtualAuthenticators: true}
Element: [[ChromeDriver: chrome on windows (a5423fabe4265fafec3dd0c017f65c37)] -&gt; xpath: //a[@class=&#039;nav-link navbar-brand menu&#039;]//div[@class=&#039;bar2&#039;]]
Session ID: a5423fabe4265fafec3dd0c017f65c37" type="org.openqa.selenium.ElementClickInterceptedException">
      <![CDATA[org.openqa.selenium.ElementClickInterceptedException: element click intercepted: Element <div class="bar2"></div> is not clickable at point (26, 22). Other element would receive the click: <div _ngcontent-utm-c2="" aria-hidden="false" aria-labelledby="myLargeModalLabel" class="modal ki-dialog fade blockoutside in show" kidialog="" role="dialog" tabindex="-1" aria-modal="true" style="display: block;">...</div>
  (Session info: chrome=120.0.6099.217)
Build info: version: '4.11.0', revision: '040bc5406b'
System info: os.name: 'Windows 10', os.arch: 'amd64', os.version: '10.0', java.version: '17.0.7'
Driver info: org.openqa.selenium.chrome.ChromeDriver
Command: [a5423fabe4265fafec3dd0c017f65c37, clickElement {id=BAF2F35168AFE3E25F277C8A51A65BC3_element_278}]
Capabilities {acceptInsecureCerts: false, browserName: chrome, browserVersion: 120.0.6099.217, chrome: {chromedriverVersion: 119.0.6045.105 (38c72552c5e..., userDataDir: C:\Users\sriram\AppData\Loc...}, fedcm:accounts: true, goog:chromeOptions: {debuggerAddress: localhost:55169}, networkConnectionEnabled: false, pageLoadStrategy: normal, platformName: windows, proxy: Proxy(), se:cdp: ws://localhost:55169/devtoo..., se:cdpVersion: 120.0.6099.217, setWindowRect: true, strictFileInteractability: false, timeouts: {implicit: 0, pageLoad: 300000, script: 30000}, unhandledPromptBehavior: dismiss and notify, webauthn:extension:credBlob: true, webauthn:extension:largeBlob: true, webauthn:extension:minPinLength: true, webauthn:extension:prf: true, webauthn:virtualAuthenticators: true}
Element: [[ChromeDriver: chrome on windows (a5423fabe4265fafec3dd0c017f65c37)] -> xpath: //a[@class='nav-link navbar-brand menu']//div[@class='bar2']]
Session ID: a5423fabe4265fafec3dd0c017f65c37
at java.base/jdk.internal.reflect.NativeConstructorAccessorImpl.newInstance0(Native Method)
at java.base/jdk.internal.reflect.NativeConstructorAccessorImpl.newInstance(NativeConstructorAccessorImpl.java:77)
at java.base/jdk.internal.reflect.DelegatingConstructorAccessorImpl.newInstance(DelegatingConstructorAccessorImpl.java:45)
at java.base/java.lang.reflect.Constructor.newInstanceWithCaller(Constructor.java:499)
at java.base/java.lang.reflect.Constructor.newInstance(Constructor.java:480)
at org.openqa.selenium.remote.codec.w3c.W3CHttpResponseCodec.createException(W3CHttpResponseCodec.java:200)
at org.openqa.selenium.remote.codec.w3c.W3CHttpResponseCodec.decode(W3CHttpResponseCodec.java:133)
at org.openqa.selenium.remote.codec.w3c.W3CHttpResponseCodec.decode(W3CHttpResponseCodec.java:52)
at org.openqa.selenium.remote.HttpCommandExecutor.execute(HttpCommandExecutor.java:191)
at org.openqa.selenium.remote.service.DriverCommandExecutor.invokeExecute(DriverCommandExecutor.java:196)
at org.openqa.selenium.remote.service.DriverCommandExecutor.execute(DriverCommandExecutor.java:171)
at org.openqa.selenium.remote.RemoteWebDriver.execute(RemoteWebDriver.java:518)
at org.openqa.selenium.remote.RemoteWebElement.execute(RemoteWebElement.java:224)
at org.openqa.selenium.remote.RemoteWebElement.click(RemoteWebElement.java:77)
at jdk.internal.reflect.GeneratedMethodAccessor2.invoke(Unknown Source)
at java.base/jdk.internal.reflect.DelegatingMethodAccessorImpl.invoke(DelegatingMethodAccessorImpl.java:43)
at java.base/java.lang.reflect.Method.invoke(Method.java:568)
at org.openqa.selenium.support.pagefactory.internal.LocatingElementHandler.invoke(LocatingElementHandler.java:51)
at jdk.proxy2/jdk.proxy2.$Proxy39.click(Unknown Source)
at pagesOfYasasiiWeb.KIMS_OPInvoiceTask_yasassiweb.Patreg(KIMS_OPInvoiceTask_yasassiweb.java:480)
at pagesTestCasesYasasiiWeb.KIMS_OPInvoiceTask_TestcaseYW.Reg(KIMS_OPInvoiceTask_TestcaseYW.java:41)
at jdk.internal.reflect.GeneratedMethodAccessor7.invoke(Unknown Source)
at java.base/jdk.internal.reflect.DelegatingMethodAccessorImpl.invoke(DelegatingMethodAccessorImpl.java:43)
at java.base/java.lang.reflect.Method.invoke(Method.java:568)
at org.testng.internal.MethodInvocationHelper.invokeMethod(MethodInvocationHelper.java:132)
at org.testng.internal.TestInvoker.invokeMethod(TestInvoker.java:599)
at org.testng.internal.TestInvoker.invokeTestMethod(TestInvoker.java:174)
at org.testng.internal.MethodRunner.runInSequence(MethodRunner.java:46)
at org.testng.internal.TestInvoker$MethodInvocationAgent.invoke(TestInvoker.java:822)
at org.testng.internal.TestInvoker.invokeTestMethods(TestInvoker.java:147)
at org.testng.internal.TestMethodWorker.invokeTestMethods(TestMethodWorker.java:146)
at org.testng.internal.TestMethodWorker.run(TestMethodWorker.java:128)
at java.base/java.util.ArrayList.forEach(ArrayList.java:1511)
at org.testng.TestRunner.privateRun(TestRunner.java:764)
at org.testng.TestRunner.run(TestRunner.java:585)
at org.testng.SuiteRunner.runTest(SuiteRunner.java:384)
at org.testng.SuiteRunner.runSequentially(SuiteRunner.java:378)
at org.testng.SuiteRunner.privateRun(SuiteRunner.java:337)
at org.testng.SuiteRunner.run(SuiteRunner.java:286)
at org.testng.SuiteRunnerWorker.runSuite(SuiteRunnerWorker.java:53)
at org.testng.SuiteRunnerWorker.run(SuiteRunnerWorker.java:96)
at org.testng.TestNG.runSuitesSequentially(TestNG.java:1218)
at org.testng.TestNG.runSuitesLocally(TestNG.java:1140)
at org.testng.TestNG.runSuites(TestNG.java:1069)
at org.testng.TestNG.run(TestNG.java:1037)
at org.testng.remote.AbstractRemoteTestNG.run(AbstractRemoteTestNG.java:115)
at org.testng.remote.RemoteTestNG.initAndRun(RemoteTestNG.java:251)
at org.testng.remote.RemoteTestNG.main(RemoteTestNG.java:77)
]]>
    </error>
  </testcase> <!-- Reg -->
  <system-out/>
  <testcase classname="pagesTestCasesYasasiiWeb.KIMS_OPInvoiceTask_TestcaseYW" name="Reg" time="0.000">
    <skipped/>
  </testcase> <!-- Reg -->
  <system-out/>
  <testcase classname="pagesTestCasesYasasiiWeb.KIMS_OPInvoiceTask_TestcaseYW" name="Reg" time="0.000">
    <skipped/>
  </testcase> <!-- Reg -->
  <system-out/>
  <testcase classname="pagesTestCasesYasasiiWeb.KIMS_OPInvoiceTask_TestcaseYW" name="Reg" time="0.000">
    <skipped/>
  </testcase> <!-- Reg -->
  <system-out/>
  <testcase classname="pagesTestCasesYasasiiWeb.KIMS_OPInvoiceTask_TestcaseYW" name="Reg" time="0.000">
    <skipped/>
  </testcase> <!-- Reg -->
  <system-out/>
  <testcase classname="pagesTestCasesYasasiiWeb.KIMS_OPInvoiceTask_TestcaseYW" name="Reg" time="0.000">
    <skipped/>
  </testcase> <!-- Reg -->
  <system-out/>
  <testcase classname="pagesTestCasesYasasiiWeb.KIMS_OPInvoiceTask_TestcaseYW" name="Reg" time="0.000">
    <skipped/>
  </testcase> <!-- Reg -->
  <system-out/>
  <testcase classname="pagesTestCasesYasasiiWeb.KIMS_OPInvoiceTask_TestcaseYW" name="Reg" time="0.000">
    <skipped/>
  </testcase> <!-- Reg -->
  <system-out/>
  <testcase classname="pagesTestCasesYasasiiWeb.KIMS_OPInvoiceTask_TestcaseYW" name="Reg" time="0.000">
    <skipped/>
  </testcase> <!-- Reg -->
  <system-out/>
  <testcase classname="pagesTestCasesYasasiiWeb.KIMS_OPInvoiceTask_TestcaseYW" name="Reg" time="0.000">
    <skipped/>
  </testcase> <!-- Reg -->
  <system-out/>
  <testcase classname="pagesTestCasesYasasiiWeb.KIMS_OPInvoiceTask_TestcaseYW" name="Reg" time="0.000">
    <skipped/>
  </testcase> <!-- Reg -->
  <system-out/>
  <testcase classname="pagesTestCasesYasasiiWeb.KIMS_OPInvoiceTask_TestcaseYW" name="Reg" time="0.000">
    <skipped/>
  </testcase> <!-- Reg -->
  <system-out/>
  <testcase classname="pagesTestCasesYasasiiWeb.KIMS_OPInvoiceTask_TestcaseYW" name="Reg" time="0.000">
    <skipped/>
  </testcase> <!-- Reg -->
  <system-out/>
  <testcase classname="pagesTestCasesYasasiiWeb.KIMS_OPInvoiceTask_TestcaseYW" name="Reg" time="0.000">
    <skipped/>
  </testcase> <!-- Reg -->
  <system-out/>
  <testcase classname="pagesTestCasesYasasiiWeb.KIMS_OPInvoiceTask_TestcaseYW" name="Reg" time="0.000">
    <skipped/>
  </testcase> <!-- Reg -->
  <system-out/>
  <testcase classname="pagesTestCasesYasasiiWeb.KIMS_OPInvoiceTask_TestcaseYW" name="Reg" time="0.000">
    <skipped/>
  </testcase> <!-- Reg -->
  <system-out/>
  <testcase classname="pagesTestCasesYasasiiWeb.KIMS_OPInvoiceTask_TestcaseYW" name="Reg" time="0.000">
    <skipped/>
  </testcase> <!-- Reg -->
  <system-out/>
  <testcase classname="pagesTestCasesYasasiiWeb.KIMS_OPInvoiceTask_TestcaseYW" name="Reg" time="0.000">
    <skipped/>
  </testcase> <!-- Reg -->
  <system-out/>
  <testcase classname="pagesTestCasesYasasiiWeb.KIMS_OPInvoiceTask_TestcaseYW" name="Reg" time="0.000">
    <skipped/>
  </testcase> <!-- Reg -->
  <system-out/>
  <testcase classname="pagesTestCasesYasasiiWeb.KIMS_OPInvoiceTask_TestcaseYW" name="Reg" time="0.000">
    <skipped/>
  </testcase> <!-- Reg -->
  <system-out/>
  <testcase classname="pagesTestCasesYasasiiWeb.KIMS_OPInvoiceTask_TestcaseYW" name="Reg" time="0.000">
    <skipped/>
  </testcase> <!-- Reg -->
  <system-out/>
  <testcase classname="pagesTestCasesYasasiiWeb.KIMS_OPInvoiceTask_TestcaseYW" name="Reg" time="0.000">
    <skipped/>
  </testcase> <!-- Reg -->
  <system-out/>
  <testcase classname="pagesTestCasesYasasiiWeb.KIMS_OPInvoiceTask_TestcaseYW" name="Reg" time="0.000">
    <skipped/>
  </testcase> <!-- Reg -->
  <system-out/>
  <testcase classname="pagesTestCasesYasasiiWeb.KIMS_OPInvoiceTask_TestcaseYW" name="Reg" time="0.000">
    <skipped/>
  </testcase> <!-- Reg -->
  <system-out/>
  <testcase classname="pagesTestCasesYasasiiWeb.KIMS_OPInvoiceTask_TestcaseYW" name="Reg" time="0.000">
    <skipped/>
  </testcase> <!-- Reg -->
  <system-out/>
  <testcase classname="pagesTestCasesYasasiiWeb.KIMS_OPInvoiceTask_TestcaseYW" name="Reg" time="157.383"/>
  <system-out/>
  <testcase classname="pagesTestCasesYasasiiWeb.KIMS_OPInvoiceTask_TestcaseYW" name="Reg" time="6.677">
    <error message="element click intercepted: Element &lt;div class=&quot;bar2&quot;&gt;&lt;/div&gt; is not clickable at point (26, 22). Other element would receive the click: &lt;div _ngcontent-utm-c2=&quot;&quot; aria-hidden=&quot;false&quot; aria-labelledby=&quot;myLargeModalLabel&quot; class=&quot;modal ki-dialog fade blockoutside in show&quot; kidialog=&quot;&quot; role=&quot;dialog&quot; tabindex=&quot;-1&quot; aria-modal=&quot;true&quot; style=&quot;display: block;&quot;&gt;...&lt;/div&gt;
  (Session info: chrome=120.0.6099.217)
Build info: version: &#039;4.11.0&#039;, revision: &#039;040bc5406b&#039;
System info: os.name: &#039;Windows 10&#039;, os.arch: &#039;amd64&#039;, os.version: &#039;10.0&#039;, java.version: &#039;17.0.7&#039;
Driver info: org.openqa.selenium.chrome.ChromeDriver
Command: [a5423fabe4265fafec3dd0c017f65c37, clickElement {id=BAF2F35168AFE3E25F277C8A51A65BC3_element_278}]
Capabilities {acceptInsecureCerts: false, browserName: chrome, browserVersion: 120.0.6099.217, chrome: {chromedriverVersion: 119.0.6045.105 (38c72552c5e..., userDataDir: C:\Users\sriram\AppData\Loc...}, fedcm:accounts: true, goog:chromeOptions: {debuggerAddress: localhost:55169}, networkConnectionEnabled: false, pageLoadStrategy: normal, platformName: windows, proxy: Proxy(), se:cdp: ws://localhost:55169/devtoo..., se:cdpVersion: 120.0.6099.217, setWindowRect: true, strictFileInteractability: false, timeouts: {implicit: 0, pageLoad: 300000, script: 30000}, unhandledPromptBehavior: dismiss and notify, webauthn:extension:credBlob: true, webauthn:extension:largeBlob: true, webauthn:extension:minPinLength: true, webauthn:extension:prf: true, webauthn:virtualAuthenticators: true}
Element: [[ChromeDriver: chrome on windows (a5423fabe4265fafec3dd0c017f65c37)] -&gt; xpath: //a[@class=&#039;nav-link navbar-brand menu&#039;]//div[@class=&#039;bar2&#039;]]
Session ID: a5423fabe4265fafec3dd0c017f65c37" type="org.openqa.selenium.ElementClickInterceptedException">
      <![CDATA[org.openqa.selenium.ElementClickInterceptedException: element click intercepted: Element <div class="bar2"></div> is not clickable at point (26, 22). Other element would receive the click: <div _ngcontent-utm-c2="" aria-hidden="false" aria-labelledby="myLargeModalLabel" class="modal ki-dialog fade blockoutside in show" kidialog="" role="dialog" tabindex="-1" aria-modal="true" style="display: block;">...</div>
  (Session info: chrome=120.0.6099.217)
Build info: version: '4.11.0', revision: '040bc5406b'
System info: os.name: 'Windows 10', os.arch: 'amd64', os.version: '10.0', java.version: '17.0.7'
Driver info: org.openqa.selenium.chrome.ChromeDriver
Command: [a5423fabe4265fafec3dd0c017f65c37, clickElement {id=BAF2F35168AFE3E25F277C8A51A65BC3_element_278}]
Capabilities {acceptInsecureCerts: false, browserName: chrome, browserVersion: 120.0.6099.217, chrome: {chromedriverVersion: 119.0.6045.105 (38c72552c5e..., userDataDir: C:\Users\sriram\AppData\Loc...}, fedcm:accounts: true, goog:chromeOptions: {debuggerAddress: localhost:55169}, networkConnectionEnabled: false, pageLoadStrategy: normal, platformName: windows, proxy: Proxy(), se:cdp: ws://localhost:55169/devtoo..., se:cdpVersion: 120.0.6099.217, setWindowRect: true, strictFileInteractability: false, timeouts: {implicit: 0, pageLoad: 300000, script: 30000}, unhandledPromptBehavior: dismiss and notify, webauthn:extension:credBlob: true, webauthn:extension:largeBlob: true, webauthn:extension:minPinLength: true, webauthn:extension:prf: true, webauthn:virtualAuthenticators: true}
Element: [[ChromeDriver: chrome on windows (a5423fabe4265fafec3dd0c017f65c37)] -> xpath: //a[@class='nav-link navbar-brand menu']//div[@class='bar2']]
Session ID: a5423fabe4265fafec3dd0c017f65c37
at java.base/jdk.internal.reflect.NativeConstructorAccessorImpl.newInstance0(Native Method)
at java.base/jdk.internal.reflect.NativeConstructorAccessorImpl.newInstance(NativeConstructorAccessorImpl.java:77)
at java.base/jdk.internal.reflect.DelegatingConstructorAccessorImpl.newInstance(DelegatingConstructorAccessorImpl.java:45)
at java.base/java.lang.reflect.Constructor.newInstanceWithCaller(Constructor.java:499)
at java.base/java.lang.reflect.Constructor.newInstance(Constructor.java:480)
at org.openqa.selenium.remote.codec.w3c.W3CHttpResponseCodec.createException(W3CHttpResponseCodec.java:200)
at org.openqa.selenium.remote.codec.w3c.W3CHttpResponseCodec.decode(W3CHttpResponseCodec.java:133)
at org.openqa.selenium.remote.codec.w3c.W3CHttpResponseCodec.decode(W3CHttpResponseCodec.java:52)
at org.openqa.selenium.remote.HttpCommandExecutor.execute(HttpCommandExecutor.java:191)
at org.openqa.selenium.remote.service.DriverCommandExecutor.invokeExecute(DriverCommandExecutor.java:196)
at org.openqa.selenium.remote.service.DriverCommandExecutor.execute(DriverCommandExecutor.java:171)
at org.openqa.selenium.remote.RemoteWebDriver.execute(RemoteWebDriver.java:518)
at org.openqa.selenium.remote.RemoteWebElement.execute(RemoteWebElement.java:224)
at org.openqa.selenium.remote.RemoteWebElement.click(RemoteWebElement.java:77)
at jdk.internal.reflect.GeneratedMethodAccessor2.invoke(Unknown Source)
at java.base/jdk.internal.reflect.DelegatingMethodAccessorImpl.invoke(DelegatingMethodAccessorImpl.java:43)
at java.base/java.lang.reflect.Method.invoke(Method.java:568)
at org.openqa.selenium.support.pagefactory.internal.LocatingElementHandler.invoke(LocatingElementHandler.java:51)
at jdk.proxy2/jdk.proxy2.$Proxy39.click(Unknown Source)
at pagesOfYasasiiWeb.KIMS_OPInvoiceTask_yasassiweb.Patreg(KIMS_OPInvoiceTask_yasassiweb.java:480)
at pagesTestCasesYasasiiWeb.KIMS_OPInvoiceTask_TestcaseYW.Reg(KIMS_OPInvoiceTask_TestcaseYW.java:41)
at jdk.internal.reflect.GeneratedMethodAccessor7.invoke(Unknown Source)
at java.base/jdk.internal.reflect.DelegatingMethodAccessorImpl.invoke(DelegatingMethodAccessorImpl.java:43)
at java.base/java.lang.reflect.Method.invoke(Method.java:568)
at org.testng.internal.MethodInvocationHelper.invokeMethod(MethodInvocationHelper.java:132)
at org.testng.internal.TestInvoker.invokeMethod(TestInvoker.java:599)
at org.testng.internal.TestInvoker.invokeTestMethod(TestInvoker.java:174)
at org.testng.internal.MethodRunner.runInSequence(MethodRunner.java:46)
at org.testng.internal.TestInvoker$MethodInvocationAgent.invoke(TestInvoker.java:822)
at org.testng.internal.TestInvoker.invokeTestMethods(TestInvoker.java:147)
at org.testng.internal.TestMethodWorker.invokeTestMethods(TestMethodWorker.java:146)
at org.testng.internal.TestMethodWorker.run(TestMethodWorker.java:128)
at java.base/java.util.ArrayList.forEach(ArrayList.java:1511)
at org.testng.TestRunner.privateRun(TestRunner.java:764)
at org.testng.TestRunner.run(TestRunner.java:585)
at org.testng.SuiteRunner.runTest(SuiteRunner.java:384)
at org.testng.SuiteRunner.runSequentially(SuiteRunner.java:378)
at org.testng.SuiteRunner.privateRun(SuiteRunner.java:337)
at org.testng.SuiteRunner.run(SuiteRunner.java:286)
at org.testng.SuiteRunnerWorker.runSuite(SuiteRunnerWorker.java:53)
at org.testng.SuiteRunnerWorker.run(SuiteRunnerWorker.java:96)
at org.testng.TestNG.runSuitesSequentially(TestNG.java:1218)
at org.testng.TestNG.runSuitesLocally(TestNG.java:1140)
at org.testng.TestNG.runSuites(TestNG.java:1069)
at org.testng.TestNG.run(TestNG.java:1037)
at org.testng.remote.AbstractRemoteTestNG.run(AbstractRemoteTestNG.java:115)
at org.testng.remote.RemoteTestNG.initAndRun(RemoteTestNG.java:251)
at org.testng.remote.RemoteTestNG.main(RemoteTestNG.java:77)
]]>
    </error>
  </testcase> <!-- Reg -->
  <system-out/>
  <testcase classname="pagesTestCasesYasasiiWeb.KIMS_OPInvoiceTask_TestcaseYW" name="Reg" time="0.000">
    <skipped/>
  </testcase> <!-- Reg -->
  <system-out/>
  <testcase classname="pagesTestCasesYasasiiWeb.KIMS_OPInvoiceTask_TestcaseYW" name="Reg" time="0.000">
    <skipped/>
  </testcase> <!-- Reg -->
  <system-out/>
  <testcase classname="pagesTestCasesYasasiiWeb.KIMS_OPInvoiceTask_TestcaseYW" name="Reg" time="0.000">
    <skipped/>
  </testcase> <!-- Reg -->
  <system-out/>
  <testcase classname="pagesTestCasesYasasiiWeb.KIMS_OPInvoiceTask_TestcaseYW" name="Reg" time="0.000">
    <skipped/>
  </testcase> <!-- Reg -->
  <system-out/>
  <testcase classname="pagesTestCasesYasasiiWeb.KIMS_OPInvoiceTask_TestcaseYW" name="Reg" time="0.000">
    <skipped/>
  </testcase> <!-- Reg -->
  <system-out/>
  <testcase classname="pagesTestCasesYasasiiWeb.KIMS_OPInvoiceTask_TestcaseYW" name="Reg" time="0.000">
    <skipped/>
  </testcase> <!-- Reg -->
  <system-out/>
  <testcase classname="pagesTestCasesYasasiiWeb.KIMS_OPInvoiceTask_TestcaseYW" name="Reg" time="0.000">
    <skipped/>
  </testcase> <!-- Reg -->
  <system-out/>
  <testcase classname="pagesTestCasesYasasiiWeb.KIMS_OPInvoiceTask_TestcaseYW" name="Reg" time="0.000">
    <skipped/>
  </testcase> <!-- Reg -->
  <system-out/>
  <testcase classname="pagesTestCasesYasasiiWeb.KIMS_OPInvoiceTask_TestcaseYW" name="Reg" time="0.000">
    <skipped/>
  </testcase> <!-- Reg -->
  <system-out/>
  <testcase classname="pagesTestCasesYasasiiWeb.KIMS_OPInvoiceTask_TestcaseYW" name="Reg" time="0.000">
    <skipped/>
  </testcase> <!-- Reg -->
  <system-out/>
  <testcase classname="pagesTestCasesYasasiiWeb.KIMS_OPInvoiceTask_TestcaseYW" name="Reg" time="0.000">
    <skipped/>
  </testcase> <!-- Reg -->
  <system-out/>
  <testcase classname="pagesTestCasesYasasiiWeb.KIMS_OPInvoiceTask_TestcaseYW" name="Reg" time="0.000">
    <skipped/>
  </testcase> <!-- Reg -->
  <system-out/>
  <testcase classname="pagesTestCasesYasasiiWeb.KIMS_OPInvoiceTask_TestcaseYW" name="Reg" time="0.004">
    <skipped/>
  </testcase> <!-- Reg -->
  <system-out/>
  <testcase classname="pagesTestCasesYasasiiWeb.KIMS_OPInvoiceTask_TestcaseYW" name="Reg" time="0.000">
    <skipped/>
  </testcase> <!-- Reg -->
  <system-out/>
  <testcase classname="pagesTestCasesYasasiiWeb.KIMS_OPInvoiceTask_TestcaseYW" name="Reg" time="0.000">
    <skipped/>
  </testcase> <!-- Reg -->
  <system-out/>
  <testcase classname="pagesTestCasesYasasiiWeb.KIMS_OPInvoiceTask_TestcaseYW" name="Reg" time="0.000">
    <skipped/>
  </testcase> <!-- Reg -->
  <system-out/>
  <testcase classname="pagesTestCasesYasasiiWeb.KIMS_OPInvoiceTask_TestcaseYW" name="Reg" time="0.000">
    <skipped/>
  </testcase> <!-- Reg -->
  <system-out/>
  <testcase classname="pagesTestCasesYasasiiWeb.KIMS_OPInvoiceTask_TestcaseYW" name="Reg" time="0.000">
    <skipped/>
  </testcase> <!-- Reg -->
  <system-out/>
  <testcase classname="pagesTestCasesYasasiiWeb.KIMS_OPInvoiceTask_TestcaseYW" name="Reg" time="188.520"/>
  <system-out/>
  <testcase classname="pagesTestCasesYasasiiWeb.KIMS_OPInvoiceTask_TestcaseYW" name="Reg" time="0.000">
    <skipped/>
  </testcase> <!-- Reg -->
  <system-out/>
  <testcase classname="pagesTestCasesYasasiiWeb.KIMS_OPInvoiceTask_TestcaseYW" name="Reg" time="0.000">
    <skipped/>
  </testcase> <!-- Reg -->
  <system-out/>
  <testcase classname="pagesTestCasesYasasiiWeb.KIMS_OPInvoiceTask_TestcaseYW" name="Reg" time="0.000">
    <skipped/>
  </testcase> <!-- Reg -->
  <system-out/>
  <testcase classname="pagesTestCasesYasasiiWeb.KIMS_OPInvoiceTask_TestcaseYW" name="Reg" time="0.000">
    <skipped/>
  </testcase> <!-- Reg -->
  <system-out/>
  <testcase classname="pagesTestCasesYasasiiWeb.KIMS_OPInvoiceTask_TestcaseYW" name="Reg" time="0.000">
    <skipped/>
  </testcase> <!-- Reg -->
  <system-out/>
  <testcase classname="pagesTestCasesYasasiiWeb.KIMS_OPInvoiceTask_TestcaseYW" name="Reg" time="0.000">
    <skipped/>
  </testcase> <!-- Reg -->
  <system-out/>
  <testcase classname="pagesTestCasesYasasiiWeb.KIMS_OPInvoiceTask_TestcaseYW" name="Reg" time="0.000">
    <skipped/>
  </testcase> <!-- Reg -->
  <system-out/>
  <testcase classname="pagesTestCasesYasasiiWeb.KIMS_OPInvoiceTask_TestcaseYW" name="Reg" time="0.000">
    <skipped/>
  </testcase> <!-- Reg -->
  <system-out/>
  <testcase classname="pagesTestCasesYasasiiWeb.KIMS_OPInvoiceTask_TestcaseYW" name="Reg" time="0.000">
    <skipped/>
  </testcase> <!-- Reg -->
  <system-out/>
  <testcase classname="pagesTestCasesYasasiiWeb.KIMS_OPInvoiceTask_TestcaseYW" name="Reg" time="0.000">
    <skipped/>
  </testcase> <!-- Reg -->
  <system-out/>
  <testcase classname="pagesTestCasesYasasiiWeb.KIMS_OPInvoiceTask_TestcaseYW" name="Reg" time="0.000">
    <skipped/>
  </testcase> <!-- Reg -->
  <system-out/>
  <testcase classname="pagesTestCasesYasasiiWeb.KIMS_OPInvoiceTask_TestcaseYW" name="Reg" time="0.000">
    <skipped/>
  </testcase> <!-- Reg -->
  <system-out/>
  <testcase classname="pagesTestCasesYasasiiWeb.KIMS_OPInvoiceTask_TestcaseYW" name="Reg" time="0.000">
    <skipped/>
  </testcase> <!-- Reg -->
  <system-out/>
  <testcase classname="pagesTestCasesYasasiiWeb.KIMS_OPInvoiceTask_TestcaseYW" name="Reg" time="0.000">
    <skipped/>
  </testcase> <!-- Reg -->
  <system-out/>
  <testcase classname="pagesTestCasesYasasiiWeb.KIMS_OPInvoiceTask_TestcaseYW" name="Reg" time="0.000">
    <skipped/>
  </testcase> <!-- Reg -->
  <system-out/>
  <testcase classname="pagesTestCasesYasasiiWeb.KIMS_OPInvoiceTask_TestcaseYW" name="Reg" time="0.000">
    <skipped/>
  </testcase> <!-- Reg -->
  <system-out/>
  <testcase classname="pagesTestCasesYasasiiWeb.KIMS_OPInvoiceTask_TestcaseYW" name="Reg" time="0.000">
    <skipped/>
  </testcase> <!-- Reg -->
  <system-out/>
  <testcase classname="pagesTestCasesYasasiiWeb.KIMS_OPInvoiceTask_TestcaseYW" name="Reg" time="0.000">
    <skipped/>
  </testcase> <!-- Reg -->
  <system-out/>
  <testcase classname="pagesTestCasesYasasiiWeb.KIMS_OPInvoiceTask_TestcaseYW" name="Reg" time="0.000">
    <skipped/>
  </testcase> <!-- Reg -->
  <system-out/>
  <testcase classname="pagesTestCasesYasasiiWeb.KIMS_OPInvoiceTask_TestcaseYW" name="Reg" time="0.000">
    <skipped/>
  </testcase> <!-- Reg -->
  <system-out/>
  <testcase classname="pagesTestCasesYasasiiWeb.KIMS_OPInvoiceTask_TestcaseYW" name="Reg" time="6.715">
    <error message="element click intercepted: Element &lt;div class=&quot;bar2&quot;&gt;&lt;/div&gt; is not clickable at point (26, 22). Other element would receive the click: &lt;div _ngcontent-utm-c2=&quot;&quot; aria-hidden=&quot;false&quot; aria-labelledby=&quot;myLargeModalLabel&quot; class=&quot;modal ki-dialog fade blockoutside in show&quot; kidialog=&quot;&quot; role=&quot;dialog&quot; tabindex=&quot;-1&quot; aria-modal=&quot;true&quot; style=&quot;display: block;&quot;&gt;...&lt;/div&gt;
  (Session info: chrome=120.0.6099.217)
Build info: version: &#039;4.11.0&#039;, revision: &#039;040bc5406b&#039;
System info: os.name: &#039;Windows 10&#039;, os.arch: &#039;amd64&#039;, os.version: &#039;10.0&#039;, java.version: &#039;17.0.7&#039;
Driver info: org.openqa.selenium.chrome.ChromeDriver
Command: [a5423fabe4265fafec3dd0c017f65c37, clickElement {id=BAF2F35168AFE3E25F277C8A51A65BC3_element_278}]
Capabilities {acceptInsecureCerts: false, browserName: chrome, browserVersion: 120.0.6099.217, chrome: {chromedriverVersion: 119.0.6045.105 (38c72552c5e..., userDataDir: C:\Users\sriram\AppData\Loc...}, fedcm:accounts: true, goog:chromeOptions: {debuggerAddress: localhost:55169}, networkConnectionEnabled: false, pageLoadStrategy: normal, platformName: windows, proxy: Proxy(), se:cdp: ws://localhost:55169/devtoo..., se:cdpVersion: 120.0.6099.217, setWindowRect: true, strictFileInteractability: false, timeouts: {implicit: 0, pageLoad: 300000, script: 30000}, unhandledPromptBehavior: dismiss and notify, webauthn:extension:credBlob: true, webauthn:extension:largeBlob: true, webauthn:extension:minPinLength: true, webauthn:extension:prf: true, webauthn:virtualAuthenticators: true}
Element: [[ChromeDriver: chrome on windows (a5423fabe4265fafec3dd0c017f65c37)] -&gt; xpath: //a[@class=&#039;nav-link navbar-brand menu&#039;]//div[@class=&#039;bar2&#039;]]
Session ID: a5423fabe4265fafec3dd0c017f65c37" type="org.openqa.selenium.ElementClickInterceptedException">
      <![CDATA[org.openqa.selenium.ElementClickInterceptedException: element click intercepted: Element <div class="bar2"></div> is not clickable at point (26, 22). Other element would receive the click: <div _ngcontent-utm-c2="" aria-hidden="false" aria-labelledby="myLargeModalLabel" class="modal ki-dialog fade blockoutside in show" kidialog="" role="dialog" tabindex="-1" aria-modal="true" style="display: block;">...</div>
  (Session info: chrome=120.0.6099.217)
Build info: version: '4.11.0', revision: '040bc5406b'
System info: os.name: 'Windows 10', os.arch: 'amd64', os.version: '10.0', java.version: '17.0.7'
Driver info: org.openqa.selenium.chrome.ChromeDriver
Command: [a5423fabe4265fafec3dd0c017f65c37, clickElement {id=BAF2F35168AFE3E25F277C8A51A65BC3_element_278}]
Capabilities {acceptInsecureCerts: false, browserName: chrome, browserVersion: 120.0.6099.217, chrome: {chromedriverVersion: 119.0.6045.105 (38c72552c5e..., userDataDir: C:\Users\sriram\AppData\Loc...}, fedcm:accounts: true, goog:chromeOptions: {debuggerAddress: localhost:55169}, networkConnectionEnabled: false, pageLoadStrategy: normal, platformName: windows, proxy: Proxy(), se:cdp: ws://localhost:55169/devtoo..., se:cdpVersion: 120.0.6099.217, setWindowRect: true, strictFileInteractability: false, timeouts: {implicit: 0, pageLoad: 300000, script: 30000}, unhandledPromptBehavior: dismiss and notify, webauthn:extension:credBlob: true, webauthn:extension:largeBlob: true, webauthn:extension:minPinLength: true, webauthn:extension:prf: true, webauthn:virtualAuthenticators: true}
Element: [[ChromeDriver: chrome on windows (a5423fabe4265fafec3dd0c017f65c37)] -> xpath: //a[@class='nav-link navbar-brand menu']//div[@class='bar2']]
Session ID: a5423fabe4265fafec3dd0c017f65c37
at java.base/jdk.internal.reflect.NativeConstructorAccessorImpl.newInstance0(Native Method)
at java.base/jdk.internal.reflect.NativeConstructorAccessorImpl.newInstance(NativeConstructorAccessorImpl.java:77)
at java.base/jdk.internal.reflect.DelegatingConstructorAccessorImpl.newInstance(DelegatingConstructorAccessorImpl.java:45)
at java.base/java.lang.reflect.Constructor.newInstanceWithCaller(Constructor.java:499)
at java.base/java.lang.reflect.Constructor.newInstance(Constructor.java:480)
at org.openqa.selenium.remote.codec.w3c.W3CHttpResponseCodec.createException(W3CHttpResponseCodec.java:200)
at org.openqa.selenium.remote.codec.w3c.W3CHttpResponseCodec.decode(W3CHttpResponseCodec.java:133)
at org.openqa.selenium.remote.codec.w3c.W3CHttpResponseCodec.decode(W3CHttpResponseCodec.java:52)
at org.openqa.selenium.remote.HttpCommandExecutor.execute(HttpCommandExecutor.java:191)
at org.openqa.selenium.remote.service.DriverCommandExecutor.invokeExecute(DriverCommandExecutor.java:196)
at org.openqa.selenium.remote.service.DriverCommandExecutor.execute(DriverCommandExecutor.java:171)
at org.openqa.selenium.remote.RemoteWebDriver.execute(RemoteWebDriver.java:518)
at org.openqa.selenium.remote.RemoteWebElement.execute(RemoteWebElement.java:224)
at org.openqa.selenium.remote.RemoteWebElement.click(RemoteWebElement.java:77)
at jdk.internal.reflect.GeneratedMethodAccessor2.invoke(Unknown Source)
at java.base/jdk.internal.reflect.DelegatingMethodAccessorImpl.invoke(DelegatingMethodAccessorImpl.java:43)
at java.base/java.lang.reflect.Method.invoke(Method.java:568)
at org.openqa.selenium.support.pagefactory.internal.LocatingElementHandler.invoke(LocatingElementHandler.java:51)
at jdk.proxy2/jdk.proxy2.$Proxy39.click(Unknown Source)
at pagesOfYasasiiWeb.KIMS_OPInvoiceTask_yasassiweb.Patreg(KIMS_OPInvoiceTask_yasassiweb.java:480)
at pagesTestCasesYasasiiWeb.KIMS_OPInvoiceTask_TestcaseYW.Reg(KIMS_OPInvoiceTask_TestcaseYW.java:41)
at jdk.internal.reflect.GeneratedMethodAccessor7.invoke(Unknown Source)
at java.base/jdk.internal.reflect.DelegatingMethodAccessorImpl.invoke(DelegatingMethodAccessorImpl.java:43)
at java.base/java.lang.reflect.Method.invoke(Method.java:568)
at org.testng.internal.MethodInvocationHelper.invokeMethod(MethodInvocationHelper.java:132)
at org.testng.internal.TestInvoker.invokeMethod(TestInvoker.java:599)
at org.testng.internal.TestInvoker.invokeTestMethod(TestInvoker.java:174)
at org.testng.internal.MethodRunner.runInSequence(MethodRunner.java:46)
at org.testng.internal.TestInvoker$MethodInvocationAgent.invoke(TestInvoker.java:822)
at org.testng.internal.TestInvoker.invokeTestMethods(TestInvoker.java:147)
at org.testng.internal.TestMethodWorker.invokeTestMethods(TestMethodWorker.java:146)
at org.testng.internal.TestMethodWorker.run(TestMethodWorker.java:128)
at java.base/java.util.ArrayList.forEach(ArrayList.java:1511)
at org.testng.TestRunner.privateRun(TestRunner.java:764)
at org.testng.TestRunner.run(TestRunner.java:585)
at org.testng.SuiteRunner.runTest(SuiteRunner.java:384)
at org.testng.SuiteRunner.runSequentially(SuiteRunner.java:378)
at org.testng.SuiteRunner.privateRun(SuiteRunner.java:337)
at org.testng.SuiteRunner.run(SuiteRunner.java:286)
at org.testng.SuiteRunnerWorker.runSuite(SuiteRunnerWorker.java:53)
at org.testng.SuiteRunnerWorker.run(SuiteRunnerWorker.java:96)
at org.testng.TestNG.runSuitesSequentially(TestNG.java:1218)
at org.testng.TestNG.runSuitesLocally(TestNG.java:1140)
at org.testng.TestNG.runSuites(TestNG.java:1069)
at org.testng.TestNG.run(TestNG.java:1037)
at org.testng.remote.AbstractRemoteTestNG.run(AbstractRemoteTestNG.java:115)
at org.testng.remote.RemoteTestNG.initAndRun(RemoteTestNG.java:251)
at org.testng.remote.RemoteTestNG.main(RemoteTestNG.java:77)
]]>
    </error>
  </testcase> <!-- Reg -->
  <system-out/>
  <testcase classname="pagesTestCasesYasasiiWeb.KIMS_OPInvoiceTask_TestcaseYW" name="Reg" time="0.000">
    <skipped/>
  </testcase> <!-- Reg -->
  <system-out/>
  <testcase classname="pagesTestCasesYasasiiWeb.KIMS_OPInvoiceTask_TestcaseYW" name="Reg" time="0.000">
    <skipped/>
  </testcase> <!-- Reg -->
  <system-out/>
  <testcase classname="pagesTestCasesYasasiiWeb.KIMS_OPInvoiceTask_TestcaseYW" name="Reg" time="0.000">
    <skipped/>
  </testcase> <!-- Reg -->
  <system-out/>
  <testcase classname="pagesTestCasesYasasiiWeb.KIMS_OPInvoiceTask_TestcaseYW" name="Reg" time="148.292"/>
  <system-out/>
  <testcase classname="pagesTestCasesYasasiiWeb.KIMS_OPInvoiceTask_TestcaseYW" name="Reg" time="0.000">
    <skipped/>
  </testcase> <!-- Reg -->
  <system-out/>
  <testcase classname="pagesTestCasesYasasiiWeb.KIMS_OPInvoiceTask_TestcaseYW" name="Reg" time="0.000">
    <skipped/>
  </testcase> <!-- Reg -->
  <system-out/>
  <testcase classname="pagesTestCasesYasasiiWeb.KIMS_OPInvoiceTask_TestcaseYW" name="Reg" time="0.000">
    <skipped/>
  </testcase> <!-- Reg -->
  <system-out/>
  <testcase classname="pagesTestCasesYasasiiWeb.KIMS_OPInvoiceTask_TestcaseYW" name="Reg" time="0.000">
    <skipped/>
  </testcase> <!-- Reg -->
  <system-out/>
  <testcase classname="pagesTestCasesYasasiiWeb.KIMS_OPInvoiceTask_TestcaseYW" name="Reg" time="0.000">
    <skipped/>
  </testcase> <!-- Reg -->
  <system-out/>
  <testcase classname="pagesTestCasesYasasiiWeb.KIMS_OPInvoiceTask_TestcaseYW" name="Reg" time="0.000">
    <skipped/>
  </testcase> <!-- Reg -->
  <system-out/>
  <testcase classname="pagesTestCasesYasasiiWeb.KIMS_OPInvoiceTask_TestcaseYW" name="Reg" time="0.000">
    <skipped/>
  </testcase> <!-- Reg -->
  <system-out/>
  <testcase classname="pagesTestCasesYasasiiWeb.KIMS_OPInvoiceTask_TestcaseYW" name="Reg" time="0.000">
    <skipped/>
  </testcase> <!-- Reg -->
  <system-out/>
  <testcase classname="pagesTestCasesYasasiiWeb.KIMS_OPInvoiceTask_TestcaseYW" name="Reg" time="0.000">
    <skipped/>
  </testcase> <!-- Reg -->
  <system-out/>
  <testcase classname="pagesTestCasesYasasiiWeb.KIMS_OPInvoiceTask_TestcaseYW" name="Reg" time="0.000">
    <skipped/>
  </testcase> <!-- Reg -->
  <system-out/>
  <testcase classname="pagesTestCasesYasasiiWeb.KIMS_OPInvoiceTask_TestcaseYW" name="Reg" time="0.000">
    <skipped/>
  </testcase> <!-- Reg -->
  <system-out/>
  <testcase classname="pagesTestCasesYasasiiWeb.KIMS_OPInvoiceTask_TestcaseYW" name="Reg" time="0.000">
    <skipped/>
  </testcase> <!-- Reg -->
  <system-out/>
  <testcase classname="pagesTestCasesYasasiiWeb.KIMS_OPInvoiceTask_TestcaseYW" name="Reg" time="0.000">
    <skipped/>
  </testcase> <!-- Reg -->
  <system-out/>
  <testcase classname="pagesTestCasesYasasiiWeb.KIMS_OPInvoiceTask_TestcaseYW" name="Reg" time="0.000">
    <skipped/>
  </testcase> <!-- Reg -->
  <system-out/>
  <testcase classname="pagesTestCasesYasasiiWeb.KIMS_OPInvoiceTask_TestcaseYW" name="Reg" time="0.000">
    <skipped/>
  </testcase> <!-- Reg -->
  <system-out/>
  <testcase classname="pagesTestCasesYasasiiWeb.KIMS_OPInvoiceTask_TestcaseYW" name="Reg" time="6.700">
    <error message="element click intercepted: Element &lt;div class=&quot;bar2&quot;&gt;&lt;/div&gt; is not clickable at point (26, 22). Other element would receive the click: &lt;div _ngcontent-utm-c2=&quot;&quot; aria-hidden=&quot;false&quot; aria-labelledby=&quot;myLargeModalLabel&quot; class=&quot;modal ki-dialog fade blockoutside in show&quot; kidialog=&quot;&quot; role=&quot;dialog&quot; tabindex=&quot;-1&quot; aria-modal=&quot;true&quot; style=&quot;display: block;&quot;&gt;...&lt;/div&gt;
  (Session info: chrome=120.0.6099.217)
Build info: version: &#039;4.11.0&#039;, revision: &#039;040bc5406b&#039;
System info: os.name: &#039;Windows 10&#039;, os.arch: &#039;amd64&#039;, os.version: &#039;10.0&#039;, java.version: &#039;17.0.7&#039;
Driver info: org.openqa.selenium.chrome.ChromeDriver
Command: [a5423fabe4265fafec3dd0c017f65c37, clickElement {id=BAF2F35168AFE3E25F277C8A51A65BC3_element_278}]
Capabilities {acceptInsecureCerts: false, browserName: chrome, browserVersion: 120.0.6099.217, chrome: {chromedriverVersion: 119.0.6045.105 (38c72552c5e..., userDataDir: C:\Users\sriram\AppData\Loc...}, fedcm:accounts: true, goog:chromeOptions: {debuggerAddress: localhost:55169}, networkConnectionEnabled: false, pageLoadStrategy: normal, platformName: windows, proxy: Proxy(), se:cdp: ws://localhost:55169/devtoo..., se:cdpVersion: 120.0.6099.217, setWindowRect: true, strictFileInteractability: false, timeouts: {implicit: 0, pageLoad: 300000, script: 30000}, unhandledPromptBehavior: dismiss and notify, webauthn:extension:credBlob: true, webauthn:extension:largeBlob: true, webauthn:extension:minPinLength: true, webauthn:extension:prf: true, webauthn:virtualAuthenticators: true}
Element: [[ChromeDriver: chrome on windows (a5423fabe4265fafec3dd0c017f65c37)] -&gt; xpath: //a[@class=&#039;nav-link navbar-brand menu&#039;]//div[@class=&#039;bar2&#039;]]
Session ID: a5423fabe4265fafec3dd0c017f65c37" type="org.openqa.selenium.ElementClickInterceptedException">
      <![CDATA[org.openqa.selenium.ElementClickInterceptedException: element click intercepted: Element <div class="bar2"></div> is not clickable at point (26, 22). Other element would receive the click: <div _ngcontent-utm-c2="" aria-hidden="false" aria-labelledby="myLargeModalLabel" class="modal ki-dialog fade blockoutside in show" kidialog="" role="dialog" tabindex="-1" aria-modal="true" style="display: block;">...</div>
  (Session info: chrome=120.0.6099.217)
Build info: version: '4.11.0', revision: '040bc5406b'
System info: os.name: 'Windows 10', os.arch: 'amd64', os.version: '10.0', java.version: '17.0.7'
Driver info: org.openqa.selenium.chrome.ChromeDriver
Command: [a5423fabe4265fafec3dd0c017f65c37, clickElement {id=BAF2F35168AFE3E25F277C8A51A65BC3_element_278}]
Capabilities {acceptInsecureCerts: false, browserName: chrome, browserVersion: 120.0.6099.217, chrome: {chromedriverVersion: 119.0.6045.105 (38c72552c5e..., userDataDir: C:\Users\sriram\AppData\Loc...}, fedcm:accounts: true, goog:chromeOptions: {debuggerAddress: localhost:55169}, networkConnectionEnabled: false, pageLoadStrategy: normal, platformName: windows, proxy: Proxy(), se:cdp: ws://localhost:55169/devtoo..., se:cdpVersion: 120.0.6099.217, setWindowRect: true, strictFileInteractability: false, timeouts: {implicit: 0, pageLoad: 300000, script: 30000}, unhandledPromptBehavior: dismiss and notify, webauthn:extension:credBlob: true, webauthn:extension:largeBlob: true, webauthn:extension:minPinLength: true, webauthn:extension:prf: true, webauthn:virtualAuthenticators: true}
Element: [[ChromeDriver: chrome on windows (a5423fabe4265fafec3dd0c017f65c37)] -> xpath: //a[@class='nav-link navbar-brand menu']//div[@class='bar2']]
Session ID: a5423fabe4265fafec3dd0c017f65c37
at java.base/jdk.internal.reflect.NativeConstructorAccessorImpl.newInstance0(Native Method)
at java.base/jdk.internal.reflect.NativeConstructorAccessorImpl.newInstance(NativeConstructorAccessorImpl.java:77)
at java.base/jdk.internal.reflect.DelegatingConstructorAccessorImpl.newInstance(DelegatingConstructorAccessorImpl.java:45)
at java.base/java.lang.reflect.Constructor.newInstanceWithCaller(Constructor.java:499)
at java.base/java.lang.reflect.Constructor.newInstance(Constructor.java:480)
at org.openqa.selenium.remote.codec.w3c.W3CHttpResponseCodec.createException(W3CHttpResponseCodec.java:200)
at org.openqa.selenium.remote.codec.w3c.W3CHttpResponseCodec.decode(W3CHttpResponseCodec.java:133)
at org.openqa.selenium.remote.codec.w3c.W3CHttpResponseCodec.decode(W3CHttpResponseCodec.java:52)
at org.openqa.selenium.remote.HttpCommandExecutor.execute(HttpCommandExecutor.java:191)
at org.openqa.selenium.remote.service.DriverCommandExecutor.invokeExecute(DriverCommandExecutor.java:196)
at org.openqa.selenium.remote.service.DriverCommandExecutor.execute(DriverCommandExecutor.java:171)
at org.openqa.selenium.remote.RemoteWebDriver.execute(RemoteWebDriver.java:518)
at org.openqa.selenium.remote.RemoteWebElement.execute(RemoteWebElement.java:224)
at org.openqa.selenium.remote.RemoteWebElement.click(RemoteWebElement.java:77)
at jdk.internal.reflect.GeneratedMethodAccessor2.invoke(Unknown Source)
at java.base/jdk.internal.reflect.DelegatingMethodAccessorImpl.invoke(DelegatingMethodAccessorImpl.java:43)
at java.base/java.lang.reflect.Method.invoke(Method.java:568)
at org.openqa.selenium.support.pagefactory.internal.LocatingElementHandler.invoke(LocatingElementHandler.java:51)
at jdk.proxy2/jdk.proxy2.$Proxy39.click(Unknown Source)
at pagesOfYasasiiWeb.KIMS_OPInvoiceTask_yasassiweb.Patreg(KIMS_OPInvoiceTask_yasassiweb.java:480)
at pagesTestCasesYasasiiWeb.KIMS_OPInvoiceTask_TestcaseYW.Reg(KIMS_OPInvoiceTask_TestcaseYW.java:41)
at jdk.internal.reflect.GeneratedMethodAccessor7.invoke(Unknown Source)
at java.base/jdk.internal.reflect.DelegatingMethodAccessorImpl.invoke(DelegatingMethodAccessorImpl.java:43)
at java.base/java.lang.reflect.Method.invoke(Method.java:568)
at org.testng.internal.MethodInvocationHelper.invokeMethod(MethodInvocationHelper.java:132)
at org.testng.internal.TestInvoker.invokeMethod(TestInvoker.java:599)
at org.testng.internal.TestInvoker.invokeTestMethod(TestInvoker.java:174)
at org.testng.internal.MethodRunner.runInSequence(MethodRunner.java:46)
at org.testng.internal.TestInvoker$MethodInvocationAgent.invoke(TestInvoker.java:822)
at org.testng.internal.TestInvoker.invokeTestMethods(TestInvoker.java:147)
at org.testng.internal.TestMethodWorker.invokeTestMethods(TestMethodWorker.java:146)
at org.testng.internal.TestMethodWorker.run(TestMethodWorker.java:128)
at java.base/java.util.ArrayList.forEach(ArrayList.java:1511)
at org.testng.TestRunner.privateRun(TestRunner.java:764)
at org.testng.TestRunner.run(TestRunner.java:585)
at org.testng.SuiteRunner.runTest(SuiteRunner.java:384)
at org.testng.SuiteRunner.runSequentially(SuiteRunner.java:378)
at org.testng.SuiteRunner.privateRun(SuiteRunner.java:337)
at org.testng.SuiteRunner.run(SuiteRunner.java:286)
at org.testng.SuiteRunnerWorker.runSuite(SuiteRunnerWorker.java:53)
at org.testng.SuiteRunnerWorker.run(SuiteRunnerWorker.java:96)
at org.testng.TestNG.runSuitesSequentially(TestNG.java:1218)
at org.testng.TestNG.runSuitesLocally(TestNG.java:1140)
at org.testng.TestNG.runSuites(TestNG.java:1069)
at org.testng.TestNG.run(TestNG.java:1037)
at org.testng.remote.AbstractRemoteTestNG.run(AbstractRemoteTestNG.java:115)
at org.testng.remote.RemoteTestNG.initAndRun(RemoteTestNG.java:251)
at org.testng.remote.RemoteTestNG.main(RemoteTestNG.java:77)
]]>
    </error>
  </testcase> <!-- Reg -->
  <system-out/>
  <testcase classname="pagesTestCasesYasasiiWeb.KIMS_OPInvoiceTask_TestcaseYW" name="Reg" time="0.000">
    <skipped/>
  </testcase> <!-- Reg -->
  <system-out/>
  <testcase classname="pagesTestCasesYasasiiWeb.KIMS_OPInvoiceTask_TestcaseYW" name="Reg" time="0.000">
    <skipped/>
  </testcase> <!-- Reg -->
  <system-out/>
  <testcase classname="pagesTestCasesYasasiiWeb.KIMS_OPInvoiceTask_TestcaseYW" name="Reg" time="0.000">
    <skipped/>
  </testcase> <!-- Reg -->
  <system-out/>
  <testcase classname="pagesTestCasesYasasiiWeb.KIMS_OPInvoiceTask_TestcaseYW" name="Reg" time="0.000">
    <skipped/>
  </testcase> <!-- Reg -->
  <system-out/>
  <testcase classname="pagesTestCasesYasasiiWeb.KIMS_OPInvoiceTask_TestcaseYW" name="Reg" time="0.000">
    <skipped/>
  </testcase> <!-- Reg -->
  <system-out/>
  <testcase classname="pagesTestCasesYasasiiWeb.KIMS_OPInvoiceTask_TestcaseYW" name="Reg" time="0.000">
    <skipped/>
  </testcase> <!-- Reg -->
  <system-out/>
  <testcase classname="pagesTestCasesYasasiiWeb.KIMS_OPInvoiceTask_TestcaseYW" name="Reg" time="0.000">
    <skipped/>
  </testcase> <!-- Reg -->
  <system-out/>
  <testcase classname="pagesTestCasesYasasiiWeb.KIMS_OPInvoiceTask_TestcaseYW" name="Reg" time="0.000">
    <skipped/>
  </testcase> <!-- Reg -->
  <system-out/>
  <testcase classname="pagesTestCasesYasasiiWeb.KIMS_OPInvoiceTask_TestcaseYW" name="Reg" time="0.000">
    <skipped/>
  </testcase> <!-- Reg -->
  <system-out/>
  <testcase classname="pagesTestCasesYasasiiWeb.KIMS_OPInvoiceTask_TestcaseYW" name="Reg" time="0.000">
    <skipped/>
  </testcase> <!-- Reg -->
  <system-out/>
  <testcase classname="pagesTestCasesYasasiiWeb.KIMS_OPInvoiceTask_TestcaseYW" name="Reg" time="155.803"/>
  <system-out/>
  <testcase classname="pagesTestCasesYasasiiWeb.KIMS_OPInvoiceTask_TestcaseYW" name="Reg" time="0.000">
    <skipped/>
  </testcase> <!-- Reg -->
  <system-out/>
  <testcase classname="pagesTestCasesYasasiiWeb.KIMS_OPInvoiceTask_TestcaseYW" name="Reg" time="0.000">
    <skipped/>
  </testcase> <!-- Reg -->
  <system-out/>
  <testcase classname="pagesTestCasesYasasiiWeb.KIMS_OPInvoiceTask_TestcaseYW" name="Reg" time="0.000">
    <skipped/>
  </testcase> <!-- Reg -->
  <system-out/>
  <testcase classname="pagesTestCasesYasasiiWeb.KIMS_OPInvoiceTask_TestcaseYW" name="Reg" time="0.000">
    <skipped/>
  </testcase> <!-- Reg -->
  <system-out/>
  <testcase classname="pagesTestCasesYasasiiWeb.KIMS_OPInvoiceTask_TestcaseYW" name="Reg" time="0.000">
    <skipped/>
  </testcase> <!-- Reg -->
  <system-out/>
  <testcase classname="pagesTestCasesYasasiiWeb.KIMS_OPInvoiceTask_TestcaseYW" name="Reg" time="6.670">
    <error message="element click intercepted: Element &lt;div class=&quot;bar2&quot;&gt;&lt;/div&gt; is not clickable at point (26, 22). Other element would receive the click: &lt;div _ngcontent-utm-c2=&quot;&quot; aria-hidden=&quot;false&quot; aria-labelledby=&quot;myLargeModalLabel&quot; class=&quot;modal ki-dialog fade blockoutside in show&quot; kidialog=&quot;&quot; role=&quot;dialog&quot; tabindex=&quot;-1&quot; aria-modal=&quot;true&quot; style=&quot;display: block;&quot;&gt;...&lt;/div&gt;
  (Session info: chrome=120.0.6099.217)
Build info: version: &#039;4.11.0&#039;, revision: &#039;040bc5406b&#039;
System info: os.name: &#039;Windows 10&#039;, os.arch: &#039;amd64&#039;, os.version: &#039;10.0&#039;, java.version: &#039;17.0.7&#039;
Driver info: org.openqa.selenium.chrome.ChromeDriver
Command: [a5423fabe4265fafec3dd0c017f65c37, clickElement {id=BAF2F35168AFE3E25F277C8A51A65BC3_element_278}]
Capabilities {acceptInsecureCerts: false, browserName: chrome, browserVersion: 120.0.6099.217, chrome: {chromedriverVersion: 119.0.6045.105 (38c72552c5e..., userDataDir: C:\Users\sriram\AppData\Loc...}, fedcm:accounts: true, goog:chromeOptions: {debuggerAddress: localhost:55169}, networkConnectionEnabled: false, pageLoadStrategy: normal, platformName: windows, proxy: Proxy(), se:cdp: ws://localhost:55169/devtoo..., se:cdpVersion: 120.0.6099.217, setWindowRect: true, strictFileInteractability: false, timeouts: {implicit: 0, pageLoad: 300000, script: 30000}, unhandledPromptBehavior: dismiss and notify, webauthn:extension:credBlob: true, webauthn:extension:largeBlob: true, webauthn:extension:minPinLength: true, webauthn:extension:prf: true, webauthn:virtualAuthenticators: true}
Element: [[ChromeDriver: chrome on windows (a5423fabe4265fafec3dd0c017f65c37)] -&gt; xpath: //a[@class=&#039;nav-link navbar-brand menu&#039;]//div[@class=&#039;bar2&#039;]]
Session ID: a5423fabe4265fafec3dd0c017f65c37" type="org.openqa.selenium.ElementClickInterceptedException">
      <![CDATA[org.openqa.selenium.ElementClickInterceptedException: element click intercepted: Element <div class="bar2"></div> is not clickable at point (26, 22). Other element would receive the click: <div _ngcontent-utm-c2="" aria-hidden="false" aria-labelledby="myLargeModalLabel" class="modal ki-dialog fade blockoutside in show" kidialog="" role="dialog" tabindex="-1" aria-modal="true" style="display: block;">...</div>
  (Session info: chrome=120.0.6099.217)
Build info: version: '4.11.0', revision: '040bc5406b'
System info: os.name: 'Windows 10', os.arch: 'amd64', os.version: '10.0', java.version: '17.0.7'
Driver info: org.openqa.selenium.chrome.ChromeDriver
Command: [a5423fabe4265fafec3dd0c017f65c37, clickElement {id=BAF2F35168AFE3E25F277C8A51A65BC3_element_278}]
Capabilities {acceptInsecureCerts: false, browserName: chrome, browserVersion: 120.0.6099.217, chrome: {chromedriverVersion: 119.0.6045.105 (38c72552c5e..., userDataDir: C:\Users\sriram\AppData\Loc...}, fedcm:accounts: true, goog:chromeOptions: {debuggerAddress: localhost:55169}, networkConnectionEnabled: false, pageLoadStrategy: normal, platformName: windows, proxy: Proxy(), se:cdp: ws://localhost:55169/devtoo..., se:cdpVersion: 120.0.6099.217, setWindowRect: true, strictFileInteractability: false, timeouts: {implicit: 0, pageLoad: 300000, script: 30000}, unhandledPromptBehavior: dismiss and notify, webauthn:extension:credBlob: true, webauthn:extension:largeBlob: true, webauthn:extension:minPinLength: true, webauthn:extension:prf: true, webauthn:virtualAuthenticators: true}
Element: [[ChromeDriver: chrome on windows (a5423fabe4265fafec3dd0c017f65c37)] -> xpath: //a[@class='nav-link navbar-brand menu']//div[@class='bar2']]
Session ID: a5423fabe4265fafec3dd0c017f65c37
at java.base/jdk.internal.reflect.NativeConstructorAccessorImpl.newInstance0(Native Method)
at java.base/jdk.internal.reflect.NativeConstructorAccessorImpl.newInstance(NativeConstructorAccessorImpl.java:77)
at java.base/jdk.internal.reflect.DelegatingConstructorAccessorImpl.newInstance(DelegatingConstructorAccessorImpl.java:45)
at java.base/java.lang.reflect.Constructor.newInstanceWithCaller(Constructor.java:499)
at java.base/java.lang.reflect.Constructor.newInstance(Constructor.java:480)
at org.openqa.selenium.remote.codec.w3c.W3CHttpResponseCodec.createException(W3CHttpResponseCodec.java:200)
at org.openqa.selenium.remote.codec.w3c.W3CHttpResponseCodec.decode(W3CHttpResponseCodec.java:133)
at org.openqa.selenium.remote.codec.w3c.W3CHttpResponseCodec.decode(W3CHttpResponseCodec.java:52)
at org.openqa.selenium.remote.HttpCommandExecutor.execute(HttpCommandExecutor.java:191)
at org.openqa.selenium.remote.service.DriverCommandExecutor.invokeExecute(DriverCommandExecutor.java:196)
at org.openqa.selenium.remote.service.DriverCommandExecutor.execute(DriverCommandExecutor.java:171)
at org.openqa.selenium.remote.RemoteWebDriver.execute(RemoteWebDriver.java:518)
at org.openqa.selenium.remote.RemoteWebElement.execute(RemoteWebElement.java:224)
at org.openqa.selenium.remote.RemoteWebElement.click(RemoteWebElement.java:77)
at jdk.internal.reflect.GeneratedMethodAccessor2.invoke(Unknown Source)
at java.base/jdk.internal.reflect.DelegatingMethodAccessorImpl.invoke(DelegatingMethodAccessorImpl.java:43)
at java.base/java.lang.reflect.Method.invoke(Method.java:568)
at org.openqa.selenium.support.pagefactory.internal.LocatingElementHandler.invoke(LocatingElementHandler.java:51)
at jdk.proxy2/jdk.proxy2.$Proxy39.click(Unknown Source)
at pagesOfYasasiiWeb.KIMS_OPInvoiceTask_yasassiweb.Patreg(KIMS_OPInvoiceTask_yasassiweb.java:480)
at pagesTestCasesYasasiiWeb.KIMS_OPInvoiceTask_TestcaseYW.Reg(KIMS_OPInvoiceTask_TestcaseYW.java:41)
at jdk.internal.reflect.GeneratedMethodAccessor7.invoke(Unknown Source)
at java.base/jdk.internal.reflect.DelegatingMethodAccessorImpl.invoke(DelegatingMethodAccessorImpl.java:43)
at java.base/java.lang.reflect.Method.invoke(Method.java:568)
at org.testng.internal.MethodInvocationHelper.invokeMethod(MethodInvocationHelper.java:132)
at org.testng.internal.TestInvoker.invokeMethod(TestInvoker.java:599)
at org.testng.internal.TestInvoker.invokeTestMethod(TestInvoker.java:174)
at org.testng.internal.MethodRunner.runInSequence(MethodRunner.java:46)
at org.testng.internal.TestInvoker$MethodInvocationAgent.invoke(TestInvoker.java:822)
at org.testng.internal.TestInvoker.invokeTestMethods(TestInvoker.java:147)
at org.testng.internal.TestMethodWorker.invokeTestMethods(TestMethodWorker.java:146)
at org.testng.internal.TestMethodWorker.run(TestMethodWorker.java:128)
at java.base/java.util.ArrayList.forEach(ArrayList.java:1511)
at org.testng.TestRunner.privateRun(TestRunner.java:764)
at org.testng.TestRunner.run(TestRunner.java:585)
at org.testng.SuiteRunner.runTest(SuiteRunner.java:384)
at org.testng.SuiteRunner.runSequentially(SuiteRunner.java:378)
at org.testng.SuiteRunner.privateRun(SuiteRunner.java:337)
at org.testng.SuiteRunner.run(SuiteRunner.java:286)
at org.testng.SuiteRunnerWorker.runSuite(SuiteRunnerWorker.java:53)
at org.testng.SuiteRunnerWorker.run(SuiteRunnerWorker.java:96)
at org.testng.TestNG.runSuitesSequentially(TestNG.java:1218)
at org.testng.TestNG.runSuitesLocally(TestNG.java:1140)
at org.testng.TestNG.runSuites(TestNG.java:1069)
at org.testng.TestNG.run(TestNG.java:1037)
at org.testng.remote.AbstractRemoteTestNG.run(AbstractRemoteTestNG.java:115)
at org.testng.remote.RemoteTestNG.initAndRun(RemoteTestNG.java:251)
at org.testng.remote.RemoteTestNG.main(RemoteTestNG.java:77)
]]>
    </error>
  </testcase> <!-- Reg -->
  <system-out/>
  <testcase classname="pagesTestCasesYasasiiWeb.KIMS_OPInvoiceTask_TestcaseYW" name="Reg" time="0.000">
    <skipped/>
  </testcase> <!-- Reg -->
  <system-out/>
  <testcase classname="pagesTestCasesYasasiiWeb.KIMS_OPInvoiceTask_TestcaseYW" name="Reg" time="0.000">
    <skipped/>
  </testcase> <!-- Reg -->
  <system-out/>
  <testcase classname="pagesTestCasesYasasiiWeb.KIMS_OPInvoiceTask_TestcaseYW" name="Reg" time="0.000">
    <skipped/>
  </testcase> <!-- Reg -->
  <system-out/>
  <testcase classname="pagesTestCasesYasasiiWeb.KIMS_OPInvoiceTask_TestcaseYW" name="Reg" time="0.000">
    <skipped/>
  </testcase> <!-- Reg -->
  <system-out/>
  <testcase classname="pagesTestCasesYasasiiWeb.KIMS_OPInvoiceTask_TestcaseYW" name="Reg" time="0.000">
    <skipped/>
  </testcase> <!-- Reg -->
  <system-out/>
  <testcase classname="pagesTestCasesYasasiiWeb.KIMS_OPInvoiceTask_TestcaseYW" name="Reg" time="0.000">
    <skipped/>
  </testcase> <!-- Reg -->
  <system-out/>
  <testcase classname="pagesTestCasesYasasiiWeb.KIMS_OPInvoiceTask_TestcaseYW" name="Reg" time="0.000">
    <skipped/>
  </testcase> <!-- Reg -->
  <system-out/>
  <testcase classname="pagesTestCasesYasasiiWeb.KIMS_OPInvoiceTask_TestcaseYW" name="Reg" time="0.000">
    <skipped/>
  </testcase> <!-- Reg -->
  <system-out/>
  <testcase classname="pagesTestCasesYasasiiWeb.KIMS_OPInvoiceTask_TestcaseYW" name="Reg" time="0.000">
    <skipped/>
  </testcase> <!-- Reg -->
  <system-out/>
  <testcase classname="pagesTestCasesYasasiiWeb.KIMS_OPInvoiceTask_TestcaseYW" name="Reg" time="0.000">
    <skipped/>
  </testcase> <!-- Reg -->
  <system-out/>
  <testcase classname="pagesTestCasesYasasiiWeb.KIMS_OPInvoiceTask_TestcaseYW" name="Reg" time="0.000">
    <skipped/>
  </testcase> <!-- Reg -->
  <system-out/>
  <testcase classname="pagesTestCasesYasasiiWeb.KIMS_OPInvoiceTask_TestcaseYW" name="Reg" time="0.000">
    <skipped/>
  </testcase> <!-- Reg -->
  <system-out/>
  <testcase classname="pagesTestCasesYasasiiWeb.KIMS_OPInvoiceTask_TestcaseYW" name="Reg" time="0.000">
    <skipped/>
  </testcase> <!-- Reg -->
  <system-out/>
  <testcase classname="pagesTestCasesYasasiiWeb.KIMS_OPInvoiceTask_TestcaseYW" name="Reg" time="0.000">
    <skipped/>
  </testcase> <!-- Reg -->
  <system-out/>
  <testcase classname="pagesTestCasesYasasiiWeb.KIMS_OPInvoiceTask_TestcaseYW" name="Reg" time="0.000">
    <skipped/>
  </testcase> <!-- Reg -->
  <system-out/>
  <testcase classname="pagesTestCasesYasasiiWeb.KIMS_OPInvoiceTask_TestcaseYW" name="Reg" time="0.000">
    <skipped/>
  </testcase> <!-- Reg -->
  <system-out/>
  <testcase classname="pagesTestCasesYasasiiWeb.KIMS_OPInvoiceTask_TestcaseYW" name="Reg" time="0.000">
    <skipped/>
  </testcase> <!-- Reg -->
  <system-out/>
  <testcase classname="pagesTestCasesYasasiiWeb.KIMS_OPInvoiceTask_TestcaseYW" name="Reg" time="0.000">
    <skipped/>
  </testcase> <!-- Reg -->
  <system-out/>
  <testcase classname="pagesTestCasesYasasiiWeb.KIMS_OPInvoiceTask_TestcaseYW" name="Reg" time="0.000">
    <skipped/>
  </testcase> <!-- Reg -->
  <system-out/>
  <testcase classname="pagesTestCasesYasasiiWeb.KIMS_OPInvoiceTask_TestcaseYW" name="Reg" time="0.000">
    <skipped/>
  </testcase> <!-- Reg -->
  <system-out/>
  <testcase classname="pagesTestCasesYasasiiWeb.KIMS_OPInvoiceTask_TestcaseYW" name="Reg" time="0.000">
    <skipped/>
  </testcase> <!-- Reg -->
  <system-out/>
  <testcase classname="pagesTestCasesYasasiiWeb.KIMS_OPInvoiceTask_TestcaseYW" name="Reg" time="0.000">
    <skipped/>
  </testcase> <!-- Reg -->
  <system-out/>
  <testcase classname="pagesTestCasesYasasiiWeb.KIMS_OPInvoiceTask_TestcaseYW" name="Reg" time="0.000">
    <skipped/>
  </testcase> <!-- Reg -->
  <system-out/>
  <testcase classname="pagesTestCasesYasasiiWeb.KIMS_OPInvoiceTask_TestcaseYW" name="Reg" time="146.146"/>
  <system-out/>
  <testcase classname="pagesTestCasesYasasiiWeb.KIMS_OPInvoiceTask_TestcaseYW" name="Reg" time="0.000">
    <skipped/>
  </testcase> <!-- Reg -->
  <system-out/>
  <testcase classname="pagesTestCasesYasasiiWeb.KIMS_OPInvoiceTask_TestcaseYW" name="Reg" time="0.000">
    <skipped/>
  </testcase> <!-- Reg -->
  <system-out/>
  <testcase classname="pagesTestCasesYasasiiWeb.KIMS_OPInvoiceTask_TestcaseYW" name="Reg" time="0.000">
    <skipped/>
  </testcase> <!-- Reg -->
  <system-out/>
  <testcase classname="pagesTestCasesYasasiiWeb.KIMS_OPInvoiceTask_TestcaseYW" name="Reg" time="0.000">
    <skipped/>
  </testcase> <!-- Reg -->
  <system-out/>
  <testcase classname="pagesTestCasesYasasiiWeb.KIMS_OPInvoiceTask_TestcaseYW" name="Reg" time="0.000">
    <skipped/>
  </testcase> <!-- Reg -->
  <system-out/>
  <testcase classname="pagesTestCasesYasasiiWeb.KIMS_OPInvoiceTask_TestcaseYW" name="Reg" time="0.000">
    <skipped/>
  </testcase> <!-- Reg -->
  <system-out/>
  <testcase classname="pagesTestCasesYasasiiWeb.KIMS_OPInvoiceTask_TestcaseYW" name="Reg" time="0.000">
    <skipped/>
  </testcase> <!-- Reg -->
  <system-out/>
  <testcase classname="pagesTestCasesYasasiiWeb.KIMS_OPInvoiceTask_TestcaseYW" name="Reg" time="0.000">
    <skipped/>
  </testcase> <!-- Reg -->
  <system-out/>
  <testcase classname="pagesTestCasesYasasiiWeb.KIMS_OPInvoiceTask_TestcaseYW" name="Reg" time="0.000">
    <skipped/>
  </testcase> <!-- Reg -->
  <system-out/>
  <testcase classname="pagesTestCasesYasasiiWeb.KIMS_OPInvoiceTask_TestcaseYW" name="Reg" time="0.000">
    <skipped/>
  </testcase> <!-- Reg -->
  <system-out/>
  <testcase classname="pagesTestCasesYasasiiWeb.KIMS_OPInvoiceTask_TestcaseYW" name="Reg" time="0.000">
    <skipped/>
  </testcase> <!-- Reg -->
  <system-out/>
  <testcase classname="pagesTestCasesYasasiiWeb.KIMS_OPInvoiceTask_TestcaseYW" name="Reg" time="0.000">
    <skipped/>
  </testcase> <!-- Reg -->
  <system-out/>
  <testcase classname="pagesTestCasesYasasiiWeb.KIMS_OPInvoiceTask_TestcaseYW" name="Reg" time="0.000">
    <skipped/>
  </testcase> <!-- Reg -->
  <system-out/>
  <testcase classname="pagesTestCasesYasasiiWeb.KIMS_OPInvoiceTask_TestcaseYW" name="Reg" time="0.000">
    <skipped/>
  </testcase> <!-- Reg -->
  <system-out/>
  <testcase classname="pagesTestCasesYasasiiWeb.KIMS_OPInvoiceTask_TestcaseYW" name="Reg" time="145.592"/>
  <system-out/>
  <testcase classname="pagesTestCasesYasasiiWeb.KIMS_OPInvoiceTask_TestcaseYW" name="Reg" time="0.000">
    <skipped/>
  </testcase> <!-- Reg -->
  <system-out/>
  <testcase classname="pagesTestCasesYasasiiWeb.KIMS_OPInvoiceTask_TestcaseYW" name="Reg" time="0.000">
    <skipped/>
  </testcase> <!-- Reg -->
  <system-out/>
  <testcase classname="pagesTestCasesYasasiiWeb.KIMS_OPInvoiceTask_TestcaseYW" name="Reg" time="0.000">
    <skipped/>
  </testcase> <!-- Reg -->
  <system-out/>
  <testcase classname="pagesTestCasesYasasiiWeb.KIMS_OPInvoiceTask_TestcaseYW" name="Reg" time="0.000">
    <skipped/>
  </testcase> <!-- Reg -->
  <system-out/>
  <testcase classname="pagesTestCasesYasasiiWeb.KIMS_OPInvoiceTask_TestcaseYW" name="Reg" time="0.000">
    <skipped/>
  </testcase> <!-- Reg -->
  <system-out/>
  <testcase classname="pagesTestCasesYasasiiWeb.KIMS_OPInvoiceTask_TestcaseYW" name="Reg" time="0.000">
    <skipped/>
  </testcase> <!-- Reg -->
  <system-out/>
  <testcase classname="pagesTestCasesYasasiiWeb.KIMS_OPInvoiceTask_TestcaseYW" name="Reg" time="0.000">
    <skipped/>
  </testcase> <!-- Reg -->
  <system-out/>
  <testcase classname="pagesTestCasesYasasiiWeb.KIMS_OPInvoiceTask_TestcaseYW" name="Reg" time="0.000">
    <skipped/>
  </testcase> <!-- Reg -->
  <system-out/>
  <testcase classname="pagesTestCasesYasasiiWeb.KIMS_OPInvoiceTask_TestcaseYW" name="Reg" time="145.663"/>
  <system-out/>
  <testcase classname="pagesTestCasesYasasiiWeb.KIMS_OPInvoiceTask_TestcaseYW" name="Reg" time="0.000">
    <skipped/>
  </testcase> <!-- Reg -->
  <system-out/>
  <testcase classname="pagesTestCasesYasasiiWeb.KIMS_OPInvoiceTask_TestcaseYW" name="Reg" time="0.000">
    <skipped/>
  </testcase> <!-- Reg -->
  <system-out/>
  <testcase classname="pagesTestCasesYasasiiWeb.KIMS_OPInvoiceTask_TestcaseYW" name="Reg" time="0.000">
    <skipped/>
  </testcase> <!-- Reg -->
  <system-out/>
  <testcase classname="pagesTestCasesYasasiiWeb.KIMS_OPInvoiceTask_TestcaseYW" name="Reg" time="0.000">
    <skipped/>
  </testcase> <!-- Reg -->
  <system-out/>
  <testcase classname="pagesTestCasesYasasiiWeb.KIMS_OPInvoiceTask_TestcaseYW" name="Reg" time="0.000">
    <skipped/>
  </testcase> <!-- Reg -->
  <system-out/>
  <testcase classname="pagesTestCasesYasasiiWeb.KIMS_OPInvoiceTask_TestcaseYW" name="Reg" time="155.185"/>
  <system-out/>
  <testcase classname="pagesTestCasesYasasiiWeb.KIMS_OPInvoiceTask_TestcaseYW" name="Reg" time="0.000">
    <skipped/>
  </testcase> <!-- Reg -->
  <system-out/>
  <testcase classname="pagesTestCasesYasasiiWeb.KIMS_OPInvoiceTask_TestcaseYW" name="Reg" time="0.000">
    <skipped/>
  </testcase> <!-- Reg -->
  <system-out/>
  <testcase classname="pagesTestCasesYasasiiWeb.KIMS_OPInvoiceTask_TestcaseYW" name="Reg" time="0.000">
    <skipped/>
  </testcase> <!-- Reg -->
  <system-out/>
  <testcase classname="pagesTestCasesYasasiiWeb.KIMS_OPInvoiceTask_TestcaseYW" name="Reg" time="0.000">
    <skipped/>
  </testcase> <!-- Reg -->
  <system-out/>
  <testcase classname="pagesTestCasesYasasiiWeb.KIMS_OPInvoiceTask_TestcaseYW" name="Reg" time="0.000">
    <skipped/>
  </testcase> <!-- Reg -->
  <system-out/>
  <testcase classname="pagesTestCasesYasasiiWeb.KIMS_OPInvoiceTask_TestcaseYW" name="Reg" time="0.000">
    <skipped/>
  </testcase> <!-- Reg -->
  <system-out/>
  <testcase classname="pagesTestCasesYasasiiWeb.KIMS_OPInvoiceTask_TestcaseYW" name="Reg" time="0.000">
    <skipped/>
  </testcase> <!-- Reg -->
  <system-out/>
  <testcase classname="pagesTestCasesYasasiiWeb.KIMS_OPInvoiceTask_TestcaseYW" name="Reg" time="0.001">
    <skipped/>
  </testcase> <!-- Reg -->
  <system-out/>
  <testcase classname="pagesTestCasesYasasiiWeb.KIMS_OPInvoiceTask_TestcaseYW" name="Reg" time="0.000">
    <skipped/>
  </testcase> <!-- Reg -->
  <system-out/>
  <testcase classname="pagesTestCasesYasasiiWeb.KIMS_OPInvoiceTask_TestcaseYW" name="Reg" time="0.000">
    <skipped/>
  </testcase> <!-- Reg -->
  <system-out/>
  <testcase classname="pagesTestCasesYasasiiWeb.KIMS_OPInvoiceTask_TestcaseYW" name="Reg" time="0.000">
    <skipped/>
  </testcase> <!-- Reg -->
  <system-out/>
  <testcase classname="pagesTestCasesYasasiiWeb.KIMS_OPInvoiceTask_TestcaseYW" name="Reg" time="0.000">
    <skipped/>
  </testcase> <!-- Reg -->
  <system-out/>
  <testcase classname="pagesTestCasesYasasiiWeb.KIMS_OPInvoiceTask_TestcaseYW" name="Reg" time="0.000">
    <skipped/>
  </testcase> <!-- Reg -->
  <system-out/>
  <testcase classname="pagesTestCasesYasasiiWeb.KIMS_OPInvoiceTask_TestcaseYW" name="Reg" time="0.000">
    <skipped/>
  </testcase> <!-- Reg -->
  <system-out/>
  <testcase classname="pagesTestCasesYasasiiWeb.KIMS_OPInvoiceTask_TestcaseYW" name="Reg" time="0.000">
    <skipped/>
  </testcase> <!-- Reg -->
  <system-out/>
  <testcase classname="pagesTestCasesYasasiiWeb.KIMS_OPInvoiceTask_TestcaseYW" name="Reg" time="0.000">
    <skipped/>
  </testcase> <!-- Reg -->
  <system-out/>
  <testcase classname="pagesTestCasesYasasiiWeb.KIMS_OPInvoiceTask_TestcaseYW" name="Reg" time="0.000">
    <skipped/>
  </testcase> <!-- Reg -->
  <system-out/>
  <testcase classname="pagesTestCasesYasasiiWeb.KIMS_OPInvoiceTask_TestcaseYW" name="Reg" time="0.000">
    <skipped/>
  </testcase> <!-- Reg -->
  <system-out/>
  <testcase classname="pagesTestCasesYasasiiWeb.KIMS_OPInvoiceTask_TestcaseYW" name="Reg" time="0.000">
    <skipped/>
  </testcase> <!-- Reg -->
  <system-out/>
  <testcase classname="pagesTestCasesYasasiiWeb.KIMS_OPInvoiceTask_TestcaseYW" name="Reg" time="0.000">
    <skipped/>
  </testcase> <!-- Reg -->
  <system-out/>
  <testcase classname="pagesTestCasesYasasiiWeb.KIMS_OPInvoiceTask_TestcaseYW" name="Reg" time="0.000">
    <skipped/>
  </testcase> <!-- Reg -->
  <system-out/>
  <testcase classname="pagesTestCasesYasasiiWeb.KIMS_OPInvoiceTask_TestcaseYW" name="Reg" time="0.000">
    <skipped/>
  </testcase> <!-- Reg -->
  <system-out/>
  <testcase classname="pagesTestCasesYasasiiWeb.KIMS_OPInvoiceTask_TestcaseYW" name="Reg" time="0.000">
    <skipped/>
  </testcase> <!-- Reg -->
  <system-out/>
  <testcase classname="pagesTestCasesYasasiiWeb.KIMS_OPInvoiceTask_TestcaseYW" name="Reg" time="0.000">
    <skipped/>
  </testcase> <!-- Reg -->
  <system-out/>
  <testcase classname="pagesTestCasesYasasiiWeb.KIMS_OPInvoiceTask_TestcaseYW" name="Reg" time="0.000">
    <skipped/>
  </testcase> <!-- Reg -->
  <system-out/>
  <testcase classname="pagesTestCasesYasasiiWeb.KIMS_OPInvoiceTask_TestcaseYW" name="Reg" time="0.000">
    <skipped/>
  </testcase> <!-- Reg -->
  <system-out/>
  <testcase classname="pagesTestCasesYasasiiWeb.KIMS_OPInvoiceTask_TestcaseYW" name="Reg" time="153.913"/>
  <system-out/>
  <testcase classname="pagesTestCasesYasasiiWeb.KIMS_OPInvoiceTask_TestcaseYW" name="Reg" time="0.000">
    <skipped/>
  </testcase> <!-- Reg -->
  <system-out/>
  <testcase classname="pagesTestCasesYasasiiWeb.KIMS_OPInvoiceTask_TestcaseYW" name="Reg" time="0.000">
    <skipped/>
  </testcase> <!-- Reg -->
  <system-out/>
  <testcase classname="pagesTestCasesYasasiiWeb.KIMS_OPInvoiceTask_TestcaseYW" name="Reg" time="0.000">
    <skipped/>
  </testcase> <!-- Reg -->
  <system-out/>
  <testcase classname="pagesTestCasesYasasiiWeb.KIMS_OPInvoiceTask_TestcaseYW" name="Reg" time="0.000">
    <skipped/>
  </testcase> <!-- Reg -->
  <system-out/>
  <testcase classname="pagesTestCasesYasasiiWeb.KIMS_OPInvoiceTask_TestcaseYW" name="Reg" time="0.000">
    <skipped/>
  </testcase> <!-- Reg -->
  <system-out/>
  <testcase classname="pagesTestCasesYasasiiWeb.KIMS_OPInvoiceTask_TestcaseYW" name="Reg" time="0.000">
    <skipped/>
  </testcase> <!-- Reg -->
  <system-out/>
  <testcase classname="pagesTestCasesYasasiiWeb.KIMS_OPInvoiceTask_TestcaseYW" name="Reg" time="0.000">
    <skipped/>
  </testcase> <!-- Reg -->
  <system-out/>
  <testcase classname="pagesTestCasesYasasiiWeb.KIMS_OPInvoiceTask_TestcaseYW" name="Reg" time="0.000">
    <skipped/>
  </testcase> <!-- Reg -->
  <system-out/>
  <testcase classname="pagesTestCasesYasasiiWeb.KIMS_OPInvoiceTask_TestcaseYW" name="Reg" time="0.000">
    <skipped/>
  </testcase> <!-- Reg -->
  <system-out/>
  <testcase classname="pagesTestCasesYasasiiWeb.KIMS_OPInvoiceTask_TestcaseYW" name="Reg" time="0.000">
    <skipped/>
  </testcase> <!-- Reg -->
  <system-out/>
  <testcase classname="pagesTestCasesYasasiiWeb.KIMS_OPInvoiceTask_TestcaseYW" name="Reg" time="0.000">
    <skipped/>
  </testcase> <!-- Reg -->
  <system-out/>
  <testcase classname="pagesTestCasesYasasiiWeb.KIMS_OPInvoiceTask_TestcaseYW" name="Reg" time="0.000">
    <skipped/>
  </testcase> <!-- Reg -->
  <system-out/>
  <testcase classname="pagesTestCasesYasasiiWeb.KIMS_OPInvoiceTask_TestcaseYW" name="Reg" time="0.000">
    <skipped/>
  </testcase> <!-- Reg -->
  <system-out/>
  <testcase classname="pagesTestCasesYasasiiWeb.KIMS_OPInvoiceTask_TestcaseYW" name="Reg" time="0.000">
    <skipped/>
  </testcase> <!-- Reg -->
  <system-out/>
  <testcase classname="pagesTestCasesYasasiiWeb.KIMS_OPInvoiceTask_TestcaseYW" name="Reg" time="150.574"/>
  <system-out/>
  <testcase classname="pagesTestCasesYasasiiWeb.KIMS_OPInvoiceTask_TestcaseYW" name="Reg" time="0.000">
    <skipped/>
  </testcase> <!-- Reg -->
  <system-out/>
  <testcase classname="pagesTestCasesYasasiiWeb.KIMS_OPInvoiceTask_TestcaseYW" name="teardown" time="0.005">
    <error message="disconnected: not connected to DevTools
  (failed to check if window was closed: disconnected: not connected to DevTools)
  (Session info: chrome=120.0.6099.217)
Build info: version: &#039;4.11.0&#039;, revision: &#039;040bc5406b&#039;
System info: os.name: &#039;Windows 10&#039;, os.arch: &#039;amd64&#039;, os.version: &#039;10.0&#039;, java.version: &#039;17.0.7&#039;
Driver info: org.openqa.selenium.chrome.ChromeDriver
Command: [a5423fabe4265fafec3dd0c017f65c37, close {}]
Capabilities {acceptInsecureCerts: false, browserName: chrome, browserVersion: 120.0.6099.217, chrome: {chromedriverVersion: 119.0.6045.105 (38c72552c5e..., userDataDir: C:\Users\sriram\AppData\Loc...}, fedcm:accounts: true, goog:chromeOptions: {debuggerAddress: localhost:55169}, networkConnectionEnabled: false, pageLoadStrategy: normal, platformName: windows, proxy: Proxy(), se:cdp: ws://localhost:55169/devtoo..., se:cdpVersion: 120.0.6099.217, setWindowRect: true, strictFileInteractability: false, timeouts: {implicit: 0, pageLoad: 300000, script: 30000}, unhandledPromptBehavior: dismiss and notify, webauthn:extension:credBlob: true, webauthn:extension:largeBlob: true, webauthn:extension:minPinLength: true, webauthn:extension:prf: true, webauthn:virtualAuthenticators: true}
Session ID: a5423fabe4265fafec3dd0c017f65c37" type="org.openqa.selenium.WebDriverException">
      <![CDATA[org.openqa.selenium.WebDriverException: disconnected: not connected to DevTools
  (failed to check if window was closed: disconnected: not connected to DevTools)
  (Session info: chrome=120.0.6099.217)
Build info: version: '4.11.0', revision: '040bc5406b'
System info: os.name: 'Windows 10', os.arch: 'amd64', os.version: '10.0', java.version: '17.0.7'
Driver info: org.openqa.selenium.chrome.ChromeDriver
Command: [a5423fabe4265fafec3dd0c017f65c37, close {}]
Capabilities {acceptInsecureCerts: false, browserName: chrome, browserVersion: 120.0.6099.217, chrome: {chromedriverVersion: 119.0.6045.105 (38c72552c5e..., userDataDir: C:\Users\sriram\AppData\Loc...}, fedcm:accounts: true, goog:chromeOptions: {debuggerAddress: localhost:55169}, networkConnectionEnabled: false, pageLoadStrategy: normal, platformName: windows, proxy: Proxy(), se:cdp: ws://localhost:55169/devtoo..., se:cdpVersion: 120.0.6099.217, setWindowRect: true, strictFileInteractability: false, timeouts: {implicit: 0, pageLoad: 300000, script: 30000}, unhandledPromptBehavior: dismiss and notify, webauthn:extension:credBlob: true, webauthn:extension:largeBlob: true, webauthn:extension:minPinLength: true, webauthn:extension:prf: true, webauthn:virtualAuthenticators: true}
Session ID: a5423fabe4265fafec3dd0c017f65c37
at java.base/jdk.internal.reflect.NativeConstructorAccessorImpl.newInstance0(Native Method)
at java.base/jdk.internal.reflect.NativeConstructorAccessorImpl.newInstance(NativeConstructorAccessorImpl.java:77)
at java.base/jdk.internal.reflect.DelegatingConstructorAccessorImpl.newInstance(DelegatingConstructorAccessorImpl.java:45)
at java.base/java.lang.reflect.Constructor.newInstanceWithCaller(Constructor.java:499)
at java.base/java.lang.reflect.Constructor.newInstance(Constructor.java:480)
at org.openqa.selenium.remote.codec.w3c.W3CHttpResponseCodec.createException(W3CHttpResponseCodec.java:200)
at org.openqa.selenium.remote.codec.w3c.W3CHttpResponseCodec.decode(W3CHttpResponseCodec.java:133)
at org.openqa.selenium.remote.codec.w3c.W3CHttpResponseCodec.decode(W3CHttpResponseCodec.java:52)
at org.openqa.selenium.remote.HttpCommandExecutor.execute(HttpCommandExecutor.java:191)
at org.openqa.selenium.remote.service.DriverCommandExecutor.invokeExecute(DriverCommandExecutor.java:196)
at org.openqa.selenium.remote.service.DriverCommandExecutor.execute(DriverCommandExecutor.java:171)
at org.openqa.selenium.remote.RemoteWebDriver.execute(RemoteWebDriver.java:518)
at org.openqa.selenium.remote.RemoteWebDriver.execute(RemoteWebDriver.java:591)
at org.openqa.selenium.remote.RemoteWebDriver.execute(RemoteWebDriver.java:595)
at org.openqa.selenium.remote.RemoteWebDriver.close(RemoteWebDriver.java:405)
at com.baseYasasiiWeb.TestBaseYasasiiWeb.teardown(TestBaseYasasiiWeb.java:225)
at java.base/jdk.internal.reflect.NativeMethodAccessorImpl.invoke0(Native Method)
at java.base/jdk.internal.reflect.NativeMethodAccessorImpl.invoke(NativeMethodAccessorImpl.java:77)
at java.base/jdk.internal.reflect.DelegatingMethodAccessorImpl.invoke(DelegatingMethodAccessorImpl.java:43)
at java.base/java.lang.reflect.Method.invoke(Method.java:568)
at org.testng.internal.MethodInvocationHelper.invokeMethod(MethodInvocationHelper.java:132)
at org.testng.internal.MethodInvocationHelper.invokeMethodConsideringTimeout(MethodInvocationHelper.java:61)
at org.testng.internal.ConfigInvoker.invokeConfigurationMethod(ConfigInvoker.java:366)
at org.testng.internal.ConfigInvoker.invokeConfigurations(ConfigInvoker.java:320)
at org.testng.SuiteRunner.privateRun(SuiteRunner.java:351)
at org.testng.SuiteRunner.run(SuiteRunner.java:286)
at org.testng.SuiteRunnerWorker.runSuite(SuiteRunnerWorker.java:53)
at org.testng.SuiteRunnerWorker.run(SuiteRunnerWorker.java:96)
at org.testng.TestNG.runSuitesSequentially(TestNG.java:1218)
at org.testng.TestNG.runSuitesLocally(TestNG.java:1140)
at org.testng.TestNG.runSuites(TestNG.java:1069)
at org.testng.TestNG.run(TestNG.java:1037)
at org.testng.remote.AbstractRemoteTestNG.run(AbstractRemoteTestNG.java:115)
at org.testng.remote.RemoteTestNG.initAndRun(RemoteTestNG.java:251)
at org.testng.remote.RemoteTestNG.main(RemoteTestNG.java:77)
]]>
    </error>
  </testcase> <!-- teardown -->
  <system-out/>
  <testcase classname="pagesTestCasesYasasiiWeb.KIMS_OPInvoiceTask_TestcaseYW" name="Reg" time="0.000">
    <skipped/>
  </testcase> <!-- Reg -->
  <system-out/>
  <testcase classname="pagesTestCasesYasasiiWeb.KIMS_OPInvoiceTask_TestcaseYW" name="Reg" time="0.000">
    <skipped/>
  </testcase> <!-- Reg -->
  <system-out/>
  <testcase classname="pagesTestCasesYasasiiWeb.KIMS_OPInvoiceTask_TestcaseYW" name="Reg" time="0.000">
    <skipped/>
  </testcase> <!-- Reg -->
  <system-out/>
  <testcase classname="pagesTestCasesYasasiiWeb.KIMS_OPInvoiceTask_TestcaseYW" name="Reg" time="0.000">
    <skipped/>
  </testcase> <!-- Reg -->
  <system-out/>
</testsuite> <!-- pagesTestCasesYasasiiWeb.KIMS_OPInvoiceTask_TestcaseYW -->
